<?xml version="1.0" encoding="UTF-8"?>
<testsuite name="com.chahoo.u4d.api.buildInfo.BuildInfoControllerTest" time="0.001" tests="6" errors="6" skipped="0" failures="0">
  <properties>
    <property name="idea.version" value="15.0.6"/>
    <property name="java.runtime.name" value="Java(TM) SE Runtime Environment"/>
    <property name="sun.boot.library.path" value="C:\Program Files\Java\jdk1.8.0_111\jre\bin"/>
    <property name="java.vm.version" value="25.111-b14"/>
    <property name="java.vm.vendor" value="Oracle Corporation"/>
    <property name="java.vendor.url" value="http://java.oracle.com/"/>
    <property name="path.separator" value=";"/>
    <property name="guice.disable.misplaced.annotation.check" value="true"/>
    <property name="java.vm.name" value="Java HotSpot(TM) 64-Bit Server VM"/>
    <property name="file.encoding.pkg" value="sun.io"/>
    <property name="idea.launcher.port" value="7535"/>
    <property name="user.script" value=""/>
    <property name="user.country" value="KR"/>
    <property name="sun.java.launcher" value="SUN_STANDARD"/>
    <property name="sun.os.patch.level" value=""/>
    <property name="java.vm.specification.name" value="Java Virtual Machine Specification"/>
    <property name="user.dir" value="D:\workspace_sts\Line"/>
    <property name="java.runtime.version" value="1.8.0_111-b14"/>
    <property name="java.awt.graphicsenv" value="sun.awt.Win32GraphicsEnvironment"/>
    <property name="java.endorsed.dirs" value="C:\Program Files\Java\jdk1.8.0_111\jre\lib\endorsed"/>
    <property name="os.arch" value="amd64"/>
    <property name="java.io.tmpdir" value="C:\Users\jjryu\AppData\Local\Temp\"/>
    <property name="line.separator" value="&#10;"/>
    <property name="java.vm.specification.vendor" value="Oracle Corporation"/>
    <property name="user.variant" value=""/>
    <property name="os.name" value="Windows 10"/>
    <property name="classworlds.conf" value="C:\Program Files (x86)\JetBrains\IntelliJ IDEA 15.0.6\plugins\maven\lib\maven3\bin\m2.conf"/>
    <property name="sun.jnu.encoding" value="MS949"/>
    <property name="java.library.path" value="C:\Program Files\Java\jdk1.8.0_111\bin;C:\WINDOWS\Sun\Java\bin;C:\WINDOWS\system32;C:\WINDOWS;C:\ProgramData\Oracle\Java\javapath;C:\Program Files (x86)\Intel\iCLS Client\;C:\Program Files\Intel\iCLS Client\;C:\windows\system32;C:\windows;C:\windows\System32\Wbem;C:\windows\System32\WindowsPowerShell\v1.0\;C:\Program Files (x86)\Intel\Intel(R) Management Engine Components\DAL;C:\Program Files\Intel\Intel(R) Management Engine Components\DAL;C:\Program Files (x86)\Intel\Intel(R) Management Engine Components\IPT;C:\Program Files\Intel\Intel(R) Management Engine Components\IPT;C:\Program Files (x86)\NVIDIA Corporation\PhysX\Common;C:\Program Files\Git\cmd;C:\WINDOWS\system32;C:\WINDOWS;C:\WINDOWS\System32\Wbem;C:\WINDOWS\System32\WindowsPowerShell\v1.0\;C:\Program Files\nodejs\;C:\Program Files\Intel\WiFi\bin\;C:\Program Files\Common Files\Intel\WirelessCommon\;C:\Program Files\PostgreSQL\pg96\bin;C:\Program Files (x86)\Boundless\OpenGeo\jetty\jre\bin;C:\Program Files (x86)\Boundless\OpenGeo\bin;C:\Program Files (x86)\Boundless\OpenGeo\sdk\bin;C:\Program Files (x86)\Boundless\OpenGeo\pgsql\bin;D:\sencha;D:\sencha\senchaCmd;C:\Program Files\Bandizip\7z;C:\Users\jjryu\AppData\Local\Microsoft\WindowsApps;C:\Users\jjryu\AppData\Roaming\npm;C:\Program Files (x86)\Microsoft VS Code\bin;."/>
    <property name="java.specification.name" value="Java Platform API Specification"/>
    <property name="java.class.version" value="52.0"/>
    <property name="sun.management.compiler" value="HotSpot 64-Bit Tiered Compilers"/>
    <property name="os.version" value="10.0"/>
    <property name="user.home" value="C:\Users\jjryu"/>
    <property name="user.timezone" value="GMT+09:00"/>
    <property name="java.awt.printerjob" value="sun.awt.windows.WPrinterJob"/>
    <property name="java.specification.version" value="1.8"/>
    <property name="idea.launcher.bin.path" value="C:\Program Files (x86)\JetBrains\IntelliJ IDEA 15.0.6\bin"/>
    <property name="file.encoding" value="UTF-8"/>
    <property name="user.name" value="jjryu"/>
    <property name="java.class.path" value="C:\Program Files (x86)\JetBrains\IntelliJ IDEA 15.0.6\plugins\maven\lib\maven3\boot\plexus-classworlds-2.4.jar;C:\Program Files (x86)\JetBrains\IntelliJ IDEA 15.0.6\lib\idea_rt.jar"/>
    <property name="java.vm.specification.version" value="1.8"/>
    <property name="sun.arch.data.model" value="64"/>
    <property name="java.home" value="C:\Program Files\Java\jdk1.8.0_111\jre"/>
    <property name="sun.java.command" value="com.intellij.rt.execution.application.AppMain org.codehaus.classworlds.Launcher -Didea.version=15.0.6 package"/>
    <property name="java.specification.vendor" value="Oracle Corporation"/>
    <property name="user.language" value="ko"/>
    <property name="awt.toolkit" value="sun.awt.windows.WToolkit"/>
    <property name="java.vm.info" value="mixed mode"/>
    <property name="java.version" value="1.8.0_111"/>
    <property name="java.ext.dirs" value="C:\Program Files\Java\jdk1.8.0_111\jre\lib\ext;C:\WINDOWS\Sun\Java\lib\ext"/>
    <property name="sun.boot.class.path" value="C:\Program Files\Java\jdk1.8.0_111\jre\lib\resources.jar;C:\Program Files\Java\jdk1.8.0_111\jre\lib\rt.jar;C:\Program Files\Java\jdk1.8.0_111\jre\lib\sunrsasign.jar;C:\Program Files\Java\jdk1.8.0_111\jre\lib\jsse.jar;C:\Program Files\Java\jdk1.8.0_111\jre\lib\jce.jar;C:\Program Files\Java\jdk1.8.0_111\jre\lib\charsets.jar;C:\Program Files\Java\jdk1.8.0_111\jre\lib\jfr.jar;C:\Program Files\Java\jdk1.8.0_111\jre\classes"/>
    <property name="java.vendor" value="Oracle Corporation"/>
    <property name="maven.home" value="C:\Program Files (x86)\JetBrains\IntelliJ IDEA 15.0.6\plugins\maven\lib\maven3"/>
    <property name="file.separator" value="\"/>
    <property name="java.vendor.url.bug" value="http://bugreport.sun.com/bugreport/"/>
    <property name="sun.cpu.endian" value="little"/>
    <property name="sun.io.unicode.encoding" value="UnicodeLittle"/>
    <property name="sun.desktop" value="windows"/>
    <property name="sun.cpu.isalist" value="amd64"/>
  </properties>
  <testcase name="testHandleException" classname="com.chahoo.u4d.api.buildInfo.BuildInfoControllerTest" time="0">
    <error message="com.fasterxml.classmate.TypeBindings.withAdditionalBinding(Ljava/lang/String;Lcom/fasterxml/classmate/ResolvedType;)Lcom/fasterxml/classmate/TypeBindings;" type="java.lang.NoSuchMethodError">java.lang.NoSuchMethodError: com.fasterxml.classmate.TypeBindings.withAdditionalBinding(Ljava/lang/String;Lcom/fasterxml/classmate/ResolvedType;)Lcom/fasterxml/classmate/TypeBindings;
	at springfox.documentation.schema.WildcardType.adjustedTypeBindings(WildcardType.java:137)
	at springfox.documentation.schema.WildcardType.breadthFirstSearch(WildcardType.java:117)
	at springfox.documentation.schema.WildcardType.collectReplaceables(WildcardType.java:74)
	at springfox.documentation.schema.AlternateTypeRule.alternateFor(AlternateTypeRule.java:50)
	at springfox.documentation.spi.schema.AlternateTypeProvider.alternateFor(AlternateTypeProvider.java:44)
	at springfox.documentation.spi.service.contexts.RequestMappingContext.alternateFor(RequestMappingContext.java:118)
	at springfox.documentation.spring.web.readers.operation.OperationModelsProvider.collectFromReturnType(OperationModelsProvider.java:70)
	at springfox.documentation.spring.web.readers.operation.OperationModelsProvider.apply(OperationModelsProvider.java:59)
	at springfox.documentation.spring.web.plugins.DocumentationPluginsManager.modelContexts(DocumentationPluginsManager.java:129)
	at springfox.documentation.spring.web.scanners.ApiModelReader.read(ApiModelReader.java:62)
	at springfox.documentation.spring.web.scanners.ApiListingScanner.scan(ApiListingScanner.java:91)
	at springfox.documentation.spring.web.scanners.ApiDocumentationScanner.scan(ApiDocumentationScanner.java:62)
	at springfox.documentation.spring.web.plugins.DocumentationPluginsBootstrapper.scanDocumentation(DocumentationPluginsBootstrapper.java:101)
	at springfox.documentation.spring.web.plugins.DocumentationPluginsBootstrapper.onApplicationEvent(DocumentationPluginsBootstrapper.java:87)
	at springfox.documentation.spring.web.plugins.DocumentationPluginsBootstrapper.onApplicationEvent(DocumentationPluginsBootstrapper.java:50)
	at org.springframework.context.event.SimpleApplicationEventMulticaster.invokeListener(SimpleApplicationEventMulticaster.java:167)
	at org.springframework.context.event.SimpleApplicationEventMulticaster.multicastEvent(SimpleApplicationEventMulticaster.java:139)
	at org.springframework.context.support.AbstractApplicationContext.publishEvent(AbstractApplicationContext.java:383)
	at org.springframework.context.support.AbstractApplicationContext.publishEvent(AbstractApplicationContext.java:337)
	at org.springframework.context.support.AbstractApplicationContext.finishRefresh(AbstractApplicationContext.java:882)
	at org.springframework.context.support.AbstractApplicationContext.refresh(AbstractApplicationContext.java:545)
	at org.springframework.boot.SpringApplication.refresh(SpringApplication.java:737)
	at org.springframework.boot.SpringApplication.refreshContext(SpringApplication.java:370)
	at org.springframework.boot.SpringApplication.run(SpringApplication.java:314)
	at org.springframework.boot.test.context.SpringBootContextLoader.loadContext(SpringBootContextLoader.java:120)
	at org.springframework.test.context.cache.DefaultCacheAwareContextLoaderDelegate.loadContextInternal(DefaultCacheAwareContextLoaderDelegate.java:98)
	at org.springframework.test.context.cache.DefaultCacheAwareContextLoaderDelegate.loadContext(DefaultCacheAwareContextLoaderDelegate.java:116)
	at org.springframework.test.context.support.DefaultTestContext.getApplicationContext(DefaultTestContext.java:83)
	at org.springframework.test.context.web.ServletTestExecutionListener.setUpRequestContextIfNecessary(ServletTestExecutionListener.java:189)
	at org.springframework.test.context.web.ServletTestExecutionListener.prepareTestInstance(ServletTestExecutionListener.java:131)
	at org.springframework.test.context.TestContextManager.prepareTestInstance(TestContextManager.java:230)
	at org.springframework.test.context.junit4.SpringJUnit4ClassRunner.createTest(SpringJUnit4ClassRunner.java:228)
	at org.springframework.test.context.junit4.SpringJUnit4ClassRunner$1.runReflectiveCall(SpringJUnit4ClassRunner.java:287)
	at org.junit.internal.runners.model.ReflectiveCallable.run(ReflectiveCallable.java:12)
	at org.springframework.test.context.junit4.SpringJUnit4ClassRunner.methodBlock(SpringJUnit4ClassRunner.java:289)
	at org.springframework.test.context.junit4.SpringJUnit4ClassRunner.runChild(SpringJUnit4ClassRunner.java:247)
	at org.springframework.test.context.junit4.SpringJUnit4ClassRunner.runChild(SpringJUnit4ClassRunner.java:94)
	at org.junit.runners.ParentRunner$3.run(ParentRunner.java:290)
	at org.junit.runners.ParentRunner$1.schedule(ParentRunner.java:71)
	at org.junit.runners.ParentRunner.runChildren(ParentRunner.java:288)
	at org.junit.runners.ParentRunner.access$000(ParentRunner.java:58)
	at org.junit.runners.ParentRunner$2.evaluate(ParentRunner.java:268)
	at org.springframework.test.context.junit4.statements.RunBeforeTestClassCallbacks.evaluate(RunBeforeTestClassCallbacks.java:61)
	at org.springframework.test.context.junit4.statements.RunAfterTestClassCallbacks.evaluate(RunAfterTestClassCallbacks.java:70)
	at org.junit.runners.ParentRunner.run(ParentRunner.java:363)
	at org.springframework.test.context.junit4.SpringJUnit4ClassRunner.run(SpringJUnit4ClassRunner.java:191)
	at org.apache.maven.surefire.junit4.JUnit4Provider.execute(JUnit4Provider.java:283)
	at org.apache.maven.surefire.junit4.JUnit4Provider.executeWithRerun(JUnit4Provider.java:173)
	at org.apache.maven.surefire.junit4.JUnit4Provider.executeTestSet(JUnit4Provider.java:153)
	at org.apache.maven.surefire.junit4.JUnit4Provider.invoke(JUnit4Provider.java:128)
	at org.apache.maven.surefire.booter.ForkedBooter.invokeProviderInSameClassLoader(ForkedBooter.java:203)
	at org.apache.maven.surefire.booter.ForkedBooter.runSuitesInProcess(ForkedBooter.java:155)
	at org.apache.maven.surefire.booter.ForkedBooter.main(ForkedBooter.java:103)
</error>
    <system-out><![CDATA[2017-02-22 09:14:13.005  INFO 69668 --- [           main] .b.t.c.SpringBootTestContextBootstrapper : Neither @ContextConfiguration nor @ContextHierarchy found for test class [com.chahoo.u4d.api.buildInfo.BuildInfoControllerTest], using SpringBootContextLoader
2017-02-22 09:14:13.005  INFO 69668 --- [           main] o.s.t.c.support.AbstractContextLoader    : Could not detect default resource locations for test class [com.chahoo.u4d.api.buildInfo.BuildInfoControllerTest]: no resource found for suffixes {-context.xml, Context.groovy}.
2017-02-22 09:14:13.015  INFO 69668 --- [           main] .b.t.c.SpringBootTestContextBootstrapper : Loaded default TestExecutionListener class names from location [META-INF/spring.factories]: [org.springframework.boot.test.mock.mockito.MockitoTestExecutionListener, org.springframework.boot.test.mock.mockito.ResetMocksTestExecutionListener, org.springframework.boot.test.autoconfigure.restdocs.RestDocsTestExecutionListener, org.springframework.boot.test.autoconfigure.web.client.MockRestServiceServerResetTestExecutionListener, org.springframework.boot.test.autoconfigure.web.servlet.MockMvcPrintOnlyOnFailureTestExecutionListener, org.springframework.boot.test.autoconfigure.web.servlet.WebDriverTestExecutionListener, org.springframework.test.context.web.ServletTestExecutionListener, org.springframework.test.context.support.DirtiesContextBeforeModesTestExecutionListener, org.springframework.test.context.support.DependencyInjectionTestExecutionListener, org.springframework.test.context.support.DirtiesContextTestExecutionListener, org.springframework.test.context.transaction.TransactionalTestExecutionListener, org.springframework.test.context.jdbc.SqlScriptsTestExecutionListener, org.springframework.security.test.context.support.WithSecurityContextTestExecutionListener]
2017-02-22 09:14:13.019  INFO 69668 --- [           main] .b.t.c.SpringBootTestContextBootstrapper : Using TestExecutionListeners: [org.springframework.test.context.web.ServletTestExecutionListener@62fa4a88, org.springframework.test.context.support.DirtiesContextBeforeModesTestExecutionListener@4b6942a0, org.springframework.boot.test.autoconfigure.SpringBootDependencyInjectionTestExecutionListener@64641998, org.springframework.test.context.support.DirtiesContextTestExecutionListener@2e845f1c, org.springframework.test.context.transaction.TransactionalTestExecutionListener@1e9afe4e, org.springframework.test.context.jdbc.SqlScriptsTestExecutionListener@1f67d37f, org.springframework.security.test.context.support.WithSecurityContextTestExecutionListener@5b8ba1d2, org.springframework.boot.test.autoconfigure.restdocs.RestDocsTestExecutionListener@57fb6900, org.springframework.boot.test.autoconfigure.web.client.MockRestServiceServerResetTestExecutionListener@1eda853f, org.springframework.boot.test.mock.mockito.ResetMocksTestExecutionListener@3f0751b0, org.springframework.boot.test.autoconfigure.web.servlet.WebDriverTestExecutionListener@3984e2b3, org.springframework.boot.test.autoconfigure.web.servlet.MockMvcPrintOnlyOnFailureTestExecutionListener@35bb3fea, org.springframework.boot.test.mock.mockito.MockitoTestExecutionListener@7f82a71f]
__/\\\________/\\\______________________/\\\_______________/\\\\\\\\\\\\____
 _\/\\\_______\/\\\____________________/\\\\\______________\/\\\////////\\\__
  _\/\\\_______\/\\\__________________/\\\/\\\______________\/\\\______\//\\\_
   _\/\\\_______\/\\\________________/\\\/\/\\\______________\/\\\_______\/\\\_
    _\/\\\_______\/\\\______________/\\\/__\/\\\______________\/\\\_______\/\\\_
     _\/\\\_______\/\\\____________/\\\\\\\\\\\\\\\\___________\/\\\_______\/\\\_
      _\//\\\______/\\\____________\///////////\\\//____________\/\\\_______/\\\__
       __\///\\\\\\\\\/_______________________\/\\\______________\/\\\\\\\\\\\\/___
        ____\/////////_________________________\///_______________\////////////_____


????         ???????    ???  ???     ??????     ???  ???     ???????      ???????         ????
????        ????????    ???  ???    ????????    ???  ???    ?????????    ?????????        ????
???         ???         ????????    ????????    ????????    ???   ???    ???   ???         ???
???         ???         ????????    ????????    ????????    ???   ???    ???   ???         ???
????        ????????    ???  ???    ???  ???    ???  ???    ?????????    ?????????        ????
????         ???????    ???  ???    ???  ???    ???  ???     ???????      ???????         ????



2017-02-22 09:14:13.076  INFO 69668 --- [           main] c.c.u.a.b.BuildInfoControllerTest        : Starting BuildInfoControllerTest on LAPTOP-DP780HI6 with PID 69668 (started by jjryu in D:\workspace_sts\Line)
2017-02-22 09:14:13.077  INFO 69668 --- [           main] c.c.u.a.b.BuildInfoControllerTest        : No active profile set, falling back to default profiles: default
2017-02-22 09:14:13.079  INFO 69668 --- [           main] o.s.w.c.s.GenericWebApplicationContext   : Refreshing org.springframework.web.context.support.GenericWebApplicationContext@62d5617: startup date [Wed Feb 22 09:14:13 GMT+09:00 2017]; root of context hierarchy
2017-02-22 09:14:13.712  INFO 69668 --- [           main] trationDelegate$BeanPostProcessorChecker : Bean 'org.springframework.boot.autoconfigure.validation.ValidationAutoConfiguration' of type [class org.springframework.boot.autoconfigure.validation.ValidationAutoConfiguration] is not eligible for getting processed by all BeanPostProcessors (for example: not eligible for auto-proxying)
2017-02-22 09:14:13.722  INFO 69668 --- [           main] trationDelegate$BeanPostProcessorChecker : Bean 'validator' of type [class org.springframework.validation.beanvalidation.LocalValidatorFactoryBean] is not eligible for getting processed by all BeanPostProcessors (for example: not eligible for auto-proxying)
2017-02-22 09:14:13.740  INFO 69668 --- [           main] trationDelegate$BeanPostProcessorChecker : Bean 'org.springframework.transaction.annotation.ProxyTransactionManagementConfiguration' of type [class org.springframework.transaction.annotation.ProxyTransactionManagementConfiguration$$EnhancerBySpringCGLIB$$eb70431a] is not eligible for getting processed by all BeanPostProcessors (for example: not eligible for auto-proxying)
2017-02-22 09:14:15.138  INFO 69668 --- [           main] j.LocalContainerEntityManagerFactoryBean : Building JPA container EntityManagerFactory for persistence unit 'default'
2017-02-22 09:14:15.139  INFO 69668 --- [           main] o.hibernate.jpa.internal.util.LogHelper  : HHH000204: Processing PersistenceUnitInfo [
	name: default
	...]
2017-02-22 09:14:15.148  INFO 69668 --- [           main] org.hibernate.dialect.Dialect            : HHH000400: Using dialect: org.hibernate.dialect.PostgreSQL82Dialect
2017-02-22 09:14:15.295  INFO 69668 --- [           main] o.h.e.j.e.i.LobCreatorBuilderImpl        : HHH000424: Disabling contextual LOB creation as createClob() method threw error : java.lang.reflect.InvocationTargetException
2017-02-22 09:14:15.295  INFO 69668 --- [           main] org.hibernate.type.BasicTypeRegistry     : HHH000270: Type registration [java.util.UUID] overrides previous : org.hibernate.type.UUIDBinaryType@2d258eff
2017-02-22 09:14:15.311  WARN 69668 --- [           main] org.hibernate.orm.deprecation            : HHH90000014: Found use of deprecated [org.hibernate.id.SequenceGenerator] sequence-based id generator; use org.hibernate.id.enhanced.SequenceStyleGenerator instead.  See Hibernate Domain Model Mapping Guide for details.
2017-02-22 09:14:15.357  INFO 69668 --- [           main] org.hibernate.tool.hbm2ddl.SchemaExport  : HHH000227: Running hbm2ddl schema export
Hibernate: drop table if exists account cascade
Hibernate: drop table if exists cnst cascade
Hibernate: drop table if exists obst cascade
Hibernate: drop table if exists prod cascade
Hibernate: drop table if exists prod_type cascade
Hibernate: drop table if exists qr cascade
Hibernate: drop table if exists qr_link cascade
Hibernate: drop sequence hibernate_sequence
2017-02-22 09:14:15.361 ERROR 69668 --- [           main] org.hibernate.tool.hbm2ddl.SchemaExport  : HHH000389: Unsuccessful: drop sequence hibernate_sequence
2017-02-22 09:14:15.361 ERROR 69668 --- [           main] org.hibernate.tool.hbm2ddl.SchemaExport  : ERROR: sequence "hibernate_sequence" does not exist
Hibernate: create sequence hibernate_sequence start 1 increment 1
Hibernate: create table account (id int8 not null, create_date timestamp, create_login_id varchar(255), login_id varchar(255) not null, password varchar(255) not null, update_date timestamp, update_login_id varchar(255), user_name varchar(255) not null, primary key (id))
Hibernate: create table cnst (cnst_serno int8 not null, area_serno int8, cnst_goal varchar(255), cnst_nm varchar(255), cnst_pos varchar(255), descr varchar(255), fday date, plan_fday date, plan_tday date, pro_stts varchar(255), reg_date date, reg_user_serno int8, tday date, updt_date date, updt_user_serno int8, use_yn char(1), primary key (cnst_serno))
Hibernate: create table obst (obst_code varchar(255) not null, descr varchar(255), legend_color varchar(255), obst_nm varchar(255), oder int8, reg_date date, reg_user_serno int8, updt_date date, updt_user_serno int8, upper_obst_code varchar(255), use_yn char(1), primary key (obst_code))
Hibernate: create table prod (prod_serno int8 not null, descr varchar(255), man_com_nm varchar(255), mdl_code varchar(255), model_serno int8, mtrl varchar(255), obst_code varchar(255), pipe_dia numeric(19, 2), pipe_dia_descr varchar(255), prod_nm varchar(255), prod_type_code varchar(255), reg_date date, reg_user_serno int8, updt_date date, updt_user_serno int8, use_yn char(1), primary key (prod_serno))
Hibernate: create table prod_type (prod_type_code varchar(255) not null, descr varchar(255), oder int8, prod_type_nm varchar(255), reg_date date, reg_user_serno int8, updt_date date, updt_user_serno int8, upper_prod_type_code varchar(255), use_yn char(1), primary key (prod_type_code))
Hibernate: create table qr (qr_serno int8 not null, area_serno int8, as_tgt_yn char(1), builder_nm varchar(255), buld_date date, buld_yn char(1), cnst_serno int8, descr varchar(255), desg_qr_yn char(1), ins_depth numeric(19, 2), ins_height numeric(19, 2), ins_latu numeric(19, 2), ins_lgtu numeric(19, 2), ins_tm_x numeric(19, 2), ins_tm_y numeric(19, 2), model_info_yn char(1), ofs_x numeric(19, 2), ofs_y numeric(19, 2), ofs_z numeric(19, 2), prod_serno int8 not null, qr_code varchar(255), reg_date date, reg_user_serno int8, rot_x numeric(19, 2), rot_y numeric(19, 2), rot_z numeric(19, 2), scale numeric(19, 2), scale_x numeric(19, 2), scale_y numeric(19, 2), scale_z numeric(19, 2), skin numeric(19, 2), surpnt_mth_code varchar(255), surpnt_no varchar(255), survey_yn char(1), updt_date date, updt_user_serno int8, updt_yn char(1), use_yn char(1), primary key (qr_serno))
Hibernate: create table qr_link (link_serno int8 not null, cnst_serno int8 not null, descr varchar(255), desg_qr_yn char(1), from_qr_serno int8 not null, pipe_length numeric(19, 2), pipeline_serno int8, reg_date date, reg_user_serno int8, survey_yn char(1), to_qr_serno int8 not null, updt_date date, updt_user_serno int8, use_yn char(1), primary key (link_serno))
Hibernate: alter table account add constraint UK_tqpuaqxalcaeddpc0m6mcxobg unique (login_id)
2017-02-22 09:14:15.545  INFO 69668 --- [           main] org.hibernate.tool.hbm2ddl.SchemaExport  : HHH000230: Schema export complete
2017-02-22 09:14:15.549  INFO 69668 --- [           main] j.LocalContainerEntityManagerFactoryBean : Initialized JPA EntityManagerFactory for persistence unit 'default'
2017-02-22 09:14:16.016  INFO 69668 --- [           main] s.w.s.m.m.a.RequestMappingHandlerMapping : Mapped "{[/api/buildInfo/qrs/{qrSerno}],methods=[DELETE]}" onto public org.springframework.http.ResponseEntity com.chahoo.u4d.api.buildInfo.BuildInfoController.deleteQr(com.chahoo.u4d.entity.Qr) throws java.lang.Exception
2017-02-22 09:14:16.016  INFO 69668 --- [           main] s.w.s.m.m.a.RequestMappingHandlerMapping : Mapped "{[/api/buildInfo/qrs/{qrSerno}],methods=[GET]}" onto public org.springframework.http.ResponseEntity com.chahoo.u4d.api.buildInfo.BuildInfoController.getQr(java.lang.String)
2017-02-22 09:14:16.016  INFO 69668 --- [           main] s.w.s.m.m.a.RequestMappingHandlerMapping : Mapped "{[/api/buildInfo/qrs],methods=[GET]}" onto public org.springframework.http.ResponseEntity com.chahoo.u4d.api.buildInfo.BuildInfoController.getQrList(java.util.Map<java.lang.String, java.lang.String>,org.springframework.data.domain.Pageable)
2017-02-22 09:14:16.016  INFO 69668 --- [           main] s.w.s.m.m.a.RequestMappingHandlerMapping : Mapped "{[/api/buildInfo/qrs/{qrSerno}],methods=[PUT]}" onto public org.springframework.http.ResponseEntity com.chahoo.u4d.api.buildInfo.BuildInfoController.updateQr(com.chahoo.u4d.entity.Qr)
2017-02-22 09:14:16.016  INFO 69668 --- [           main] s.w.s.m.m.a.RequestMappingHandlerMapping : Mapped "{[/api/buildInfo/qrs],methods=[POST]}" onto public org.springframework.http.ResponseEntity com.chahoo.u4d.api.buildInfo.BuildInfoController.createQr(com.chahoo.u4d.entity.Qr)
2017-02-22 09:14:16.017  INFO 69668 --- [           main] s.w.s.m.m.a.RequestMappingHandlerMapping : Mapped "{[/v2/api-docs],methods=[GET]}" onto public org.springframework.http.ResponseEntity<springfox.documentation.spring.web.json.Json> springfox.documentation.swagger2.web.Swagger2Controller.getDocumentation(java.lang.String)
2017-02-22 09:14:16.018  INFO 69668 --- [           main] s.w.s.m.m.a.RequestMappingHandlerMapping : Mapped "{[/configuration/security]}" onto org.springframework.http.ResponseEntity<springfox.documentation.swagger.web.SecurityConfiguration> springfox.documentation.swagger.web.ApiResourceController.securityConfiguration()
2017-02-22 09:14:16.018  INFO 69668 --- [           main] s.w.s.m.m.a.RequestMappingHandlerMapping : Mapped "{[/configuration/ui]}" onto org.springframework.http.ResponseEntity<springfox.documentation.swagger.web.UiConfiguration> springfox.documentation.swagger.web.ApiResourceController.uiConfiguration()
2017-02-22 09:14:16.018  INFO 69668 --- [           main] s.w.s.m.m.a.RequestMappingHandlerMapping : Mapped "{[/swagger-resources]}" onto org.springframework.http.ResponseEntity<java.util.List<springfox.documentation.swagger.web.SwaggerResource>> springfox.documentation.swagger.web.ApiResourceController.swaggerResources()
2017-02-22 09:14:16.020  INFO 69668 --- [           main] s.w.s.m.m.a.RequestMappingHandlerMapping : Mapped "{[/error]}" onto public org.springframework.http.ResponseEntity<java.util.Map<java.lang.String, java.lang.Object>> org.springframework.boot.autoconfigure.web.BasicErrorController.error(javax.servlet.http.HttpServletRequest)
2017-02-22 09:14:16.020  INFO 69668 --- [           main] s.w.s.m.m.a.RequestMappingHandlerMapping : Mapped "{[/error],produces=[text/html]}" onto public org.springframework.web.servlet.ModelAndView org.springframework.boot.autoconfigure.web.BasicErrorController.errorHtml(javax.servlet.http.HttpServletRequest,javax.servlet.http.HttpServletResponse)
2017-02-22 09:14:16.227  INFO 69668 --- [           main] s.w.s.m.m.a.RequestMappingHandlerAdapter : Looking for @ControllerAdvice: org.springframework.web.context.support.GenericWebApplicationContext@62d5617: startup date [Wed Feb 22 09:14:13 GMT+09:00 2017]; root of context hierarchy
2017-02-22 09:14:16.251  INFO 69668 --- [           main] o.s.w.s.handler.SimpleUrlHandlerMapping  : Mapped URL path [/webjars/**] onto handler of type [class org.springframework.web.servlet.resource.ResourceHttpRequestHandler]
2017-02-22 09:14:16.251  INFO 69668 --- [           main] o.s.w.s.handler.SimpleUrlHandlerMapping  : Mapped URL path [/**] onto handler of type [class org.springframework.web.servlet.resource.ResourceHttpRequestHandler]
2017-02-22 09:14:16.276  INFO 69668 --- [           main] o.s.w.s.handler.SimpleUrlHandlerMapping  : Mapped URL path [/**/favicon.ico] onto handler of type [class org.springframework.web.servlet.resource.ResourceHttpRequestHandler]
2017-02-22 09:14:16.290  INFO 69668 --- [           main] oConfiguration$WelcomePageHandlerMapping : Adding welcome page: ServletContext resource [/index.html]
2017-02-22 09:14:16.592  INFO 69668 --- [           main] o.s.s.web.DefaultSecurityFilterChain     : Creating filter chain: OrRequestMatcher [requestMatchers=[Ant [pattern='/css/**'], Ant [pattern='/js/**'], Ant [pattern='/images/**'], Ant [pattern='/webjars/**'], Ant [pattern='/**/favicon.ico'], Ant [pattern='/error']]], []
2017-02-22 09:14:16.640  INFO 69668 --- [           main] o.s.s.web.DefaultSecurityFilterChain     : Creating filter chain: org.springframework.security.web.util.matcher.AnyRequestMatcher@1, [org.springframework.security.web.context.request.async.WebAsyncManagerIntegrationFilter@70a9f4b7, org.springframework.security.web.context.SecurityContextPersistenceFilter@45b4d2ff, org.springframework.security.web.header.HeaderWriterFilter@2806c788, org.springframework.security.web.authentication.logout.LogoutFilter@4ab8c3c0, org.springframework.security.web.savedrequest.RequestCacheAwareFilter@2aafd790, org.springframework.security.web.servletapi.SecurityContextHolderAwareRequestFilter@340b7fca, org.springframework.security.web.authentication.AnonymousAuthenticationFilter@488bf7cd, org.springframework.security.web.session.SessionManagementFilter@4ef6177c, org.springframework.security.web.access.ExceptionTranslationFilter@3df920, org.springframework.security.web.access.intercept.FilterSecurityInterceptor@718212ef]
2017-02-22 09:14:16.649  INFO 69668 --- [           main] o.s.s.web.DefaultSecurityFilterChain     : Creating filter chain: OrRequestMatcher [requestMatchers=[Ant [pattern='/**']]], [org.springframework.security.web.context.request.async.WebAsyncManagerIntegrationFilter@4cb37177, org.springframework.security.web.context.SecurityContextPersistenceFilter@1d4ee7d7, org.springframework.security.web.header.HeaderWriterFilter@26652743, org.springframework.security.web.authentication.logout.LogoutFilter@4136638d, org.springframework.security.web.authentication.www.BasicAuthenticationFilter@2bac4423, org.springframework.security.web.savedrequest.RequestCacheAwareFilter@6d7e2c53, org.springframework.security.web.servletapi.SecurityContextHolderAwareRequestFilter@62ae5180, org.springframework.security.web.authentication.AnonymousAuthenticationFilter@1f9a3640, org.springframework.security.web.session.SessionManagementFilter@8d56ddd, org.springframework.security.web.access.ExceptionTranslationFilter@59c530b5, org.springframework.security.web.access.intercept.FilterSecurityInterceptor@1c027237]
2017-02-22 09:14:16.854  INFO 69668 --- [           main] d.s.w.p.DocumentationPluginsBootstrapper : Context refreshed
2017-02-22 09:14:16.857  INFO 69668 --- [           main] d.s.w.p.DocumentationPluginsBootstrapper : Found {0} custom documentation plugin(s)
2017-02-22 09:14:16.860  INFO 69668 --- [           main] s.d.s.w.s.ApiListingReferenceScanner     : Scanning for api listing references
2017-02-22 09:14:16.860  INFO 69668 --- [           main] s.w.ClassOrApiAnnotationResourceGrouping : Group for method deleteQr was build-info-controller
2017-02-22 09:14:16.860  INFO 69668 --- [           main] s.d.s.w.s.ApiListingReferenceScanner     : Request mapping: deleteQr belongs to groups: [[ResourceGroup{groupName='build-info-controller', position=0, controller=com.chahoo.u4d.api.buildInfo.BuildInfoController}]] 
2017-02-22 09:14:16.861  INFO 69668 --- [           main] s.w.ClassOrApiAnnotationResourceGrouping : Group for method getQr was build-info-controller
2017-02-22 09:14:16.861  INFO 69668 --- [           main] s.d.s.w.s.ApiListingReferenceScanner     : Request mapping: getQr belongs to groups: [[ResourceGroup{groupName='build-info-controller', position=0, controller=com.chahoo.u4d.api.buildInfo.BuildInfoController}]] 
2017-02-22 09:14:16.862  INFO 69668 --- [           main] s.w.ClassOrApiAnnotationResourceGrouping : Group for method updateQr was build-info-controller
2017-02-22 09:14:16.862  INFO 69668 --- [           main] s.d.s.w.s.ApiListingReferenceScanner     : Request mapping: updateQr belongs to groups: [[ResourceGroup{groupName='build-info-controller', position=0, controller=com.chahoo.u4d.api.buildInfo.BuildInfoController}]] 
2017-02-22 09:14:16.862  INFO 69668 --- [           main] s.w.ClassOrApiAnnotationResourceGrouping : Group for method getQrList was build-info-controller
2017-02-22 09:14:16.862  INFO 69668 --- [           main] s.d.s.w.s.ApiListingReferenceScanner     : Request mapping: getQrList belongs to groups: [[ResourceGroup{groupName='build-info-controller', position=0, controller=com.chahoo.u4d.api.buildInfo.BuildInfoController}]] 
2017-02-22 09:14:16.862  INFO 69668 --- [           main] s.w.ClassOrApiAnnotationResourceGrouping : Group for method createQr was build-info-controller
2017-02-22 09:14:16.862  INFO 69668 --- [           main] s.d.s.w.s.ApiListingReferenceScanner     : Request mapping: createQr belongs to groups: [[ResourceGroup{groupName='build-info-controller', position=0, controller=com.chahoo.u4d.api.buildInfo.BuildInfoController}]] 
2017-02-22 09:14:16.863  INFO 69668 --- [           main] s.d.s.w.s.ApiListingReferenceScanner     : Created resource listing Path: /default/build-info-controller Description: build-info-controller Position: 0
2017-02-22 09:14:16.867  INFO 69668 --- [           main] utoConfigurationReportLoggingInitializer : 

Error starting ApplicationContext. To display the auto-configuration report re-run your application with 'debug' enabled.
2017-02-22 09:14:16.871 ERROR 69668 --- [           main] o.s.boot.SpringApplication               : Application startup failed

java.lang.NoSuchMethodError: com.fasterxml.classmate.TypeBindings.withAdditionalBinding(Ljava/lang/String;Lcom/fasterxml/classmate/ResolvedType;)Lcom/fasterxml/classmate/TypeBindings;
	at springfox.documentation.schema.WildcardType.adjustedTypeBindings(WildcardType.java:137) ~[springfox-core-2.2.2.jar:2.2.2]
	at springfox.documentation.schema.WildcardType.breadthFirstSearch(WildcardType.java:117) ~[springfox-core-2.2.2.jar:2.2.2]
	at springfox.documentation.schema.WildcardType.collectReplaceables(WildcardType.java:74) ~[springfox-core-2.2.2.jar:2.2.2]
	at springfox.documentation.schema.AlternateTypeRule.alternateFor(AlternateTypeRule.java:50) ~[springfox-core-2.2.2.jar:2.2.2]
	at springfox.documentation.spi.schema.AlternateTypeProvider.alternateFor(AlternateTypeProvider.java:44) ~[springfox-spi-2.2.2.jar:2.2.2]
	at springfox.documentation.spi.service.contexts.RequestMappingContext.alternateFor(RequestMappingContext.java:118) ~[springfox-spi-2.2.2.jar:2.2.2]
	at springfox.documentation.spring.web.readers.operation.OperationModelsProvider.collectFromReturnType(OperationModelsProvider.java:70) ~[springfox-spring-web-2.2.2.jar:2.2.2]
	at springfox.documentation.spring.web.readers.operation.OperationModelsProvider.apply(OperationModelsProvider.java:59) ~[springfox-spring-web-2.2.2.jar:2.2.2]
	at springfox.documentation.spring.web.plugins.DocumentationPluginsManager.modelContexts(DocumentationPluginsManager.java:129) ~[springfox-spring-web-2.2.2.jar:2.2.2]
	at springfox.documentation.spring.web.scanners.ApiModelReader.read(ApiModelReader.java:62) ~[springfox-spring-web-2.2.2.jar:2.2.2]
	at springfox.documentation.spring.web.scanners.ApiListingScanner.scan(ApiListingScanner.java:91) ~[springfox-spring-web-2.2.2.jar:2.2.2]
	at springfox.documentation.spring.web.scanners.ApiDocumentationScanner.scan(ApiDocumentationScanner.java:62) ~[springfox-spring-web-2.2.2.jar:2.2.2]
	at springfox.documentation.spring.web.plugins.DocumentationPluginsBootstrapper.scanDocumentation(DocumentationPluginsBootstrapper.java:101) ~[springfox-spring-web-2.2.2.jar:2.2.2]
	at springfox.documentation.spring.web.plugins.DocumentationPluginsBootstrapper.onApplicationEvent(DocumentationPluginsBootstrapper.java:87) ~[springfox-spring-web-2.2.2.jar:2.2.2]
	at springfox.documentation.spring.web.plugins.DocumentationPluginsBootstrapper.onApplicationEvent(DocumentationPluginsBootstrapper.java:50) ~[springfox-spring-web-2.2.2.jar:2.2.2]
	at org.springframework.context.event.SimpleApplicationEventMulticaster.invokeListener(SimpleApplicationEventMulticaster.java:167) ~[spring-context-4.3.6.RELEASE.jar:4.3.6.RELEASE]
	at org.springframework.context.event.SimpleApplicationEventMulticaster.multicastEvent(SimpleApplicationEventMulticaster.java:139) ~[spring-context-4.3.6.RELEASE.jar:4.3.6.RELEASE]
	at org.springframework.context.support.AbstractApplicationContext.publishEvent(AbstractApplicationContext.java:383) ~[spring-context-4.3.6.RELEASE.jar:4.3.6.RELEASE]
	at org.springframework.context.support.AbstractApplicationContext.publishEvent(AbstractApplicationContext.java:337) ~[spring-context-4.3.6.RELEASE.jar:4.3.6.RELEASE]
	at org.springframework.context.support.AbstractApplicationContext.finishRefresh(AbstractApplicationContext.java:882) ~[spring-context-4.3.6.RELEASE.jar:4.3.6.RELEASE]
	at org.springframework.context.support.AbstractApplicationContext.refresh(AbstractApplicationContext.java:545) ~[spring-context-4.3.6.RELEASE.jar:4.3.6.RELEASE]
	at org.springframework.boot.SpringApplication.refresh(SpringApplication.java:737) ~[spring-boot-1.5.1.RELEASE.jar:1.5.1.RELEASE]
	at org.springframework.boot.SpringApplication.refreshContext(SpringApplication.java:370) ~[spring-boot-1.5.1.RELEASE.jar:1.5.1.RELEASE]
	at org.springframework.boot.SpringApplication.run(SpringApplication.java:314) ~[spring-boot-1.5.1.RELEASE.jar:1.5.1.RELEASE]
	at org.springframework.boot.test.context.SpringBootContextLoader.loadContext(SpringBootContextLoader.java:120) [spring-boot-test-1.5.1.RELEASE.jar:1.5.1.RELEASE]
	at org.springframework.test.context.cache.DefaultCacheAwareContextLoaderDelegate.loadContextInternal(DefaultCacheAwareContextLoaderDelegate.java:98) [spring-test-4.3.6.RELEASE.jar:4.3.6.RELEASE]
	at org.springframework.test.context.cache.DefaultCacheAwareContextLoaderDelegate.loadContext(DefaultCacheAwareContextLoaderDelegate.java:116) [spring-test-4.3.6.RELEASE.jar:4.3.6.RELEASE]
	at org.springframework.test.context.support.DefaultTestContext.getApplicationContext(DefaultTestContext.java:83) [spring-test-4.3.6.RELEASE.jar:4.3.6.RELEASE]
	at org.springframework.test.context.web.ServletTestExecutionListener.setUpRequestContextIfNecessary(ServletTestExecutionListener.java:189) [spring-test-4.3.6.RELEASE.jar:4.3.6.RELEASE]
	at org.springframework.test.context.web.ServletTestExecutionListener.prepareTestInstance(ServletTestExecutionListener.java:131) [spring-test-4.3.6.RELEASE.jar:4.3.6.RELEASE]
	at org.springframework.test.context.TestContextManager.prepareTestInstance(TestContextManager.java:230) [spring-test-4.3.6.RELEASE.jar:4.3.6.RELEASE]
	at org.springframework.test.context.junit4.SpringJUnit4ClassRunner.createTest(SpringJUnit4ClassRunner.java:228) [spring-test-4.3.6.RELEASE.jar:4.3.6.RELEASE]
	at org.springframework.test.context.junit4.SpringJUnit4ClassRunner$1.runReflectiveCall(SpringJUnit4ClassRunner.java:287) [spring-test-4.3.6.RELEASE.jar:4.3.6.RELEASE]
	at org.junit.internal.runners.model.ReflectiveCallable.run(ReflectiveCallable.java:12) [junit-4.12.jar:4.12]
	at org.springframework.test.context.junit4.SpringJUnit4ClassRunner.methodBlock(SpringJUnit4ClassRunner.java:289) [spring-test-4.3.6.RELEASE.jar:4.3.6.RELEASE]
	at org.springframework.test.context.junit4.SpringJUnit4ClassRunner.runChild(SpringJUnit4ClassRunner.java:247) [spring-test-4.3.6.RELEASE.jar:4.3.6.RELEASE]
	at org.springframework.test.context.junit4.SpringJUnit4ClassRunner.runChild(SpringJUnit4ClassRunner.java:94) [spring-test-4.3.6.RELEASE.jar:4.3.6.RELEASE]
	at org.junit.runners.ParentRunner$3.run(ParentRunner.java:290) [junit-4.12.jar:4.12]
	at org.junit.runners.ParentRunner$1.schedule(ParentRunner.java:71) [junit-4.12.jar:4.12]
	at org.junit.runners.ParentRunner.runChildren(ParentRunner.java:288) [junit-4.12.jar:4.12]
	at org.junit.runners.ParentRunner.access$000(ParentRunner.java:58) [junit-4.12.jar:4.12]
	at org.junit.runners.ParentRunner$2.evaluate(ParentRunner.java:268) [junit-4.12.jar:4.12]
	at org.springframework.test.context.junit4.statements.RunBeforeTestClassCallbacks.evaluate(RunBeforeTestClassCallbacks.java:61) [spring-test-4.3.6.RELEASE.jar:4.3.6.RELEASE]
	at org.springframework.test.context.junit4.statements.RunAfterTestClassCallbacks.evaluate(RunAfterTestClassCallbacks.java:70) [spring-test-4.3.6.RELEASE.jar:4.3.6.RELEASE]
	at org.junit.runners.ParentRunner.run(ParentRunner.java:363) [junit-4.12.jar:4.12]
	at org.springframework.test.context.junit4.SpringJUnit4ClassRunner.run(SpringJUnit4ClassRunner.java:191) [spring-test-4.3.6.RELEASE.jar:4.3.6.RELEASE]
	at org.apache.maven.surefire.junit4.JUnit4Provider.execute(JUnit4Provider.java:283) [surefire-junit4-2.18.1.jar:2.18.1]
	at org.apache.maven.surefire.junit4.JUnit4Provider.executeWithRerun(JUnit4Provider.java:173) [surefire-junit4-2.18.1.jar:2.18.1]
	at org.apache.maven.surefire.junit4.JUnit4Provider.executeTestSet(JUnit4Provider.java:153) [surefire-junit4-2.18.1.jar:2.18.1]
	at org.apache.maven.surefire.junit4.JUnit4Provider.invoke(JUnit4Provider.java:128) [surefire-junit4-2.18.1.jar:2.18.1]
	at org.apache.maven.surefire.booter.ForkedBooter.invokeProviderInSameClassLoader(ForkedBooter.java:203) [surefire-booter-2.18.1.jar:2.18.1]
	at org.apache.maven.surefire.booter.ForkedBooter.runSuitesInProcess(ForkedBooter.java:155) [surefire-booter-2.18.1.jar:2.18.1]
	at org.apache.maven.surefire.booter.ForkedBooter.main(ForkedBooter.java:103) [surefire-booter-2.18.1.jar:2.18.1]

2017-02-22 09:14:16.872  INFO 69668 --- [           main] o.s.w.c.s.GenericWebApplicationContext   : Closing org.springframework.web.context.support.GenericWebApplicationContext@62d5617: startup date [Wed Feb 22 09:14:13 GMT+09:00 2017]; root of context hierarchy
2017-02-22 09:14:16.874  INFO 69668 --- [           main] j.LocalContainerEntityManagerFactoryBean : Closing JPA EntityManagerFactory for persistence unit 'default'
2017-02-22 09:14:16.875  INFO 69668 --- [           main] org.hibernate.tool.hbm2ddl.SchemaExport  : HHH000227: Running hbm2ddl schema export
Hibernate: drop table if exists account cascade
Hibernate: drop table if exists cnst cascade
Hibernate: drop table if exists obst cascade
Hibernate: drop table if exists prod cascade
Hibernate: drop table if exists prod_type cascade
Hibernate: drop table if exists qr cascade
Hibernate: drop table if exists qr_link cascade
Hibernate: drop sequence hibernate_sequence
2017-02-22 09:14:16.961  INFO 69668 --- [           main] org.hibernate.tool.hbm2ddl.SchemaExport  : HHH000230: Schema export complete
2017-02-22 09:14:16.964 ERROR 69668 --- [           main] o.s.test.context.TestContextManager      : Caught exception while allowing TestExecutionListener [org.springframework.test.context.web.ServletTestExecutionListener@62fa4a88] to prepare test instance [com.chahoo.u4d.api.buildInfo.BuildInfoControllerTest@1a120e41]

java.lang.NoSuchMethodError: com.fasterxml.classmate.TypeBindings.withAdditionalBinding(Ljava/lang/String;Lcom/fasterxml/classmate/ResolvedType;)Lcom/fasterxml/classmate/TypeBindings;
	at springfox.documentation.schema.WildcardType.adjustedTypeBindings(WildcardType.java:137) ~[springfox-core-2.2.2.jar:2.2.2]
	at springfox.documentation.schema.WildcardType.breadthFirstSearch(WildcardType.java:117) ~[springfox-core-2.2.2.jar:2.2.2]
	at springfox.documentation.schema.WildcardType.collectReplaceables(WildcardType.java:74) ~[springfox-core-2.2.2.jar:2.2.2]
	at springfox.documentation.schema.AlternateTypeRule.alternateFor(AlternateTypeRule.java:50) ~[springfox-core-2.2.2.jar:2.2.2]
	at springfox.documentation.spi.schema.AlternateTypeProvider.alternateFor(AlternateTypeProvider.java:44) ~[springfox-spi-2.2.2.jar:2.2.2]
	at springfox.documentation.spi.service.contexts.RequestMappingContext.alternateFor(RequestMappingContext.java:118) ~[springfox-spi-2.2.2.jar:2.2.2]
	at springfox.documentation.spring.web.readers.operation.OperationModelsProvider.collectFromReturnType(OperationModelsProvider.java:70) ~[springfox-spring-web-2.2.2.jar:2.2.2]
	at springfox.documentation.spring.web.readers.operation.OperationModelsProvider.apply(OperationModelsProvider.java:59) ~[springfox-spring-web-2.2.2.jar:2.2.2]
	at springfox.documentation.spring.web.plugins.DocumentationPluginsManager.modelContexts(DocumentationPluginsManager.java:129) ~[springfox-spring-web-2.2.2.jar:2.2.2]
	at springfox.documentation.spring.web.scanners.ApiModelReader.read(ApiModelReader.java:62) ~[springfox-spring-web-2.2.2.jar:2.2.2]
	at springfox.documentation.spring.web.scanners.ApiListingScanner.scan(ApiListingScanner.java:91) ~[springfox-spring-web-2.2.2.jar:2.2.2]
	at springfox.documentation.spring.web.scanners.ApiDocumentationScanner.scan(ApiDocumentationScanner.java:62) ~[springfox-spring-web-2.2.2.jar:2.2.2]
	at springfox.documentation.spring.web.plugins.DocumentationPluginsBootstrapper.scanDocumentation(DocumentationPluginsBootstrapper.java:101) ~[springfox-spring-web-2.2.2.jar:2.2.2]
	at springfox.documentation.spring.web.plugins.DocumentationPluginsBootstrapper.onApplicationEvent(DocumentationPluginsBootstrapper.java:87) ~[springfox-spring-web-2.2.2.jar:2.2.2]
	at springfox.documentation.spring.web.plugins.DocumentationPluginsBootstrapper.onApplicationEvent(DocumentationPluginsBootstrapper.java:50) ~[springfox-spring-web-2.2.2.jar:2.2.2]
	at org.springframework.context.event.SimpleApplicationEventMulticaster.invokeListener(SimpleApplicationEventMulticaster.java:167) ~[spring-context-4.3.6.RELEASE.jar:4.3.6.RELEASE]
	at org.springframework.context.event.SimpleApplicationEventMulticaster.multicastEvent(SimpleApplicationEventMulticaster.java:139) ~[spring-context-4.3.6.RELEASE.jar:4.3.6.RELEASE]
	at org.springframework.context.support.AbstractApplicationContext.publishEvent(AbstractApplicationContext.java:383) ~[spring-context-4.3.6.RELEASE.jar:4.3.6.RELEASE]
	at org.springframework.context.support.AbstractApplicationContext.publishEvent(AbstractApplicationContext.java:337) ~[spring-context-4.3.6.RELEASE.jar:4.3.6.RELEASE]
	at org.springframework.context.support.AbstractApplicationContext.finishRefresh(AbstractApplicationContext.java:882) ~[spring-context-4.3.6.RELEASE.jar:4.3.6.RELEASE]
	at org.springframework.context.support.AbstractApplicationContext.refresh(AbstractApplicationContext.java:545) ~[spring-context-4.3.6.RELEASE.jar:4.3.6.RELEASE]
	at org.springframework.boot.SpringApplication.refresh(SpringApplication.java:737) ~[spring-boot-1.5.1.RELEASE.jar:1.5.1.RELEASE]
	at org.springframework.boot.SpringApplication.refreshContext(SpringApplication.java:370) ~[spring-boot-1.5.1.RELEASE.jar:1.5.1.RELEASE]
	at org.springframework.boot.SpringApplication.run(SpringApplication.java:314) ~[spring-boot-1.5.1.RELEASE.jar:1.5.1.RELEASE]
	at org.springframework.boot.test.context.SpringBootContextLoader.loadContext(SpringBootContextLoader.java:120) ~[spring-boot-test-1.5.1.RELEASE.jar:1.5.1.RELEASE]
	at org.springframework.test.context.cache.DefaultCacheAwareContextLoaderDelegate.loadContextInternal(DefaultCacheAwareContextLoaderDelegate.java:98) ~[spring-test-4.3.6.RELEASE.jar:4.3.6.RELEASE]
	at org.springframework.test.context.cache.DefaultCacheAwareContextLoaderDelegate.loadContext(DefaultCacheAwareContextLoaderDelegate.java:116) ~[spring-test-4.3.6.RELEASE.jar:4.3.6.RELEASE]
	at org.springframework.test.context.support.DefaultTestContext.getApplicationContext(DefaultTestContext.java:83) ~[spring-test-4.3.6.RELEASE.jar:4.3.6.RELEASE]
	at org.springframework.test.context.web.ServletTestExecutionListener.setUpRequestContextIfNecessary(ServletTestExecutionListener.java:189) ~[spring-test-4.3.6.RELEASE.jar:4.3.6.RELEASE]
	at org.springframework.test.context.web.ServletTestExecutionListener.prepareTestInstance(ServletTestExecutionListener.java:131) ~[spring-test-4.3.6.RELEASE.jar:4.3.6.RELEASE]
	at org.springframework.test.context.TestContextManager.prepareTestInstance(TestContextManager.java:230) ~[spring-test-4.3.6.RELEASE.jar:4.3.6.RELEASE]
	at org.springframework.test.context.junit4.SpringJUnit4ClassRunner.createTest(SpringJUnit4ClassRunner.java:228) [spring-test-4.3.6.RELEASE.jar:4.3.6.RELEASE]
	at org.springframework.test.context.junit4.SpringJUnit4ClassRunner$1.runReflectiveCall(SpringJUnit4ClassRunner.java:287) [spring-test-4.3.6.RELEASE.jar:4.3.6.RELEASE]
	at org.junit.internal.runners.model.ReflectiveCallable.run(ReflectiveCallable.java:12) [junit-4.12.jar:4.12]
	at org.springframework.test.context.junit4.SpringJUnit4ClassRunner.methodBlock(SpringJUnit4ClassRunner.java:289) [spring-test-4.3.6.RELEASE.jar:4.3.6.RELEASE]
	at org.springframework.test.context.junit4.SpringJUnit4ClassRunner.runChild(SpringJUnit4ClassRunner.java:247) [spring-test-4.3.6.RELEASE.jar:4.3.6.RELEASE]
	at org.springframework.test.context.junit4.SpringJUnit4ClassRunner.runChild(SpringJUnit4ClassRunner.java:94) [spring-test-4.3.6.RELEASE.jar:4.3.6.RELEASE]
	at org.junit.runners.ParentRunner$3.run(ParentRunner.java:290) [junit-4.12.jar:4.12]
	at org.junit.runners.ParentRunner$1.schedule(ParentRunner.java:71) [junit-4.12.jar:4.12]
	at org.junit.runners.ParentRunner.runChildren(ParentRunner.java:288) [junit-4.12.jar:4.12]
	at org.junit.runners.ParentRunner.access$000(ParentRunner.java:58) [junit-4.12.jar:4.12]
	at org.junit.runners.ParentRunner$2.evaluate(ParentRunner.java:268) [junit-4.12.jar:4.12]
	at org.springframework.test.context.junit4.statements.RunBeforeTestClassCallbacks.evaluate(RunBeforeTestClassCallbacks.java:61) [spring-test-4.3.6.RELEASE.jar:4.3.6.RELEASE]
	at org.springframework.test.context.junit4.statements.RunAfterTestClassCallbacks.evaluate(RunAfterTestClassCallbacks.java:70) [spring-test-4.3.6.RELEASE.jar:4.3.6.RELEASE]
	at org.junit.runners.ParentRunner.run(ParentRunner.java:363) [junit-4.12.jar:4.12]
	at org.springframework.test.context.junit4.SpringJUnit4ClassRunner.run(SpringJUnit4ClassRunner.java:191) [spring-test-4.3.6.RELEASE.jar:4.3.6.RELEASE]
	at org.apache.maven.surefire.junit4.JUnit4Provider.execute(JUnit4Provider.java:283) [surefire-junit4-2.18.1.jar:2.18.1]
	at org.apache.maven.surefire.junit4.JUnit4Provider.executeWithRerun(JUnit4Provider.java:173) [surefire-junit4-2.18.1.jar:2.18.1]
	at org.apache.maven.surefire.junit4.JUnit4Provider.executeTestSet(JUnit4Provider.java:153) [surefire-junit4-2.18.1.jar:2.18.1]
	at org.apache.maven.surefire.junit4.JUnit4Provider.invoke(JUnit4Provider.java:128) [surefire-junit4-2.18.1.jar:2.18.1]
	at org.apache.maven.surefire.booter.ForkedBooter.invokeProviderInSameClassLoader(ForkedBooter.java:203) [surefire-booter-2.18.1.jar:2.18.1]
	at org.apache.maven.surefire.booter.ForkedBooter.runSuitesInProcess(ForkedBooter.java:155) [surefire-booter-2.18.1.jar:2.18.1]
	at org.apache.maven.surefire.booter.ForkedBooter.main(ForkedBooter.java:103) [surefire-booter-2.18.1.jar:2.18.1]

]]></system-out>
  </testcase>
  <testcase name="testCreateQr" classname="com.chahoo.u4d.api.buildInfo.BuildInfoControllerTest" time="0">
    <error message="com.fasterxml.classmate.TypeBindings.withAdditionalBinding(Ljava/lang/String;Lcom/fasterxml/classmate/ResolvedType;)Lcom/fasterxml/classmate/TypeBindings;" type="java.lang.NoSuchMethodError">java.lang.NoSuchMethodError: com.fasterxml.classmate.TypeBindings.withAdditionalBinding(Ljava/lang/String;Lcom/fasterxml/classmate/ResolvedType;)Lcom/fasterxml/classmate/TypeBindings;
	at springfox.documentation.schema.WildcardType.adjustedTypeBindings(WildcardType.java:137)
	at springfox.documentation.schema.WildcardType.breadthFirstSearch(WildcardType.java:117)
	at springfox.documentation.schema.WildcardType.collectReplaceables(WildcardType.java:74)
	at springfox.documentation.schema.AlternateTypeRule.alternateFor(AlternateTypeRule.java:50)
	at springfox.documentation.spi.schema.AlternateTypeProvider.alternateFor(AlternateTypeProvider.java:44)
	at springfox.documentation.spi.service.contexts.RequestMappingContext.alternateFor(RequestMappingContext.java:118)
	at springfox.documentation.spring.web.readers.operation.OperationModelsProvider.collectFromReturnType(OperationModelsProvider.java:70)
	at springfox.documentation.spring.web.readers.operation.OperationModelsProvider.apply(OperationModelsProvider.java:59)
	at springfox.documentation.spring.web.plugins.DocumentationPluginsManager.modelContexts(DocumentationPluginsManager.java:129)
	at springfox.documentation.spring.web.scanners.ApiModelReader.read(ApiModelReader.java:62)
	at springfox.documentation.spring.web.scanners.ApiListingScanner.scan(ApiListingScanner.java:91)
	at springfox.documentation.spring.web.scanners.ApiDocumentationScanner.scan(ApiDocumentationScanner.java:62)
	at springfox.documentation.spring.web.plugins.DocumentationPluginsBootstrapper.scanDocumentation(DocumentationPluginsBootstrapper.java:101)
	at springfox.documentation.spring.web.plugins.DocumentationPluginsBootstrapper.onApplicationEvent(DocumentationPluginsBootstrapper.java:87)
	at springfox.documentation.spring.web.plugins.DocumentationPluginsBootstrapper.onApplicationEvent(DocumentationPluginsBootstrapper.java:50)
	at org.springframework.context.event.SimpleApplicationEventMulticaster.invokeListener(SimpleApplicationEventMulticaster.java:167)
	at org.springframework.context.event.SimpleApplicationEventMulticaster.multicastEvent(SimpleApplicationEventMulticaster.java:139)
	at org.springframework.context.support.AbstractApplicationContext.publishEvent(AbstractApplicationContext.java:383)
	at org.springframework.context.support.AbstractApplicationContext.publishEvent(AbstractApplicationContext.java:337)
	at org.springframework.context.support.AbstractApplicationContext.finishRefresh(AbstractApplicationContext.java:882)
	at org.springframework.context.support.AbstractApplicationContext.refresh(AbstractApplicationContext.java:545)
	at org.springframework.boot.SpringApplication.refresh(SpringApplication.java:737)
	at org.springframework.boot.SpringApplication.refreshContext(SpringApplication.java:370)
	at org.springframework.boot.SpringApplication.run(SpringApplication.java:314)
	at org.springframework.boot.test.context.SpringBootContextLoader.loadContext(SpringBootContextLoader.java:120)
	at org.springframework.test.context.cache.DefaultCacheAwareContextLoaderDelegate.loadContextInternal(DefaultCacheAwareContextLoaderDelegate.java:98)
	at org.springframework.test.context.cache.DefaultCacheAwareContextLoaderDelegate.loadContext(DefaultCacheAwareContextLoaderDelegate.java:116)
	at org.springframework.test.context.support.DefaultTestContext.getApplicationContext(DefaultTestContext.java:83)
	at org.springframework.test.context.web.ServletTestExecutionListener.setUpRequestContextIfNecessary(ServletTestExecutionListener.java:189)
	at org.springframework.test.context.web.ServletTestExecutionListener.prepareTestInstance(ServletTestExecutionListener.java:131)
	at org.springframework.test.context.TestContextManager.prepareTestInstance(TestContextManager.java:230)
	at org.springframework.test.context.junit4.SpringJUnit4ClassRunner.createTest(SpringJUnit4ClassRunner.java:228)
	at org.springframework.test.context.junit4.SpringJUnit4ClassRunner$1.runReflectiveCall(SpringJUnit4ClassRunner.java:287)
	at org.junit.internal.runners.model.ReflectiveCallable.run(ReflectiveCallable.java:12)
	at org.springframework.test.context.junit4.SpringJUnit4ClassRunner.methodBlock(SpringJUnit4ClassRunner.java:289)
	at org.springframework.test.context.junit4.SpringJUnit4ClassRunner.runChild(SpringJUnit4ClassRunner.java:247)
	at org.springframework.test.context.junit4.SpringJUnit4ClassRunner.runChild(SpringJUnit4ClassRunner.java:94)
	at org.junit.runners.ParentRunner$3.run(ParentRunner.java:290)
	at org.junit.runners.ParentRunner$1.schedule(ParentRunner.java:71)
	at org.junit.runners.ParentRunner.runChildren(ParentRunner.java:288)
	at org.junit.runners.ParentRunner.access$000(ParentRunner.java:58)
	at org.junit.runners.ParentRunner$2.evaluate(ParentRunner.java:268)
	at org.springframework.test.context.junit4.statements.RunBeforeTestClassCallbacks.evaluate(RunBeforeTestClassCallbacks.java:61)
	at org.springframework.test.context.junit4.statements.RunAfterTestClassCallbacks.evaluate(RunAfterTestClassCallbacks.java:70)
	at org.junit.runners.ParentRunner.run(ParentRunner.java:363)
	at org.springframework.test.context.junit4.SpringJUnit4ClassRunner.run(SpringJUnit4ClassRunner.java:191)
	at org.apache.maven.surefire.junit4.JUnit4Provider.execute(JUnit4Provider.java:283)
	at org.apache.maven.surefire.junit4.JUnit4Provider.executeWithRerun(JUnit4Provider.java:173)
	at org.apache.maven.surefire.junit4.JUnit4Provider.executeTestSet(JUnit4Provider.java:153)
	at org.apache.maven.surefire.junit4.JUnit4Provider.invoke(JUnit4Provider.java:128)
	at org.apache.maven.surefire.booter.ForkedBooter.invokeProviderInSameClassLoader(ForkedBooter.java:203)
	at org.apache.maven.surefire.booter.ForkedBooter.runSuitesInProcess(ForkedBooter.java:155)
	at org.apache.maven.surefire.booter.ForkedBooter.main(ForkedBooter.java:103)
</error>
    <system-out><![CDATA[__/\\\________/\\\______________________/\\\_______________/\\\\\\\\\\\\____
 _\/\\\_______\/\\\____________________/\\\\\______________\/\\\////////\\\__
  _\/\\\_______\/\\\__________________/\\\/\\\______________\/\\\______\//\\\_
   _\/\\\_______\/\\\________________/\\\/\/\\\______________\/\\\_______\/\\\_
    _\/\\\_______\/\\\______________/\\\/__\/\\\______________\/\\\_______\/\\\_
     _\/\\\_______\/\\\____________/\\\\\\\\\\\\\\\\___________\/\\\_______\/\\\_
      _\//\\\______/\\\____________\///////////\\\//____________\/\\\_______/\\\__
       __\///\\\\\\\\\/_______________________\/\\\______________\/\\\\\\\\\\\\/___
        ____\/////////_________________________\///_______________\////////////_____


????         ???????    ???  ???     ??????     ???  ???     ???????      ???????         ????
????        ????????    ???  ???    ????????    ???  ???    ?????????    ?????????        ????
???         ???         ????????    ????????    ????????    ???   ???    ???   ???         ???
???         ???         ????????    ????????    ????????    ???   ???    ???   ???         ???
????        ????????    ???  ???    ???  ???    ???  ???    ?????????    ?????????        ????
????         ???????    ???  ???    ???  ???    ???  ???     ???????      ???????         ????



2017-02-22 09:14:17.019  INFO 69668 --- [           main] c.c.u.a.b.BuildInfoControllerTest        : Starting BuildInfoControllerTest on LAPTOP-DP780HI6 with PID 69668 (started by jjryu in D:\workspace_sts\Line)
2017-02-22 09:14:17.019  INFO 69668 --- [           main] c.c.u.a.b.BuildInfoControllerTest        : No active profile set, falling back to default profiles: default
2017-02-22 09:14:17.022  INFO 69668 --- [           main] o.s.w.c.s.GenericWebApplicationContext   : Refreshing org.springframework.web.context.support.GenericWebApplicationContext@312af870: startup date [Wed Feb 22 09:14:17 GMT+09:00 2017]; root of context hierarchy
2017-02-22 09:14:17.632  INFO 69668 --- [           main] trationDelegate$BeanPostProcessorChecker : Bean 'org.springframework.boot.autoconfigure.validation.ValidationAutoConfiguration' of type [class org.springframework.boot.autoconfigure.validation.ValidationAutoConfiguration] is not eligible for getting processed by all BeanPostProcessors (for example: not eligible for auto-proxying)
2017-02-22 09:14:17.639  INFO 69668 --- [           main] trationDelegate$BeanPostProcessorChecker : Bean 'validator' of type [class org.springframework.validation.beanvalidation.LocalValidatorFactoryBean] is not eligible for getting processed by all BeanPostProcessors (for example: not eligible for auto-proxying)
2017-02-22 09:14:17.653  INFO 69668 --- [           main] trationDelegate$BeanPostProcessorChecker : Bean 'org.springframework.transaction.annotation.ProxyTransactionManagementConfiguration' of type [class org.springframework.transaction.annotation.ProxyTransactionManagementConfiguration$$EnhancerBySpringCGLIB$$eb70431a] is not eligible for getting processed by all BeanPostProcessors (for example: not eligible for auto-proxying)
2017-02-22 09:14:18.922  INFO 69668 --- [           main] j.LocalContainerEntityManagerFactoryBean : Building JPA container EntityManagerFactory for persistence unit 'default'
2017-02-22 09:14:18.922  INFO 69668 --- [           main] o.hibernate.jpa.internal.util.LogHelper  : HHH000204: Processing PersistenceUnitInfo [
	name: default
	...]
2017-02-22 09:14:18.929  INFO 69668 --- [           main] org.hibernate.dialect.Dialect            : HHH000400: Using dialect: org.hibernate.dialect.PostgreSQL82Dialect
2017-02-22 09:14:19.051  INFO 69668 --- [           main] o.h.e.j.e.i.LobCreatorBuilderImpl        : HHH000424: Disabling contextual LOB creation as createClob() method threw error : java.lang.reflect.InvocationTargetException
2017-02-22 09:14:19.052  INFO 69668 --- [           main] org.hibernate.type.BasicTypeRegistry     : HHH000270: Type registration [java.util.UUID] overrides previous : org.hibernate.type.UUIDBinaryType@2d258eff
2017-02-22 09:14:19.065  WARN 69668 --- [           main] org.hibernate.orm.deprecation            : HHH90000014: Found use of deprecated [org.hibernate.id.SequenceGenerator] sequence-based id generator; use org.hibernate.id.enhanced.SequenceStyleGenerator instead.  See Hibernate Domain Model Mapping Guide for details.
2017-02-22 09:14:19.104  INFO 69668 --- [           main] org.hibernate.tool.hbm2ddl.SchemaExport  : HHH000227: Running hbm2ddl schema export
Hibernate: drop table if exists account cascade
Hibernate: drop table if exists cnst cascade
Hibernate: drop table if exists obst cascade
Hibernate: drop table if exists prod cascade
Hibernate: drop table if exists prod_type cascade
Hibernate: drop table if exists qr cascade
Hibernate: drop table if exists qr_link cascade
Hibernate: drop sequence hibernate_sequence
2017-02-22 09:14:19.110 ERROR 69668 --- [           main] org.hibernate.tool.hbm2ddl.SchemaExport  : HHH000389: Unsuccessful: drop sequence hibernate_sequence
2017-02-22 09:14:19.110 ERROR 69668 --- [           main] org.hibernate.tool.hbm2ddl.SchemaExport  : ERROR: sequence "hibernate_sequence" does not exist
Hibernate: create sequence hibernate_sequence start 1 increment 1
Hibernate: create table account (id int8 not null, create_date timestamp, create_login_id varchar(255), login_id varchar(255) not null, password varchar(255) not null, update_date timestamp, update_login_id varchar(255), user_name varchar(255) not null, primary key (id))
Hibernate: create table cnst (cnst_serno int8 not null, area_serno int8, cnst_goal varchar(255), cnst_nm varchar(255), cnst_pos varchar(255), descr varchar(255), fday date, plan_fday date, plan_tday date, pro_stts varchar(255), reg_date date, reg_user_serno int8, tday date, updt_date date, updt_user_serno int8, use_yn char(1), primary key (cnst_serno))
Hibernate: create table obst (obst_code varchar(255) not null, descr varchar(255), legend_color varchar(255), obst_nm varchar(255), oder int8, reg_date date, reg_user_serno int8, updt_date date, updt_user_serno int8, upper_obst_code varchar(255), use_yn char(1), primary key (obst_code))
Hibernate: create table prod (prod_serno int8 not null, descr varchar(255), man_com_nm varchar(255), mdl_code varchar(255), model_serno int8, mtrl varchar(255), obst_code varchar(255), pipe_dia numeric(19, 2), pipe_dia_descr varchar(255), prod_nm varchar(255), prod_type_code varchar(255), reg_date date, reg_user_serno int8, updt_date date, updt_user_serno int8, use_yn char(1), primary key (prod_serno))
Hibernate: create table prod_type (prod_type_code varchar(255) not null, descr varchar(255), oder int8, prod_type_nm varchar(255), reg_date date, reg_user_serno int8, updt_date date, updt_user_serno int8, upper_prod_type_code varchar(255), use_yn char(1), primary key (prod_type_code))
Hibernate: create table qr (qr_serno int8 not null, area_serno int8, as_tgt_yn char(1), builder_nm varchar(255), buld_date date, buld_yn char(1), cnst_serno int8, descr varchar(255), desg_qr_yn char(1), ins_depth numeric(19, 2), ins_height numeric(19, 2), ins_latu numeric(19, 2), ins_lgtu numeric(19, 2), ins_tm_x numeric(19, 2), ins_tm_y numeric(19, 2), model_info_yn char(1), ofs_x numeric(19, 2), ofs_y numeric(19, 2), ofs_z numeric(19, 2), prod_serno int8 not null, qr_code varchar(255), reg_date date, reg_user_serno int8, rot_x numeric(19, 2), rot_y numeric(19, 2), rot_z numeric(19, 2), scale numeric(19, 2), scale_x numeric(19, 2), scale_y numeric(19, 2), scale_z numeric(19, 2), skin numeric(19, 2), surpnt_mth_code varchar(255), surpnt_no varchar(255), survey_yn char(1), updt_date date, updt_user_serno int8, updt_yn char(1), use_yn char(1), primary key (qr_serno))
Hibernate: create table qr_link (link_serno int8 not null, cnst_serno int8 not null, descr varchar(255), desg_qr_yn char(1), from_qr_serno int8 not null, pipe_length numeric(19, 2), pipeline_serno int8, reg_date date, reg_user_serno int8, survey_yn char(1), to_qr_serno int8 not null, updt_date date, updt_user_serno int8, use_yn char(1), primary key (link_serno))
Hibernate: alter table account add constraint UK_tqpuaqxalcaeddpc0m6mcxobg unique (login_id)
2017-02-22 09:14:19.270  INFO 69668 --- [           main] org.hibernate.tool.hbm2ddl.SchemaExport  : HHH000230: Schema export complete
2017-02-22 09:14:19.273  INFO 69668 --- [           main] j.LocalContainerEntityManagerFactoryBean : Initialized JPA EntityManagerFactory for persistence unit 'default'
2017-02-22 09:14:19.662  INFO 69668 --- [           main] s.w.s.m.m.a.RequestMappingHandlerMapping : Mapped "{[/api/buildInfo/qrs/{qrSerno}],methods=[DELETE]}" onto public org.springframework.http.ResponseEntity com.chahoo.u4d.api.buildInfo.BuildInfoController.deleteQr(com.chahoo.u4d.entity.Qr) throws java.lang.Exception
2017-02-22 09:14:19.663  INFO 69668 --- [           main] s.w.s.m.m.a.RequestMappingHandlerMapping : Mapped "{[/api/buildInfo/qrs/{qrSerno}],methods=[GET]}" onto public org.springframework.http.ResponseEntity com.chahoo.u4d.api.buildInfo.BuildInfoController.getQr(java.lang.String)
2017-02-22 09:14:19.663  INFO 69668 --- [           main] s.w.s.m.m.a.RequestMappingHandlerMapping : Mapped "{[/api/buildInfo/qrs],methods=[GET]}" onto public org.springframework.http.ResponseEntity com.chahoo.u4d.api.buildInfo.BuildInfoController.getQrList(java.util.Map<java.lang.String, java.lang.String>,org.springframework.data.domain.Pageable)
2017-02-22 09:14:19.663  INFO 69668 --- [           main] s.w.s.m.m.a.RequestMappingHandlerMapping : Mapped "{[/api/buildInfo/qrs/{qrSerno}],methods=[PUT]}" onto public org.springframework.http.ResponseEntity com.chahoo.u4d.api.buildInfo.BuildInfoController.updateQr(com.chahoo.u4d.entity.Qr)
2017-02-22 09:14:19.663  INFO 69668 --- [           main] s.w.s.m.m.a.RequestMappingHandlerMapping : Mapped "{[/api/buildInfo/qrs],methods=[POST]}" onto public org.springframework.http.ResponseEntity com.chahoo.u4d.api.buildInfo.BuildInfoController.createQr(com.chahoo.u4d.entity.Qr)
2017-02-22 09:14:19.663  INFO 69668 --- [           main] s.w.s.m.m.a.RequestMappingHandlerMapping : Mapped "{[/v2/api-docs],methods=[GET]}" onto public org.springframework.http.ResponseEntity<springfox.documentation.spring.web.json.Json> springfox.documentation.swagger2.web.Swagger2Controller.getDocumentation(java.lang.String)
2017-02-22 09:14:19.664  INFO 69668 --- [           main] s.w.s.m.m.a.RequestMappingHandlerMapping : Mapped "{[/configuration/security]}" onto org.springframework.http.ResponseEntity<springfox.documentation.swagger.web.SecurityConfiguration> springfox.documentation.swagger.web.ApiResourceController.securityConfiguration()
2017-02-22 09:14:19.664  INFO 69668 --- [           main] s.w.s.m.m.a.RequestMappingHandlerMapping : Mapped "{[/configuration/ui]}" onto org.springframework.http.ResponseEntity<springfox.documentation.swagger.web.UiConfiguration> springfox.documentation.swagger.web.ApiResourceController.uiConfiguration()
2017-02-22 09:14:19.665  INFO 69668 --- [           main] s.w.s.m.m.a.RequestMappingHandlerMapping : Mapped "{[/swagger-resources]}" onto org.springframework.http.ResponseEntity<java.util.List<springfox.documentation.swagger.web.SwaggerResource>> springfox.documentation.swagger.web.ApiResourceController.swaggerResources()
2017-02-22 09:14:19.666  INFO 69668 --- [           main] s.w.s.m.m.a.RequestMappingHandlerMapping : Mapped "{[/error]}" onto public org.springframework.http.ResponseEntity<java.util.Map<java.lang.String, java.lang.Object>> org.springframework.boot.autoconfigure.web.BasicErrorController.error(javax.servlet.http.HttpServletRequest)
2017-02-22 09:14:19.666  INFO 69668 --- [           main] s.w.s.m.m.a.RequestMappingHandlerMapping : Mapped "{[/error],produces=[text/html]}" onto public org.springframework.web.servlet.ModelAndView org.springframework.boot.autoconfigure.web.BasicErrorController.errorHtml(javax.servlet.http.HttpServletRequest,javax.servlet.http.HttpServletResponse)
2017-02-22 09:14:19.858  INFO 69668 --- [           main] s.w.s.m.m.a.RequestMappingHandlerAdapter : Looking for @ControllerAdvice: org.springframework.web.context.support.GenericWebApplicationContext@312af870: startup date [Wed Feb 22 09:14:17 GMT+09:00 2017]; root of context hierarchy
2017-02-22 09:14:19.879  INFO 69668 --- [           main] o.s.w.s.handler.SimpleUrlHandlerMapping  : Mapped URL path [/webjars/**] onto handler of type [class org.springframework.web.servlet.resource.ResourceHttpRequestHandler]
2017-02-22 09:14:19.879  INFO 69668 --- [           main] o.s.w.s.handler.SimpleUrlHandlerMapping  : Mapped URL path [/**] onto handler of type [class org.springframework.web.servlet.resource.ResourceHttpRequestHandler]
2017-02-22 09:14:19.907  INFO 69668 --- [           main] o.s.w.s.handler.SimpleUrlHandlerMapping  : Mapped URL path [/**/favicon.ico] onto handler of type [class org.springframework.web.servlet.resource.ResourceHttpRequestHandler]
2017-02-22 09:14:19.919  INFO 69668 --- [           main] oConfiguration$WelcomePageHandlerMapping : Adding welcome page: ServletContext resource [/index.html]
2017-02-22 09:14:20.222  INFO 69668 --- [           main] o.s.s.web.DefaultSecurityFilterChain     : Creating filter chain: OrRequestMatcher [requestMatchers=[Ant [pattern='/css/**'], Ant [pattern='/js/**'], Ant [pattern='/images/**'], Ant [pattern='/webjars/**'], Ant [pattern='/**/favicon.ico'], Ant [pattern='/error']]], []
2017-02-22 09:14:20.268  INFO 69668 --- [           main] o.s.s.web.DefaultSecurityFilterChain     : Creating filter chain: org.springframework.security.web.util.matcher.AnyRequestMatcher@1, [org.springframework.security.web.context.request.async.WebAsyncManagerIntegrationFilter@5d708ef6, org.springframework.security.web.context.SecurityContextPersistenceFilter@39562fc2, org.springframework.security.web.header.HeaderWriterFilter@24a5df6a, org.springframework.security.web.authentication.logout.LogoutFilter@70eb0c59, org.springframework.security.web.savedrequest.RequestCacheAwareFilter@349e6ca8, org.springframework.security.web.servletapi.SecurityContextHolderAwareRequestFilter@3e4aabde, org.springframework.security.web.authentication.AnonymousAuthenticationFilter@4d424aea, org.springframework.security.web.session.SessionManagementFilter@74d74701, org.springframework.security.web.access.ExceptionTranslationFilter@550b19d1, org.springframework.security.web.access.intercept.FilterSecurityInterceptor@5cef76a2]
2017-02-22 09:14:20.277  INFO 69668 --- [           main] o.s.s.web.DefaultSecurityFilterChain     : Creating filter chain: OrRequestMatcher [requestMatchers=[Ant [pattern='/**']]], [org.springframework.security.web.context.request.async.WebAsyncManagerIntegrationFilter@554b571b, org.springframework.security.web.context.SecurityContextPersistenceFilter@7b9866c6, org.springframework.security.web.header.HeaderWriterFilter@1f334ce0, org.springframework.security.web.authentication.logout.LogoutFilter@3c403b36, org.springframework.security.web.authentication.www.BasicAuthenticationFilter@4d6c42e, org.springframework.security.web.savedrequest.RequestCacheAwareFilter@6325ef80, org.springframework.security.web.servletapi.SecurityContextHolderAwareRequestFilter@66f4fb48, org.springframework.security.web.authentication.AnonymousAuthenticationFilter@3bf8feec, org.springframework.security.web.session.SessionManagementFilter@2b7e2212, org.springframework.security.web.access.ExceptionTranslationFilter@54398386, org.springframework.security.web.access.intercept.FilterSecurityInterceptor@64db8a3]
2017-02-22 09:14:20.429  INFO 69668 --- [           main] d.s.w.p.DocumentationPluginsBootstrapper : Context refreshed
2017-02-22 09:14:20.431  INFO 69668 --- [           main] d.s.w.p.DocumentationPluginsBootstrapper : Found {0} custom documentation plugin(s)
2017-02-22 09:14:20.434  INFO 69668 --- [           main] s.d.s.w.s.ApiListingReferenceScanner     : Scanning for api listing references
2017-02-22 09:14:20.435  INFO 69668 --- [           main] s.w.ClassOrApiAnnotationResourceGrouping : Group for method deleteQr was build-info-controller
2017-02-22 09:14:20.435  INFO 69668 --- [           main] s.d.s.w.s.ApiListingReferenceScanner     : Request mapping: deleteQr belongs to groups: [[ResourceGroup{groupName='build-info-controller', position=0, controller=com.chahoo.u4d.api.buildInfo.BuildInfoController}]] 
2017-02-22 09:14:20.436  INFO 69668 --- [           main] s.w.ClassOrApiAnnotationResourceGrouping : Group for method getQr was build-info-controller
2017-02-22 09:14:20.436  INFO 69668 --- [           main] s.d.s.w.s.ApiListingReferenceScanner     : Request mapping: getQr belongs to groups: [[ResourceGroup{groupName='build-info-controller', position=0, controller=com.chahoo.u4d.api.buildInfo.BuildInfoController}]] 
2017-02-22 09:14:20.437  INFO 69668 --- [           main] s.w.ClassOrApiAnnotationResourceGrouping : Group for method updateQr was build-info-controller
2017-02-22 09:14:20.437  INFO 69668 --- [           main] s.d.s.w.s.ApiListingReferenceScanner     : Request mapping: updateQr belongs to groups: [[ResourceGroup{groupName='build-info-controller', position=0, controller=com.chahoo.u4d.api.buildInfo.BuildInfoController}]] 
2017-02-22 09:14:20.437  INFO 69668 --- [           main] s.w.ClassOrApiAnnotationResourceGrouping : Group for method getQrList was build-info-controller
2017-02-22 09:14:20.437  INFO 69668 --- [           main] s.d.s.w.s.ApiListingReferenceScanner     : Request mapping: getQrList belongs to groups: [[ResourceGroup{groupName='build-info-controller', position=0, controller=com.chahoo.u4d.api.buildInfo.BuildInfoController}]] 
2017-02-22 09:14:20.437  INFO 69668 --- [           main] s.w.ClassOrApiAnnotationResourceGrouping : Group for method createQr was build-info-controller
2017-02-22 09:14:20.437  INFO 69668 --- [           main] s.d.s.w.s.ApiListingReferenceScanner     : Request mapping: createQr belongs to groups: [[ResourceGroup{groupName='build-info-controller', position=0, controller=com.chahoo.u4d.api.buildInfo.BuildInfoController}]] 
2017-02-22 09:14:20.438  INFO 69668 --- [           main] s.d.s.w.s.ApiListingReferenceScanner     : Created resource listing Path: /default/build-info-controller Description: build-info-controller Position: 0
2017-02-22 09:14:20.442  INFO 69668 --- [           main] utoConfigurationReportLoggingInitializer : 

Error starting ApplicationContext. To display the auto-configuration report re-run your application with 'debug' enabled.
2017-02-22 09:14:20.446 ERROR 69668 --- [           main] o.s.boot.SpringApplication               : Application startup failed

java.lang.NoSuchMethodError: com.fasterxml.classmate.TypeBindings.withAdditionalBinding(Ljava/lang/String;Lcom/fasterxml/classmate/ResolvedType;)Lcom/fasterxml/classmate/TypeBindings;
	at springfox.documentation.schema.WildcardType.adjustedTypeBindings(WildcardType.java:137) ~[springfox-core-2.2.2.jar:2.2.2]
	at springfox.documentation.schema.WildcardType.breadthFirstSearch(WildcardType.java:117) ~[springfox-core-2.2.2.jar:2.2.2]
	at springfox.documentation.schema.WildcardType.collectReplaceables(WildcardType.java:74) ~[springfox-core-2.2.2.jar:2.2.2]
	at springfox.documentation.schema.AlternateTypeRule.alternateFor(AlternateTypeRule.java:50) ~[springfox-core-2.2.2.jar:2.2.2]
	at springfox.documentation.spi.schema.AlternateTypeProvider.alternateFor(AlternateTypeProvider.java:44) ~[springfox-spi-2.2.2.jar:2.2.2]
	at springfox.documentation.spi.service.contexts.RequestMappingContext.alternateFor(RequestMappingContext.java:118) ~[springfox-spi-2.2.2.jar:2.2.2]
	at springfox.documentation.spring.web.readers.operation.OperationModelsProvider.collectFromReturnType(OperationModelsProvider.java:70) ~[springfox-spring-web-2.2.2.jar:2.2.2]
	at springfox.documentation.spring.web.readers.operation.OperationModelsProvider.apply(OperationModelsProvider.java:59) ~[springfox-spring-web-2.2.2.jar:2.2.2]
	at springfox.documentation.spring.web.plugins.DocumentationPluginsManager.modelContexts(DocumentationPluginsManager.java:129) ~[springfox-spring-web-2.2.2.jar:2.2.2]
	at springfox.documentation.spring.web.scanners.ApiModelReader.read(ApiModelReader.java:62) ~[springfox-spring-web-2.2.2.jar:2.2.2]
	at springfox.documentation.spring.web.scanners.ApiListingScanner.scan(ApiListingScanner.java:91) ~[springfox-spring-web-2.2.2.jar:2.2.2]
	at springfox.documentation.spring.web.scanners.ApiDocumentationScanner.scan(ApiDocumentationScanner.java:62) ~[springfox-spring-web-2.2.2.jar:2.2.2]
	at springfox.documentation.spring.web.plugins.DocumentationPluginsBootstrapper.scanDocumentation(DocumentationPluginsBootstrapper.java:101) ~[springfox-spring-web-2.2.2.jar:2.2.2]
	at springfox.documentation.spring.web.plugins.DocumentationPluginsBootstrapper.onApplicationEvent(DocumentationPluginsBootstrapper.java:87) ~[springfox-spring-web-2.2.2.jar:2.2.2]
	at springfox.documentation.spring.web.plugins.DocumentationPluginsBootstrapper.onApplicationEvent(DocumentationPluginsBootstrapper.java:50) ~[springfox-spring-web-2.2.2.jar:2.2.2]
	at org.springframework.context.event.SimpleApplicationEventMulticaster.invokeListener(SimpleApplicationEventMulticaster.java:167) ~[spring-context-4.3.6.RELEASE.jar:4.3.6.RELEASE]
	at org.springframework.context.event.SimpleApplicationEventMulticaster.multicastEvent(SimpleApplicationEventMulticaster.java:139) ~[spring-context-4.3.6.RELEASE.jar:4.3.6.RELEASE]
	at org.springframework.context.support.AbstractApplicationContext.publishEvent(AbstractApplicationContext.java:383) ~[spring-context-4.3.6.RELEASE.jar:4.3.6.RELEASE]
	at org.springframework.context.support.AbstractApplicationContext.publishEvent(AbstractApplicationContext.java:337) ~[spring-context-4.3.6.RELEASE.jar:4.3.6.RELEASE]
	at org.springframework.context.support.AbstractApplicationContext.finishRefresh(AbstractApplicationContext.java:882) ~[spring-context-4.3.6.RELEASE.jar:4.3.6.RELEASE]
	at org.springframework.context.support.AbstractApplicationContext.refresh(AbstractApplicationContext.java:545) ~[spring-context-4.3.6.RELEASE.jar:4.3.6.RELEASE]
	at org.springframework.boot.SpringApplication.refresh(SpringApplication.java:737) ~[spring-boot-1.5.1.RELEASE.jar:1.5.1.RELEASE]
	at org.springframework.boot.SpringApplication.refreshContext(SpringApplication.java:370) ~[spring-boot-1.5.1.RELEASE.jar:1.5.1.RELEASE]
	at org.springframework.boot.SpringApplication.run(SpringApplication.java:314) ~[spring-boot-1.5.1.RELEASE.jar:1.5.1.RELEASE]
	at org.springframework.boot.test.context.SpringBootContextLoader.loadContext(SpringBootContextLoader.java:120) [spring-boot-test-1.5.1.RELEASE.jar:1.5.1.RELEASE]
	at org.springframework.test.context.cache.DefaultCacheAwareContextLoaderDelegate.loadContextInternal(DefaultCacheAwareContextLoaderDelegate.java:98) [spring-test-4.3.6.RELEASE.jar:4.3.6.RELEASE]
	at org.springframework.test.context.cache.DefaultCacheAwareContextLoaderDelegate.loadContext(DefaultCacheAwareContextLoaderDelegate.java:116) [spring-test-4.3.6.RELEASE.jar:4.3.6.RELEASE]
	at org.springframework.test.context.support.DefaultTestContext.getApplicationContext(DefaultTestContext.java:83) [spring-test-4.3.6.RELEASE.jar:4.3.6.RELEASE]
	at org.springframework.test.context.web.ServletTestExecutionListener.setUpRequestContextIfNecessary(ServletTestExecutionListener.java:189) [spring-test-4.3.6.RELEASE.jar:4.3.6.RELEASE]
	at org.springframework.test.context.web.ServletTestExecutionListener.prepareTestInstance(ServletTestExecutionListener.java:131) [spring-test-4.3.6.RELEASE.jar:4.3.6.RELEASE]
	at org.springframework.test.context.TestContextManager.prepareTestInstance(TestContextManager.java:230) [spring-test-4.3.6.RELEASE.jar:4.3.6.RELEASE]
	at org.springframework.test.context.junit4.SpringJUnit4ClassRunner.createTest(SpringJUnit4ClassRunner.java:228) [spring-test-4.3.6.RELEASE.jar:4.3.6.RELEASE]
	at org.springframework.test.context.junit4.SpringJUnit4ClassRunner$1.runReflectiveCall(SpringJUnit4ClassRunner.java:287) [spring-test-4.3.6.RELEASE.jar:4.3.6.RELEASE]
	at org.junit.internal.runners.model.ReflectiveCallable.run(ReflectiveCallable.java:12) [junit-4.12.jar:4.12]
	at org.springframework.test.context.junit4.SpringJUnit4ClassRunner.methodBlock(SpringJUnit4ClassRunner.java:289) [spring-test-4.3.6.RELEASE.jar:4.3.6.RELEASE]
	at org.springframework.test.context.junit4.SpringJUnit4ClassRunner.runChild(SpringJUnit4ClassRunner.java:247) [spring-test-4.3.6.RELEASE.jar:4.3.6.RELEASE]
	at org.springframework.test.context.junit4.SpringJUnit4ClassRunner.runChild(SpringJUnit4ClassRunner.java:94) [spring-test-4.3.6.RELEASE.jar:4.3.6.RELEASE]
	at org.junit.runners.ParentRunner$3.run(ParentRunner.java:290) [junit-4.12.jar:4.12]
	at org.junit.runners.ParentRunner$1.schedule(ParentRunner.java:71) [junit-4.12.jar:4.12]
	at org.junit.runners.ParentRunner.runChildren(ParentRunner.java:288) [junit-4.12.jar:4.12]
	at org.junit.runners.ParentRunner.access$000(ParentRunner.java:58) [junit-4.12.jar:4.12]
	at org.junit.runners.ParentRunner$2.evaluate(ParentRunner.java:268) [junit-4.12.jar:4.12]
	at org.springframework.test.context.junit4.statements.RunBeforeTestClassCallbacks.evaluate(RunBeforeTestClassCallbacks.java:61) [spring-test-4.3.6.RELEASE.jar:4.3.6.RELEASE]
	at org.springframework.test.context.junit4.statements.RunAfterTestClassCallbacks.evaluate(RunAfterTestClassCallbacks.java:70) [spring-test-4.3.6.RELEASE.jar:4.3.6.RELEASE]
	at org.junit.runners.ParentRunner.run(ParentRunner.java:363) [junit-4.12.jar:4.12]
	at org.springframework.test.context.junit4.SpringJUnit4ClassRunner.run(SpringJUnit4ClassRunner.java:191) [spring-test-4.3.6.RELEASE.jar:4.3.6.RELEASE]
	at org.apache.maven.surefire.junit4.JUnit4Provider.execute(JUnit4Provider.java:283) [surefire-junit4-2.18.1.jar:2.18.1]
	at org.apache.maven.surefire.junit4.JUnit4Provider.executeWithRerun(JUnit4Provider.java:173) [surefire-junit4-2.18.1.jar:2.18.1]
	at org.apache.maven.surefire.junit4.JUnit4Provider.executeTestSet(JUnit4Provider.java:153) [surefire-junit4-2.18.1.jar:2.18.1]
	at org.apache.maven.surefire.junit4.JUnit4Provider.invoke(JUnit4Provider.java:128) [surefire-junit4-2.18.1.jar:2.18.1]
	at org.apache.maven.surefire.booter.ForkedBooter.invokeProviderInSameClassLoader(ForkedBooter.java:203) [surefire-booter-2.18.1.jar:2.18.1]
	at org.apache.maven.surefire.booter.ForkedBooter.runSuitesInProcess(ForkedBooter.java:155) [surefire-booter-2.18.1.jar:2.18.1]
	at org.apache.maven.surefire.booter.ForkedBooter.main(ForkedBooter.java:103) [surefire-booter-2.18.1.jar:2.18.1]

2017-02-22 09:14:20.447  INFO 69668 --- [           main] o.s.w.c.s.GenericWebApplicationContext   : Closing org.springframework.web.context.support.GenericWebApplicationContext@312af870: startup date [Wed Feb 22 09:14:17 GMT+09:00 2017]; root of context hierarchy
2017-02-22 09:14:20.449  INFO 69668 --- [           main] j.LocalContainerEntityManagerFactoryBean : Closing JPA EntityManagerFactory for persistence unit 'default'
2017-02-22 09:14:20.450  INFO 69668 --- [           main] org.hibernate.tool.hbm2ddl.SchemaExport  : HHH000227: Running hbm2ddl schema export
Hibernate: drop table if exists account cascade
Hibernate: drop table if exists cnst cascade
Hibernate: drop table if exists obst cascade
Hibernate: drop table if exists prod cascade
Hibernate: drop table if exists prod_type cascade
Hibernate: drop table if exists qr cascade
Hibernate: drop table if exists qr_link cascade
Hibernate: drop sequence hibernate_sequence
2017-02-22 09:14:20.522  INFO 69668 --- [           main] org.hibernate.tool.hbm2ddl.SchemaExport  : HHH000230: Schema export complete
2017-02-22 09:14:20.524 ERROR 69668 --- [           main] o.s.test.context.TestContextManager      : Caught exception while allowing TestExecutionListener [org.springframework.test.context.web.ServletTestExecutionListener@62fa4a88] to prepare test instance [com.chahoo.u4d.api.buildInfo.BuildInfoControllerTest@56221350]

java.lang.NoSuchMethodError: com.fasterxml.classmate.TypeBindings.withAdditionalBinding(Ljava/lang/String;Lcom/fasterxml/classmate/ResolvedType;)Lcom/fasterxml/classmate/TypeBindings;
	at springfox.documentation.schema.WildcardType.adjustedTypeBindings(WildcardType.java:137) ~[springfox-core-2.2.2.jar:2.2.2]
	at springfox.documentation.schema.WildcardType.breadthFirstSearch(WildcardType.java:117) ~[springfox-core-2.2.2.jar:2.2.2]
	at springfox.documentation.schema.WildcardType.collectReplaceables(WildcardType.java:74) ~[springfox-core-2.2.2.jar:2.2.2]
	at springfox.documentation.schema.AlternateTypeRule.alternateFor(AlternateTypeRule.java:50) ~[springfox-core-2.2.2.jar:2.2.2]
	at springfox.documentation.spi.schema.AlternateTypeProvider.alternateFor(AlternateTypeProvider.java:44) ~[springfox-spi-2.2.2.jar:2.2.2]
	at springfox.documentation.spi.service.contexts.RequestMappingContext.alternateFor(RequestMappingContext.java:118) ~[springfox-spi-2.2.2.jar:2.2.2]
	at springfox.documentation.spring.web.readers.operation.OperationModelsProvider.collectFromReturnType(OperationModelsProvider.java:70) ~[springfox-spring-web-2.2.2.jar:2.2.2]
	at springfox.documentation.spring.web.readers.operation.OperationModelsProvider.apply(OperationModelsProvider.java:59) ~[springfox-spring-web-2.2.2.jar:2.2.2]
	at springfox.documentation.spring.web.plugins.DocumentationPluginsManager.modelContexts(DocumentationPluginsManager.java:129) ~[springfox-spring-web-2.2.2.jar:2.2.2]
	at springfox.documentation.spring.web.scanners.ApiModelReader.read(ApiModelReader.java:62) ~[springfox-spring-web-2.2.2.jar:2.2.2]
	at springfox.documentation.spring.web.scanners.ApiListingScanner.scan(ApiListingScanner.java:91) ~[springfox-spring-web-2.2.2.jar:2.2.2]
	at springfox.documentation.spring.web.scanners.ApiDocumentationScanner.scan(ApiDocumentationScanner.java:62) ~[springfox-spring-web-2.2.2.jar:2.2.2]
	at springfox.documentation.spring.web.plugins.DocumentationPluginsBootstrapper.scanDocumentation(DocumentationPluginsBootstrapper.java:101) ~[springfox-spring-web-2.2.2.jar:2.2.2]
	at springfox.documentation.spring.web.plugins.DocumentationPluginsBootstrapper.onApplicationEvent(DocumentationPluginsBootstrapper.java:87) ~[springfox-spring-web-2.2.2.jar:2.2.2]
	at springfox.documentation.spring.web.plugins.DocumentationPluginsBootstrapper.onApplicationEvent(DocumentationPluginsBootstrapper.java:50) ~[springfox-spring-web-2.2.2.jar:2.2.2]
	at org.springframework.context.event.SimpleApplicationEventMulticaster.invokeListener(SimpleApplicationEventMulticaster.java:167) ~[spring-context-4.3.6.RELEASE.jar:4.3.6.RELEASE]
	at org.springframework.context.event.SimpleApplicationEventMulticaster.multicastEvent(SimpleApplicationEventMulticaster.java:139) ~[spring-context-4.3.6.RELEASE.jar:4.3.6.RELEASE]
	at org.springframework.context.support.AbstractApplicationContext.publishEvent(AbstractApplicationContext.java:383) ~[spring-context-4.3.6.RELEASE.jar:4.3.6.RELEASE]
	at org.springframework.context.support.AbstractApplicationContext.publishEvent(AbstractApplicationContext.java:337) ~[spring-context-4.3.6.RELEASE.jar:4.3.6.RELEASE]
	at org.springframework.context.support.AbstractApplicationContext.finishRefresh(AbstractApplicationContext.java:882) ~[spring-context-4.3.6.RELEASE.jar:4.3.6.RELEASE]
	at org.springframework.context.support.AbstractApplicationContext.refresh(AbstractApplicationContext.java:545) ~[spring-context-4.3.6.RELEASE.jar:4.3.6.RELEASE]
	at org.springframework.boot.SpringApplication.refresh(SpringApplication.java:737) ~[spring-boot-1.5.1.RELEASE.jar:1.5.1.RELEASE]
	at org.springframework.boot.SpringApplication.refreshContext(SpringApplication.java:370) ~[spring-boot-1.5.1.RELEASE.jar:1.5.1.RELEASE]
	at org.springframework.boot.SpringApplication.run(SpringApplication.java:314) ~[spring-boot-1.5.1.RELEASE.jar:1.5.1.RELEASE]
	at org.springframework.boot.test.context.SpringBootContextLoader.loadContext(SpringBootContextLoader.java:120) ~[spring-boot-test-1.5.1.RELEASE.jar:1.5.1.RELEASE]
	at org.springframework.test.context.cache.DefaultCacheAwareContextLoaderDelegate.loadContextInternal(DefaultCacheAwareContextLoaderDelegate.java:98) ~[spring-test-4.3.6.RELEASE.jar:4.3.6.RELEASE]
	at org.springframework.test.context.cache.DefaultCacheAwareContextLoaderDelegate.loadContext(DefaultCacheAwareContextLoaderDelegate.java:116) ~[spring-test-4.3.6.RELEASE.jar:4.3.6.RELEASE]
	at org.springframework.test.context.support.DefaultTestContext.getApplicationContext(DefaultTestContext.java:83) ~[spring-test-4.3.6.RELEASE.jar:4.3.6.RELEASE]
	at org.springframework.test.context.web.ServletTestExecutionListener.setUpRequestContextIfNecessary(ServletTestExecutionListener.java:189) ~[spring-test-4.3.6.RELEASE.jar:4.3.6.RELEASE]
	at org.springframework.test.context.web.ServletTestExecutionListener.prepareTestInstance(ServletTestExecutionListener.java:131) ~[spring-test-4.3.6.RELEASE.jar:4.3.6.RELEASE]
	at org.springframework.test.context.TestContextManager.prepareTestInstance(TestContextManager.java:230) ~[spring-test-4.3.6.RELEASE.jar:4.3.6.RELEASE]
	at org.springframework.test.context.junit4.SpringJUnit4ClassRunner.createTest(SpringJUnit4ClassRunner.java:228) [spring-test-4.3.6.RELEASE.jar:4.3.6.RELEASE]
	at org.springframework.test.context.junit4.SpringJUnit4ClassRunner$1.runReflectiveCall(SpringJUnit4ClassRunner.java:287) [spring-test-4.3.6.RELEASE.jar:4.3.6.RELEASE]
	at org.junit.internal.runners.model.ReflectiveCallable.run(ReflectiveCallable.java:12) [junit-4.12.jar:4.12]
	at org.springframework.test.context.junit4.SpringJUnit4ClassRunner.methodBlock(SpringJUnit4ClassRunner.java:289) [spring-test-4.3.6.RELEASE.jar:4.3.6.RELEASE]
	at org.springframework.test.context.junit4.SpringJUnit4ClassRunner.runChild(SpringJUnit4ClassRunner.java:247) [spring-test-4.3.6.RELEASE.jar:4.3.6.RELEASE]
	at org.springframework.test.context.junit4.SpringJUnit4ClassRunner.runChild(SpringJUnit4ClassRunner.java:94) [spring-test-4.3.6.RELEASE.jar:4.3.6.RELEASE]
	at org.junit.runners.ParentRunner$3.run(ParentRunner.java:290) [junit-4.12.jar:4.12]
	at org.junit.runners.ParentRunner$1.schedule(ParentRunner.java:71) [junit-4.12.jar:4.12]
	at org.junit.runners.ParentRunner.runChildren(ParentRunner.java:288) [junit-4.12.jar:4.12]
	at org.junit.runners.ParentRunner.access$000(ParentRunner.java:58) [junit-4.12.jar:4.12]
	at org.junit.runners.ParentRunner$2.evaluate(ParentRunner.java:268) [junit-4.12.jar:4.12]
	at org.springframework.test.context.junit4.statements.RunBeforeTestClassCallbacks.evaluate(RunBeforeTestClassCallbacks.java:61) [spring-test-4.3.6.RELEASE.jar:4.3.6.RELEASE]
	at org.springframework.test.context.junit4.statements.RunAfterTestClassCallbacks.evaluate(RunAfterTestClassCallbacks.java:70) [spring-test-4.3.6.RELEASE.jar:4.3.6.RELEASE]
	at org.junit.runners.ParentRunner.run(ParentRunner.java:363) [junit-4.12.jar:4.12]
	at org.springframework.test.context.junit4.SpringJUnit4ClassRunner.run(SpringJUnit4ClassRunner.java:191) [spring-test-4.3.6.RELEASE.jar:4.3.6.RELEASE]
	at org.apache.maven.surefire.junit4.JUnit4Provider.execute(JUnit4Provider.java:283) [surefire-junit4-2.18.1.jar:2.18.1]
	at org.apache.maven.surefire.junit4.JUnit4Provider.executeWithRerun(JUnit4Provider.java:173) [surefire-junit4-2.18.1.jar:2.18.1]
	at org.apache.maven.surefire.junit4.JUnit4Provider.executeTestSet(JUnit4Provider.java:153) [surefire-junit4-2.18.1.jar:2.18.1]
	at org.apache.maven.surefire.junit4.JUnit4Provider.invoke(JUnit4Provider.java:128) [surefire-junit4-2.18.1.jar:2.18.1]
	at org.apache.maven.surefire.booter.ForkedBooter.invokeProviderInSameClassLoader(ForkedBooter.java:203) [surefire-booter-2.18.1.jar:2.18.1]
	at org.apache.maven.surefire.booter.ForkedBooter.runSuitesInProcess(ForkedBooter.java:155) [surefire-booter-2.18.1.jar:2.18.1]
	at org.apache.maven.surefire.booter.ForkedBooter.main(ForkedBooter.java:103) [surefire-booter-2.18.1.jar:2.18.1]

]]></system-out>
  </testcase>
  <testcase name="testGetQr" classname="com.chahoo.u4d.api.buildInfo.BuildInfoControllerTest" time="0.001">
    <error message="com.fasterxml.classmate.TypeBindings.withAdditionalBinding(Ljava/lang/String;Lcom/fasterxml/classmate/ResolvedType;)Lcom/fasterxml/classmate/TypeBindings;" type="java.lang.NoSuchMethodError">java.lang.NoSuchMethodError: com.fasterxml.classmate.TypeBindings.withAdditionalBinding(Ljava/lang/String;Lcom/fasterxml/classmate/ResolvedType;)Lcom/fasterxml/classmate/TypeBindings;
	at springfox.documentation.schema.WildcardType.adjustedTypeBindings(WildcardType.java:137)
	at springfox.documentation.schema.WildcardType.breadthFirstSearch(WildcardType.java:117)
	at springfox.documentation.schema.WildcardType.collectReplaceables(WildcardType.java:74)
	at springfox.documentation.schema.AlternateTypeRule.alternateFor(AlternateTypeRule.java:50)
	at springfox.documentation.spi.schema.AlternateTypeProvider.alternateFor(AlternateTypeProvider.java:44)
	at springfox.documentation.spi.service.contexts.RequestMappingContext.alternateFor(RequestMappingContext.java:118)
	at springfox.documentation.spring.web.readers.operation.OperationModelsProvider.collectFromReturnType(OperationModelsProvider.java:70)
	at springfox.documentation.spring.web.readers.operation.OperationModelsProvider.apply(OperationModelsProvider.java:59)
	at springfox.documentation.spring.web.plugins.DocumentationPluginsManager.modelContexts(DocumentationPluginsManager.java:129)
	at springfox.documentation.spring.web.scanners.ApiModelReader.read(ApiModelReader.java:62)
	at springfox.documentation.spring.web.scanners.ApiListingScanner.scan(ApiListingScanner.java:91)
	at springfox.documentation.spring.web.scanners.ApiDocumentationScanner.scan(ApiDocumentationScanner.java:62)
	at springfox.documentation.spring.web.plugins.DocumentationPluginsBootstrapper.scanDocumentation(DocumentationPluginsBootstrapper.java:101)
	at springfox.documentation.spring.web.plugins.DocumentationPluginsBootstrapper.onApplicationEvent(DocumentationPluginsBootstrapper.java:87)
	at springfox.documentation.spring.web.plugins.DocumentationPluginsBootstrapper.onApplicationEvent(DocumentationPluginsBootstrapper.java:50)
	at org.springframework.context.event.SimpleApplicationEventMulticaster.invokeListener(SimpleApplicationEventMulticaster.java:167)
	at org.springframework.context.event.SimpleApplicationEventMulticaster.multicastEvent(SimpleApplicationEventMulticaster.java:139)
	at org.springframework.context.support.AbstractApplicationContext.publishEvent(AbstractApplicationContext.java:383)
	at org.springframework.context.support.AbstractApplicationContext.publishEvent(AbstractApplicationContext.java:337)
	at org.springframework.context.support.AbstractApplicationContext.finishRefresh(AbstractApplicationContext.java:882)
	at org.springframework.context.support.AbstractApplicationContext.refresh(AbstractApplicationContext.java:545)
	at org.springframework.boot.SpringApplication.refresh(SpringApplication.java:737)
	at org.springframework.boot.SpringApplication.refreshContext(SpringApplication.java:370)
	at org.springframework.boot.SpringApplication.run(SpringApplication.java:314)
	at org.springframework.boot.test.context.SpringBootContextLoader.loadContext(SpringBootContextLoader.java:120)
	at org.springframework.test.context.cache.DefaultCacheAwareContextLoaderDelegate.loadContextInternal(DefaultCacheAwareContextLoaderDelegate.java:98)
	at org.springframework.test.context.cache.DefaultCacheAwareContextLoaderDelegate.loadContext(DefaultCacheAwareContextLoaderDelegate.java:116)
	at org.springframework.test.context.support.DefaultTestContext.getApplicationContext(DefaultTestContext.java:83)
	at org.springframework.test.context.web.ServletTestExecutionListener.setUpRequestContextIfNecessary(ServletTestExecutionListener.java:189)
	at org.springframework.test.context.web.ServletTestExecutionListener.prepareTestInstance(ServletTestExecutionListener.java:131)
	at org.springframework.test.context.TestContextManager.prepareTestInstance(TestContextManager.java:230)
	at org.springframework.test.context.junit4.SpringJUnit4ClassRunner.createTest(SpringJUnit4ClassRunner.java:228)
	at org.springframework.test.context.junit4.SpringJUnit4ClassRunner$1.runReflectiveCall(SpringJUnit4ClassRunner.java:287)
	at org.junit.internal.runners.model.ReflectiveCallable.run(ReflectiveCallable.java:12)
	at org.springframework.test.context.junit4.SpringJUnit4ClassRunner.methodBlock(SpringJUnit4ClassRunner.java:289)
	at org.springframework.test.context.junit4.SpringJUnit4ClassRunner.runChild(SpringJUnit4ClassRunner.java:247)
	at org.springframework.test.context.junit4.SpringJUnit4ClassRunner.runChild(SpringJUnit4ClassRunner.java:94)
	at org.junit.runners.ParentRunner$3.run(ParentRunner.java:290)
	at org.junit.runners.ParentRunner$1.schedule(ParentRunner.java:71)
	at org.junit.runners.ParentRunner.runChildren(ParentRunner.java:288)
	at org.junit.runners.ParentRunner.access$000(ParentRunner.java:58)
	at org.junit.runners.ParentRunner$2.evaluate(ParentRunner.java:268)
	at org.springframework.test.context.junit4.statements.RunBeforeTestClassCallbacks.evaluate(RunBeforeTestClassCallbacks.java:61)
	at org.springframework.test.context.junit4.statements.RunAfterTestClassCallbacks.evaluate(RunAfterTestClassCallbacks.java:70)
	at org.junit.runners.ParentRunner.run(ParentRunner.java:363)
	at org.springframework.test.context.junit4.SpringJUnit4ClassRunner.run(SpringJUnit4ClassRunner.java:191)
	at org.apache.maven.surefire.junit4.JUnit4Provider.execute(JUnit4Provider.java:283)
	at org.apache.maven.surefire.junit4.JUnit4Provider.executeWithRerun(JUnit4Provider.java:173)
	at org.apache.maven.surefire.junit4.JUnit4Provider.executeTestSet(JUnit4Provider.java:153)
	at org.apache.maven.surefire.junit4.JUnit4Provider.invoke(JUnit4Provider.java:128)
	at org.apache.maven.surefire.booter.ForkedBooter.invokeProviderInSameClassLoader(ForkedBooter.java:203)
	at org.apache.maven.surefire.booter.ForkedBooter.runSuitesInProcess(ForkedBooter.java:155)
	at org.apache.maven.surefire.booter.ForkedBooter.main(ForkedBooter.java:103)
</error>
    <system-out><![CDATA[__/\\\________/\\\______________________/\\\_______________/\\\\\\\\\\\\____
 _\/\\\_______\/\\\____________________/\\\\\______________\/\\\////////\\\__
  _\/\\\_______\/\\\__________________/\\\/\\\______________\/\\\______\//\\\_
   _\/\\\_______\/\\\________________/\\\/\/\\\______________\/\\\_______\/\\\_
    _\/\\\_______\/\\\______________/\\\/__\/\\\______________\/\\\_______\/\\\_
     _\/\\\_______\/\\\____________/\\\\\\\\\\\\\\\\___________\/\\\_______\/\\\_
      _\//\\\______/\\\____________\///////////\\\//____________\/\\\_______/\\\__
       __\///\\\\\\\\\/_______________________\/\\\______________\/\\\\\\\\\\\\/___
        ____\/////////_________________________\///_______________\////////////_____


????         ???????    ???  ???     ??????     ???  ???     ???????      ???????         ????
????        ????????    ???  ???    ????????    ???  ???    ?????????    ?????????        ????
???         ???         ????????    ????????    ????????    ???   ???    ???   ???         ???
???         ???         ????????    ????????    ????????    ???   ???    ???   ???         ???
????        ????????    ???  ???    ???  ???    ???  ???    ?????????    ?????????        ????
????         ???????    ???  ???    ???  ???    ???  ???     ???????      ???????         ????



2017-02-22 09:14:20.592  INFO 69668 --- [           main] c.c.u.a.b.BuildInfoControllerTest        : Starting BuildInfoControllerTest on LAPTOP-DP780HI6 with PID 69668 (started by jjryu in D:\workspace_sts\Line)
2017-02-22 09:14:20.593  INFO 69668 --- [           main] c.c.u.a.b.BuildInfoControllerTest        : No active profile set, falling back to default profiles: default
2017-02-22 09:14:20.595  INFO 69668 --- [           main] o.s.w.c.s.GenericWebApplicationContext   : Refreshing org.springframework.web.context.support.GenericWebApplicationContext@11def039: startup date [Wed Feb 22 09:14:20 GMT+09:00 2017]; root of context hierarchy
2017-02-22 09:14:21.137  INFO 69668 --- [           main] trationDelegate$BeanPostProcessorChecker : Bean 'org.springframework.boot.autoconfigure.validation.ValidationAutoConfiguration' of type [class org.springframework.boot.autoconfigure.validation.ValidationAutoConfiguration] is not eligible for getting processed by all BeanPostProcessors (for example: not eligible for auto-proxying)
2017-02-22 09:14:21.144  INFO 69668 --- [           main] trationDelegate$BeanPostProcessorChecker : Bean 'validator' of type [class org.springframework.validation.beanvalidation.LocalValidatorFactoryBean] is not eligible for getting processed by all BeanPostProcessors (for example: not eligible for auto-proxying)
2017-02-22 09:14:21.158  INFO 69668 --- [           main] trationDelegate$BeanPostProcessorChecker : Bean 'org.springframework.transaction.annotation.ProxyTransactionManagementConfiguration' of type [class org.springframework.transaction.annotation.ProxyTransactionManagementConfiguration$$EnhancerBySpringCGLIB$$eb70431a] is not eligible for getting processed by all BeanPostProcessors (for example: not eligible for auto-proxying)
2017-02-22 09:14:22.486  INFO 69668 --- [           main] j.LocalContainerEntityManagerFactoryBean : Building JPA container EntityManagerFactory for persistence unit 'default'
2017-02-22 09:14:22.487  INFO 69668 --- [           main] o.hibernate.jpa.internal.util.LogHelper  : HHH000204: Processing PersistenceUnitInfo [
	name: default
	...]
2017-02-22 09:14:22.495  INFO 69668 --- [           main] org.hibernate.dialect.Dialect            : HHH000400: Using dialect: org.hibernate.dialect.PostgreSQL82Dialect
2017-02-22 09:14:22.606  INFO 69668 --- [           main] o.h.e.j.e.i.LobCreatorBuilderImpl        : HHH000424: Disabling contextual LOB creation as createClob() method threw error : java.lang.reflect.InvocationTargetException
2017-02-22 09:14:22.607  INFO 69668 --- [           main] org.hibernate.type.BasicTypeRegistry     : HHH000270: Type registration [java.util.UUID] overrides previous : org.hibernate.type.UUIDBinaryType@2d258eff
2017-02-22 09:14:22.618  WARN 69668 --- [           main] org.hibernate.orm.deprecation            : HHH90000014: Found use of deprecated [org.hibernate.id.SequenceGenerator] sequence-based id generator; use org.hibernate.id.enhanced.SequenceStyleGenerator instead.  See Hibernate Domain Model Mapping Guide for details.
2017-02-22 09:14:22.655  INFO 69668 --- [           main] org.hibernate.tool.hbm2ddl.SchemaExport  : HHH000227: Running hbm2ddl schema export
Hibernate: drop table if exists account cascade
Hibernate: drop table if exists cnst cascade
Hibernate: drop table if exists obst cascade
Hibernate: drop table if exists prod cascade
Hibernate: drop table if exists prod_type cascade
Hibernate: drop table if exists qr cascade
Hibernate: drop table if exists qr_link cascade
Hibernate: drop sequence hibernate_sequence
2017-02-22 09:14:22.660 ERROR 69668 --- [           main] org.hibernate.tool.hbm2ddl.SchemaExport  : HHH000389: Unsuccessful: drop sequence hibernate_sequence
2017-02-22 09:14:22.660 ERROR 69668 --- [           main] org.hibernate.tool.hbm2ddl.SchemaExport  : ERROR: sequence "hibernate_sequence" does not exist
Hibernate: create sequence hibernate_sequence start 1 increment 1
Hibernate: create table account (id int8 not null, create_date timestamp, create_login_id varchar(255), login_id varchar(255) not null, password varchar(255) not null, update_date timestamp, update_login_id varchar(255), user_name varchar(255) not null, primary key (id))
Hibernate: create table cnst (cnst_serno int8 not null, area_serno int8, cnst_goal varchar(255), cnst_nm varchar(255), cnst_pos varchar(255), descr varchar(255), fday date, plan_fday date, plan_tday date, pro_stts varchar(255), reg_date date, reg_user_serno int8, tday date, updt_date date, updt_user_serno int8, use_yn char(1), primary key (cnst_serno))
Hibernate: create table obst (obst_code varchar(255) not null, descr varchar(255), legend_color varchar(255), obst_nm varchar(255), oder int8, reg_date date, reg_user_serno int8, updt_date date, updt_user_serno int8, upper_obst_code varchar(255), use_yn char(1), primary key (obst_code))
Hibernate: create table prod (prod_serno int8 not null, descr varchar(255), man_com_nm varchar(255), mdl_code varchar(255), model_serno int8, mtrl varchar(255), obst_code varchar(255), pipe_dia numeric(19, 2), pipe_dia_descr varchar(255), prod_nm varchar(255), prod_type_code varchar(255), reg_date date, reg_user_serno int8, updt_date date, updt_user_serno int8, use_yn char(1), primary key (prod_serno))
Hibernate: create table prod_type (prod_type_code varchar(255) not null, descr varchar(255), oder int8, prod_type_nm varchar(255), reg_date date, reg_user_serno int8, updt_date date, updt_user_serno int8, upper_prod_type_code varchar(255), use_yn char(1), primary key (prod_type_code))
Hibernate: create table qr (qr_serno int8 not null, area_serno int8, as_tgt_yn char(1), builder_nm varchar(255), buld_date date, buld_yn char(1), cnst_serno int8, descr varchar(255), desg_qr_yn char(1), ins_depth numeric(19, 2), ins_height numeric(19, 2), ins_latu numeric(19, 2), ins_lgtu numeric(19, 2), ins_tm_x numeric(19, 2), ins_tm_y numeric(19, 2), model_info_yn char(1), ofs_x numeric(19, 2), ofs_y numeric(19, 2), ofs_z numeric(19, 2), prod_serno int8 not null, qr_code varchar(255), reg_date date, reg_user_serno int8, rot_x numeric(19, 2), rot_y numeric(19, 2), rot_z numeric(19, 2), scale numeric(19, 2), scale_x numeric(19, 2), scale_y numeric(19, 2), scale_z numeric(19, 2), skin numeric(19, 2), surpnt_mth_code varchar(255), surpnt_no varchar(255), survey_yn char(1), updt_date date, updt_user_serno int8, updt_yn char(1), use_yn char(1), primary key (qr_serno))
Hibernate: create table qr_link (link_serno int8 not null, cnst_serno int8 not null, descr varchar(255), desg_qr_yn char(1), from_qr_serno int8 not null, pipe_length numeric(19, 2), pipeline_serno int8, reg_date date, reg_user_serno int8, survey_yn char(1), to_qr_serno int8 not null, updt_date date, updt_user_serno int8, use_yn char(1), primary key (link_serno))
Hibernate: alter table account add constraint UK_tqpuaqxalcaeddpc0m6mcxobg unique (login_id)
2017-02-22 09:14:22.819  INFO 69668 --- [           main] org.hibernate.tool.hbm2ddl.SchemaExport  : HHH000230: Schema export complete
2017-02-22 09:14:22.822  INFO 69668 --- [           main] j.LocalContainerEntityManagerFactoryBean : Initialized JPA EntityManagerFactory for persistence unit 'default'
2017-02-22 09:14:23.188  INFO 69668 --- [           main] s.w.s.m.m.a.RequestMappingHandlerMapping : Mapped "{[/api/buildInfo/qrs/{qrSerno}],methods=[DELETE]}" onto public org.springframework.http.ResponseEntity com.chahoo.u4d.api.buildInfo.BuildInfoController.deleteQr(com.chahoo.u4d.entity.Qr) throws java.lang.Exception
2017-02-22 09:14:23.188  INFO 69668 --- [           main] s.w.s.m.m.a.RequestMappingHandlerMapping : Mapped "{[/api/buildInfo/qrs/{qrSerno}],methods=[GET]}" onto public org.springframework.http.ResponseEntity com.chahoo.u4d.api.buildInfo.BuildInfoController.getQr(java.lang.String)
2017-02-22 09:14:23.188  INFO 69668 --- [           main] s.w.s.m.m.a.RequestMappingHandlerMapping : Mapped "{[/api/buildInfo/qrs],methods=[GET]}" onto public org.springframework.http.ResponseEntity com.chahoo.u4d.api.buildInfo.BuildInfoController.getQrList(java.util.Map<java.lang.String, java.lang.String>,org.springframework.data.domain.Pageable)
2017-02-22 09:14:23.188  INFO 69668 --- [           main] s.w.s.m.m.a.RequestMappingHandlerMapping : Mapped "{[/api/buildInfo/qrs/{qrSerno}],methods=[PUT]}" onto public org.springframework.http.ResponseEntity com.chahoo.u4d.api.buildInfo.BuildInfoController.updateQr(com.chahoo.u4d.entity.Qr)
2017-02-22 09:14:23.188  INFO 69668 --- [           main] s.w.s.m.m.a.RequestMappingHandlerMapping : Mapped "{[/api/buildInfo/qrs],methods=[POST]}" onto public org.springframework.http.ResponseEntity com.chahoo.u4d.api.buildInfo.BuildInfoController.createQr(com.chahoo.u4d.entity.Qr)
2017-02-22 09:14:23.189  INFO 69668 --- [           main] s.w.s.m.m.a.RequestMappingHandlerMapping : Mapped "{[/v2/api-docs],methods=[GET]}" onto public org.springframework.http.ResponseEntity<springfox.documentation.spring.web.json.Json> springfox.documentation.swagger2.web.Swagger2Controller.getDocumentation(java.lang.String)
2017-02-22 09:14:23.189  INFO 69668 --- [           main] s.w.s.m.m.a.RequestMappingHandlerMapping : Mapped "{[/configuration/security]}" onto org.springframework.http.ResponseEntity<springfox.documentation.swagger.web.SecurityConfiguration> springfox.documentation.swagger.web.ApiResourceController.securityConfiguration()
2017-02-22 09:14:23.189  INFO 69668 --- [           main] s.w.s.m.m.a.RequestMappingHandlerMapping : Mapped "{[/configuration/ui]}" onto org.springframework.http.ResponseEntity<springfox.documentation.swagger.web.UiConfiguration> springfox.documentation.swagger.web.ApiResourceController.uiConfiguration()
2017-02-22 09:14:23.189  INFO 69668 --- [           main] s.w.s.m.m.a.RequestMappingHandlerMapping : Mapped "{[/swagger-resources]}" onto org.springframework.http.ResponseEntity<java.util.List<springfox.documentation.swagger.web.SwaggerResource>> springfox.documentation.swagger.web.ApiResourceController.swaggerResources()
2017-02-22 09:14:23.190  INFO 69668 --- [           main] s.w.s.m.m.a.RequestMappingHandlerMapping : Mapped "{[/error]}" onto public org.springframework.http.ResponseEntity<java.util.Map<java.lang.String, java.lang.Object>> org.springframework.boot.autoconfigure.web.BasicErrorController.error(javax.servlet.http.HttpServletRequest)
2017-02-22 09:14:23.190  INFO 69668 --- [           main] s.w.s.m.m.a.RequestMappingHandlerMapping : Mapped "{[/error],produces=[text/html]}" onto public org.springframework.web.servlet.ModelAndView org.springframework.boot.autoconfigure.web.BasicErrorController.errorHtml(javax.servlet.http.HttpServletRequest,javax.servlet.http.HttpServletResponse)
2017-02-22 09:14:23.368  INFO 69668 --- [           main] s.w.s.m.m.a.RequestMappingHandlerAdapter : Looking for @ControllerAdvice: org.springframework.web.context.support.GenericWebApplicationContext@11def039: startup date [Wed Feb 22 09:14:20 GMT+09:00 2017]; root of context hierarchy
2017-02-22 09:14:23.410  INFO 69668 --- [           main] o.s.w.s.handler.SimpleUrlHandlerMapping  : Mapped URL path [/webjars/**] onto handler of type [class org.springframework.web.servlet.resource.ResourceHttpRequestHandler]
2017-02-22 09:14:23.410  INFO 69668 --- [           main] o.s.w.s.handler.SimpleUrlHandlerMapping  : Mapped URL path [/**] onto handler of type [class org.springframework.web.servlet.resource.ResourceHttpRequestHandler]
2017-02-22 09:14:23.438  INFO 69668 --- [           main] o.s.w.s.handler.SimpleUrlHandlerMapping  : Mapped URL path [/**/favicon.ico] onto handler of type [class org.springframework.web.servlet.resource.ResourceHttpRequestHandler]
2017-02-22 09:14:23.450  INFO 69668 --- [           main] oConfiguration$WelcomePageHandlerMapping : Adding welcome page: ServletContext resource [/index.html]
2017-02-22 09:14:23.763  INFO 69668 --- [           main] o.s.s.web.DefaultSecurityFilterChain     : Creating filter chain: OrRequestMatcher [requestMatchers=[Ant [pattern='/css/**'], Ant [pattern='/js/**'], Ant [pattern='/images/**'], Ant [pattern='/webjars/**'], Ant [pattern='/**/favicon.ico'], Ant [pattern='/error']]], []
2017-02-22 09:14:23.806  INFO 69668 --- [           main] o.s.s.web.DefaultSecurityFilterChain     : Creating filter chain: org.springframework.security.web.util.matcher.AnyRequestMatcher@1, [org.springframework.security.web.context.request.async.WebAsyncManagerIntegrationFilter@604c9f59, org.springframework.security.web.context.SecurityContextPersistenceFilter@5a77b7cc, org.springframework.security.web.header.HeaderWriterFilter@74f70a7b, org.springframework.security.web.authentication.logout.LogoutFilter@3ad7a94, org.springframework.security.web.savedrequest.RequestCacheAwareFilter@42f814cd, org.springframework.security.web.servletapi.SecurityContextHolderAwareRequestFilter@e107a3b, org.springframework.security.web.authentication.AnonymousAuthenticationFilter@1201d134, org.springframework.security.web.session.SessionManagementFilter@7bbec1cc, org.springframework.security.web.access.ExceptionTranslationFilter@59e83ff0, org.springframework.security.web.access.intercept.FilterSecurityInterceptor@7cd90b9b]
2017-02-22 09:14:23.816  INFO 69668 --- [           main] o.s.s.web.DefaultSecurityFilterChain     : Creating filter chain: OrRequestMatcher [requestMatchers=[Ant [pattern='/**']]], [org.springframework.security.web.context.request.async.WebAsyncManagerIntegrationFilter@60b33bc, org.springframework.security.web.context.SecurityContextPersistenceFilter@685a8158, org.springframework.security.web.header.HeaderWriterFilter@2cb6c8a6, org.springframework.security.web.authentication.logout.LogoutFilter@67f3b72d, org.springframework.security.web.authentication.www.BasicAuthenticationFilter@5b9fbaca, org.springframework.security.web.savedrequest.RequestCacheAwareFilter@5ae9ea0a, org.springframework.security.web.servletapi.SecurityContextHolderAwareRequestFilter@4080ea09, org.springframework.security.web.authentication.AnonymousAuthenticationFilter@294bb5f0, org.springframework.security.web.session.SessionManagementFilter@4e9d3925, org.springframework.security.web.access.ExceptionTranslationFilter@7238072e, org.springframework.security.web.access.intercept.FilterSecurityInterceptor@557bf0f0]
2017-02-22 09:14:23.937  INFO 69668 --- [           main] d.s.w.p.DocumentationPluginsBootstrapper : Context refreshed
2017-02-22 09:14:23.938  INFO 69668 --- [           main] d.s.w.p.DocumentationPluginsBootstrapper : Found {0} custom documentation plugin(s)
2017-02-22 09:14:23.940  INFO 69668 --- [           main] s.d.s.w.s.ApiListingReferenceScanner     : Scanning for api listing references
2017-02-22 09:14:23.940  INFO 69668 --- [           main] s.w.ClassOrApiAnnotationResourceGrouping : Group for method deleteQr was build-info-controller
2017-02-22 09:14:23.940  INFO 69668 --- [           main] s.d.s.w.s.ApiListingReferenceScanner     : Request mapping: deleteQr belongs to groups: [[ResourceGroup{groupName='build-info-controller', position=0, controller=com.chahoo.u4d.api.buildInfo.BuildInfoController}]] 
2017-02-22 09:14:23.940  INFO 69668 --- [           main] s.w.ClassOrApiAnnotationResourceGrouping : Group for method getQr was build-info-controller
2017-02-22 09:14:23.940  INFO 69668 --- [           main] s.d.s.w.s.ApiListingReferenceScanner     : Request mapping: getQr belongs to groups: [[ResourceGroup{groupName='build-info-controller', position=0, controller=com.chahoo.u4d.api.buildInfo.BuildInfoController}]] 
2017-02-22 09:14:23.941  INFO 69668 --- [           main] s.w.ClassOrApiAnnotationResourceGrouping : Group for method updateQr was build-info-controller
2017-02-22 09:14:23.941  INFO 69668 --- [           main] s.d.s.w.s.ApiListingReferenceScanner     : Request mapping: updateQr belongs to groups: [[ResourceGroup{groupName='build-info-controller', position=0, controller=com.chahoo.u4d.api.buildInfo.BuildInfoController}]] 
2017-02-22 09:14:23.941  INFO 69668 --- [           main] s.w.ClassOrApiAnnotationResourceGrouping : Group for method getQrList was build-info-controller
2017-02-22 09:14:23.941  INFO 69668 --- [           main] s.d.s.w.s.ApiListingReferenceScanner     : Request mapping: getQrList belongs to groups: [[ResourceGroup{groupName='build-info-controller', position=0, controller=com.chahoo.u4d.api.buildInfo.BuildInfoController}]] 
2017-02-22 09:14:23.941  INFO 69668 --- [           main] s.w.ClassOrApiAnnotationResourceGrouping : Group for method createQr was build-info-controller
2017-02-22 09:14:23.941  INFO 69668 --- [           main] s.d.s.w.s.ApiListingReferenceScanner     : Request mapping: createQr belongs to groups: [[ResourceGroup{groupName='build-info-controller', position=0, controller=com.chahoo.u4d.api.buildInfo.BuildInfoController}]] 
2017-02-22 09:14:23.941  INFO 69668 --- [           main] s.d.s.w.s.ApiListingReferenceScanner     : Created resource listing Path: /default/build-info-controller Description: build-info-controller Position: 0
2017-02-22 09:14:23.944  INFO 69668 --- [           main] utoConfigurationReportLoggingInitializer : 

Error starting ApplicationContext. To display the auto-configuration report re-run your application with 'debug' enabled.
2017-02-22 09:14:23.948 ERROR 69668 --- [           main] o.s.boot.SpringApplication               : Application startup failed

java.lang.NoSuchMethodError: com.fasterxml.classmate.TypeBindings.withAdditionalBinding(Ljava/lang/String;Lcom/fasterxml/classmate/ResolvedType;)Lcom/fasterxml/classmate/TypeBindings;
	at springfox.documentation.schema.WildcardType.adjustedTypeBindings(WildcardType.java:137) ~[springfox-core-2.2.2.jar:2.2.2]
	at springfox.documentation.schema.WildcardType.breadthFirstSearch(WildcardType.java:117) ~[springfox-core-2.2.2.jar:2.2.2]
	at springfox.documentation.schema.WildcardType.collectReplaceables(WildcardType.java:74) ~[springfox-core-2.2.2.jar:2.2.2]
	at springfox.documentation.schema.AlternateTypeRule.alternateFor(AlternateTypeRule.java:50) ~[springfox-core-2.2.2.jar:2.2.2]
	at springfox.documentation.spi.schema.AlternateTypeProvider.alternateFor(AlternateTypeProvider.java:44) ~[springfox-spi-2.2.2.jar:2.2.2]
	at springfox.documentation.spi.service.contexts.RequestMappingContext.alternateFor(RequestMappingContext.java:118) ~[springfox-spi-2.2.2.jar:2.2.2]
	at springfox.documentation.spring.web.readers.operation.OperationModelsProvider.collectFromReturnType(OperationModelsProvider.java:70) ~[springfox-spring-web-2.2.2.jar:2.2.2]
	at springfox.documentation.spring.web.readers.operation.OperationModelsProvider.apply(OperationModelsProvider.java:59) ~[springfox-spring-web-2.2.2.jar:2.2.2]
	at springfox.documentation.spring.web.plugins.DocumentationPluginsManager.modelContexts(DocumentationPluginsManager.java:129) ~[springfox-spring-web-2.2.2.jar:2.2.2]
	at springfox.documentation.spring.web.scanners.ApiModelReader.read(ApiModelReader.java:62) ~[springfox-spring-web-2.2.2.jar:2.2.2]
	at springfox.documentation.spring.web.scanners.ApiListingScanner.scan(ApiListingScanner.java:91) ~[springfox-spring-web-2.2.2.jar:2.2.2]
	at springfox.documentation.spring.web.scanners.ApiDocumentationScanner.scan(ApiDocumentationScanner.java:62) ~[springfox-spring-web-2.2.2.jar:2.2.2]
	at springfox.documentation.spring.web.plugins.DocumentationPluginsBootstrapper.scanDocumentation(DocumentationPluginsBootstrapper.java:101) ~[springfox-spring-web-2.2.2.jar:2.2.2]
	at springfox.documentation.spring.web.plugins.DocumentationPluginsBootstrapper.onApplicationEvent(DocumentationPluginsBootstrapper.java:87) ~[springfox-spring-web-2.2.2.jar:2.2.2]
	at springfox.documentation.spring.web.plugins.DocumentationPluginsBootstrapper.onApplicationEvent(DocumentationPluginsBootstrapper.java:50) ~[springfox-spring-web-2.2.2.jar:2.2.2]
	at org.springframework.context.event.SimpleApplicationEventMulticaster.invokeListener(SimpleApplicationEventMulticaster.java:167) ~[spring-context-4.3.6.RELEASE.jar:4.3.6.RELEASE]
	at org.springframework.context.event.SimpleApplicationEventMulticaster.multicastEvent(SimpleApplicationEventMulticaster.java:139) ~[spring-context-4.3.6.RELEASE.jar:4.3.6.RELEASE]
	at org.springframework.context.support.AbstractApplicationContext.publishEvent(AbstractApplicationContext.java:383) ~[spring-context-4.3.6.RELEASE.jar:4.3.6.RELEASE]
	at org.springframework.context.support.AbstractApplicationContext.publishEvent(AbstractApplicationContext.java:337) ~[spring-context-4.3.6.RELEASE.jar:4.3.6.RELEASE]
	at org.springframework.context.support.AbstractApplicationContext.finishRefresh(AbstractApplicationContext.java:882) ~[spring-context-4.3.6.RELEASE.jar:4.3.6.RELEASE]
	at org.springframework.context.support.AbstractApplicationContext.refresh(AbstractApplicationContext.java:545) ~[spring-context-4.3.6.RELEASE.jar:4.3.6.RELEASE]
	at org.springframework.boot.SpringApplication.refresh(SpringApplication.java:737) ~[spring-boot-1.5.1.RELEASE.jar:1.5.1.RELEASE]
	at org.springframework.boot.SpringApplication.refreshContext(SpringApplication.java:370) ~[spring-boot-1.5.1.RELEASE.jar:1.5.1.RELEASE]
	at org.springframework.boot.SpringApplication.run(SpringApplication.java:314) ~[spring-boot-1.5.1.RELEASE.jar:1.5.1.RELEASE]
	at org.springframework.boot.test.context.SpringBootContextLoader.loadContext(SpringBootContextLoader.java:120) [spring-boot-test-1.5.1.RELEASE.jar:1.5.1.RELEASE]
	at org.springframework.test.context.cache.DefaultCacheAwareContextLoaderDelegate.loadContextInternal(DefaultCacheAwareContextLoaderDelegate.java:98) [spring-test-4.3.6.RELEASE.jar:4.3.6.RELEASE]
	at org.springframework.test.context.cache.DefaultCacheAwareContextLoaderDelegate.loadContext(DefaultCacheAwareContextLoaderDelegate.java:116) [spring-test-4.3.6.RELEASE.jar:4.3.6.RELEASE]
	at org.springframework.test.context.support.DefaultTestContext.getApplicationContext(DefaultTestContext.java:83) [spring-test-4.3.6.RELEASE.jar:4.3.6.RELEASE]
	at org.springframework.test.context.web.ServletTestExecutionListener.setUpRequestContextIfNecessary(ServletTestExecutionListener.java:189) [spring-test-4.3.6.RELEASE.jar:4.3.6.RELEASE]
	at org.springframework.test.context.web.ServletTestExecutionListener.prepareTestInstance(ServletTestExecutionListener.java:131) [spring-test-4.3.6.RELEASE.jar:4.3.6.RELEASE]
	at org.springframework.test.context.TestContextManager.prepareTestInstance(TestContextManager.java:230) [spring-test-4.3.6.RELEASE.jar:4.3.6.RELEASE]
	at org.springframework.test.context.junit4.SpringJUnit4ClassRunner.createTest(SpringJUnit4ClassRunner.java:228) [spring-test-4.3.6.RELEASE.jar:4.3.6.RELEASE]
	at org.springframework.test.context.junit4.SpringJUnit4ClassRunner$1.runReflectiveCall(SpringJUnit4ClassRunner.java:287) [spring-test-4.3.6.RELEASE.jar:4.3.6.RELEASE]
	at org.junit.internal.runners.model.ReflectiveCallable.run(ReflectiveCallable.java:12) [junit-4.12.jar:4.12]
	at org.springframework.test.context.junit4.SpringJUnit4ClassRunner.methodBlock(SpringJUnit4ClassRunner.java:289) [spring-test-4.3.6.RELEASE.jar:4.3.6.RELEASE]
	at org.springframework.test.context.junit4.SpringJUnit4ClassRunner.runChild(SpringJUnit4ClassRunner.java:247) [spring-test-4.3.6.RELEASE.jar:4.3.6.RELEASE]
	at org.springframework.test.context.junit4.SpringJUnit4ClassRunner.runChild(SpringJUnit4ClassRunner.java:94) [spring-test-4.3.6.RELEASE.jar:4.3.6.RELEASE]
	at org.junit.runners.ParentRunner$3.run(ParentRunner.java:290) [junit-4.12.jar:4.12]
	at org.junit.runners.ParentRunner$1.schedule(ParentRunner.java:71) [junit-4.12.jar:4.12]
	at org.junit.runners.ParentRunner.runChildren(ParentRunner.java:288) [junit-4.12.jar:4.12]
	at org.junit.runners.ParentRunner.access$000(ParentRunner.java:58) [junit-4.12.jar:4.12]
	at org.junit.runners.ParentRunner$2.evaluate(ParentRunner.java:268) [junit-4.12.jar:4.12]
	at org.springframework.test.context.junit4.statements.RunBeforeTestClassCallbacks.evaluate(RunBeforeTestClassCallbacks.java:61) [spring-test-4.3.6.RELEASE.jar:4.3.6.RELEASE]
	at org.springframework.test.context.junit4.statements.RunAfterTestClassCallbacks.evaluate(RunAfterTestClassCallbacks.java:70) [spring-test-4.3.6.RELEASE.jar:4.3.6.RELEASE]
	at org.junit.runners.ParentRunner.run(ParentRunner.java:363) [junit-4.12.jar:4.12]
	at org.springframework.test.context.junit4.SpringJUnit4ClassRunner.run(SpringJUnit4ClassRunner.java:191) [spring-test-4.3.6.RELEASE.jar:4.3.6.RELEASE]
	at org.apache.maven.surefire.junit4.JUnit4Provider.execute(JUnit4Provider.java:283) [surefire-junit4-2.18.1.jar:2.18.1]
	at org.apache.maven.surefire.junit4.JUnit4Provider.executeWithRerun(JUnit4Provider.java:173) [surefire-junit4-2.18.1.jar:2.18.1]
	at org.apache.maven.surefire.junit4.JUnit4Provider.executeTestSet(JUnit4Provider.java:153) [surefire-junit4-2.18.1.jar:2.18.1]
	at org.apache.maven.surefire.junit4.JUnit4Provider.invoke(JUnit4Provider.java:128) [surefire-junit4-2.18.1.jar:2.18.1]
	at org.apache.maven.surefire.booter.ForkedBooter.invokeProviderInSameClassLoader(ForkedBooter.java:203) [surefire-booter-2.18.1.jar:2.18.1]
	at org.apache.maven.surefire.booter.ForkedBooter.runSuitesInProcess(ForkedBooter.java:155) [surefire-booter-2.18.1.jar:2.18.1]
	at org.apache.maven.surefire.booter.ForkedBooter.main(ForkedBooter.java:103) [surefire-booter-2.18.1.jar:2.18.1]

2017-02-22 09:14:23.948  INFO 69668 --- [           main] o.s.w.c.s.GenericWebApplicationContext   : Closing org.springframework.web.context.support.GenericWebApplicationContext@11def039: startup date [Wed Feb 22 09:14:20 GMT+09:00 2017]; root of context hierarchy
2017-02-22 09:14:23.951  INFO 69668 --- [           main] j.LocalContainerEntityManagerFactoryBean : Closing JPA EntityManagerFactory for persistence unit 'default'
2017-02-22 09:14:23.951  INFO 69668 --- [           main] org.hibernate.tool.hbm2ddl.SchemaExport  : HHH000227: Running hbm2ddl schema export
Hibernate: drop table if exists account cascade
Hibernate: drop table if exists cnst cascade
Hibernate: drop table if exists obst cascade
Hibernate: drop table if exists prod cascade
Hibernate: drop table if exists prod_type cascade
Hibernate: drop table if exists qr cascade
Hibernate: drop table if exists qr_link cascade
Hibernate: drop sequence hibernate_sequence
2017-02-22 09:14:24.018  INFO 69668 --- [           main] org.hibernate.tool.hbm2ddl.SchemaExport  : HHH000230: Schema export complete
2017-02-22 09:14:24.021 ERROR 69668 --- [           main] o.s.test.context.TestContextManager      : Caught exception while allowing TestExecutionListener [org.springframework.test.context.web.ServletTestExecutionListener@62fa4a88] to prepare test instance [com.chahoo.u4d.api.buildInfo.BuildInfoControllerTest@1856a312]

java.lang.NoSuchMethodError: com.fasterxml.classmate.TypeBindings.withAdditionalBinding(Ljava/lang/String;Lcom/fasterxml/classmate/ResolvedType;)Lcom/fasterxml/classmate/TypeBindings;
	at springfox.documentation.schema.WildcardType.adjustedTypeBindings(WildcardType.java:137) ~[springfox-core-2.2.2.jar:2.2.2]
	at springfox.documentation.schema.WildcardType.breadthFirstSearch(WildcardType.java:117) ~[springfox-core-2.2.2.jar:2.2.2]
	at springfox.documentation.schema.WildcardType.collectReplaceables(WildcardType.java:74) ~[springfox-core-2.2.2.jar:2.2.2]
	at springfox.documentation.schema.AlternateTypeRule.alternateFor(AlternateTypeRule.java:50) ~[springfox-core-2.2.2.jar:2.2.2]
	at springfox.documentation.spi.schema.AlternateTypeProvider.alternateFor(AlternateTypeProvider.java:44) ~[springfox-spi-2.2.2.jar:2.2.2]
	at springfox.documentation.spi.service.contexts.RequestMappingContext.alternateFor(RequestMappingContext.java:118) ~[springfox-spi-2.2.2.jar:2.2.2]
	at springfox.documentation.spring.web.readers.operation.OperationModelsProvider.collectFromReturnType(OperationModelsProvider.java:70) ~[springfox-spring-web-2.2.2.jar:2.2.2]
	at springfox.documentation.spring.web.readers.operation.OperationModelsProvider.apply(OperationModelsProvider.java:59) ~[springfox-spring-web-2.2.2.jar:2.2.2]
	at springfox.documentation.spring.web.plugins.DocumentationPluginsManager.modelContexts(DocumentationPluginsManager.java:129) ~[springfox-spring-web-2.2.2.jar:2.2.2]
	at springfox.documentation.spring.web.scanners.ApiModelReader.read(ApiModelReader.java:62) ~[springfox-spring-web-2.2.2.jar:2.2.2]
	at springfox.documentation.spring.web.scanners.ApiListingScanner.scan(ApiListingScanner.java:91) ~[springfox-spring-web-2.2.2.jar:2.2.2]
	at springfox.documentation.spring.web.scanners.ApiDocumentationScanner.scan(ApiDocumentationScanner.java:62) ~[springfox-spring-web-2.2.2.jar:2.2.2]
	at springfox.documentation.spring.web.plugins.DocumentationPluginsBootstrapper.scanDocumentation(DocumentationPluginsBootstrapper.java:101) ~[springfox-spring-web-2.2.2.jar:2.2.2]
	at springfox.documentation.spring.web.plugins.DocumentationPluginsBootstrapper.onApplicationEvent(DocumentationPluginsBootstrapper.java:87) ~[springfox-spring-web-2.2.2.jar:2.2.2]
	at springfox.documentation.spring.web.plugins.DocumentationPluginsBootstrapper.onApplicationEvent(DocumentationPluginsBootstrapper.java:50) ~[springfox-spring-web-2.2.2.jar:2.2.2]
	at org.springframework.context.event.SimpleApplicationEventMulticaster.invokeListener(SimpleApplicationEventMulticaster.java:167) ~[spring-context-4.3.6.RELEASE.jar:4.3.6.RELEASE]
	at org.springframework.context.event.SimpleApplicationEventMulticaster.multicastEvent(SimpleApplicationEventMulticaster.java:139) ~[spring-context-4.3.6.RELEASE.jar:4.3.6.RELEASE]
	at org.springframework.context.support.AbstractApplicationContext.publishEvent(AbstractApplicationContext.java:383) ~[spring-context-4.3.6.RELEASE.jar:4.3.6.RELEASE]
	at org.springframework.context.support.AbstractApplicationContext.publishEvent(AbstractApplicationContext.java:337) ~[spring-context-4.3.6.RELEASE.jar:4.3.6.RELEASE]
	at org.springframework.context.support.AbstractApplicationContext.finishRefresh(AbstractApplicationContext.java:882) ~[spring-context-4.3.6.RELEASE.jar:4.3.6.RELEASE]
	at org.springframework.context.support.AbstractApplicationContext.refresh(AbstractApplicationContext.java:545) ~[spring-context-4.3.6.RELEASE.jar:4.3.6.RELEASE]
	at org.springframework.boot.SpringApplication.refresh(SpringApplication.java:737) ~[spring-boot-1.5.1.RELEASE.jar:1.5.1.RELEASE]
	at org.springframework.boot.SpringApplication.refreshContext(SpringApplication.java:370) ~[spring-boot-1.5.1.RELEASE.jar:1.5.1.RELEASE]
	at org.springframework.boot.SpringApplication.run(SpringApplication.java:314) ~[spring-boot-1.5.1.RELEASE.jar:1.5.1.RELEASE]
	at org.springframework.boot.test.context.SpringBootContextLoader.loadContext(SpringBootContextLoader.java:120) ~[spring-boot-test-1.5.1.RELEASE.jar:1.5.1.RELEASE]
	at org.springframework.test.context.cache.DefaultCacheAwareContextLoaderDelegate.loadContextInternal(DefaultCacheAwareContextLoaderDelegate.java:98) ~[spring-test-4.3.6.RELEASE.jar:4.3.6.RELEASE]
	at org.springframework.test.context.cache.DefaultCacheAwareContextLoaderDelegate.loadContext(DefaultCacheAwareContextLoaderDelegate.java:116) ~[spring-test-4.3.6.RELEASE.jar:4.3.6.RELEASE]
	at org.springframework.test.context.support.DefaultTestContext.getApplicationContext(DefaultTestContext.java:83) ~[spring-test-4.3.6.RELEASE.jar:4.3.6.RELEASE]
	at org.springframework.test.context.web.ServletTestExecutionListener.setUpRequestContextIfNecessary(ServletTestExecutionListener.java:189) ~[spring-test-4.3.6.RELEASE.jar:4.3.6.RELEASE]
	at org.springframework.test.context.web.ServletTestExecutionListener.prepareTestInstance(ServletTestExecutionListener.java:131) ~[spring-test-4.3.6.RELEASE.jar:4.3.6.RELEASE]
	at org.springframework.test.context.TestContextManager.prepareTestInstance(TestContextManager.java:230) ~[spring-test-4.3.6.RELEASE.jar:4.3.6.RELEASE]
	at org.springframework.test.context.junit4.SpringJUnit4ClassRunner.createTest(SpringJUnit4ClassRunner.java:228) [spring-test-4.3.6.RELEASE.jar:4.3.6.RELEASE]
	at org.springframework.test.context.junit4.SpringJUnit4ClassRunner$1.runReflectiveCall(SpringJUnit4ClassRunner.java:287) [spring-test-4.3.6.RELEASE.jar:4.3.6.RELEASE]
	at org.junit.internal.runners.model.ReflectiveCallable.run(ReflectiveCallable.java:12) [junit-4.12.jar:4.12]
	at org.springframework.test.context.junit4.SpringJUnit4ClassRunner.methodBlock(SpringJUnit4ClassRunner.java:289) [spring-test-4.3.6.RELEASE.jar:4.3.6.RELEASE]
	at org.springframework.test.context.junit4.SpringJUnit4ClassRunner.runChild(SpringJUnit4ClassRunner.java:247) [spring-test-4.3.6.RELEASE.jar:4.3.6.RELEASE]
	at org.springframework.test.context.junit4.SpringJUnit4ClassRunner.runChild(SpringJUnit4ClassRunner.java:94) [spring-test-4.3.6.RELEASE.jar:4.3.6.RELEASE]
	at org.junit.runners.ParentRunner$3.run(ParentRunner.java:290) [junit-4.12.jar:4.12]
	at org.junit.runners.ParentRunner$1.schedule(ParentRunner.java:71) [junit-4.12.jar:4.12]
	at org.junit.runners.ParentRunner.runChildren(ParentRunner.java:288) [junit-4.12.jar:4.12]
	at org.junit.runners.ParentRunner.access$000(ParentRunner.java:58) [junit-4.12.jar:4.12]
	at org.junit.runners.ParentRunner$2.evaluate(ParentRunner.java:268) [junit-4.12.jar:4.12]
	at org.springframework.test.context.junit4.statements.RunBeforeTestClassCallbacks.evaluate(RunBeforeTestClassCallbacks.java:61) [spring-test-4.3.6.RELEASE.jar:4.3.6.RELEASE]
	at org.springframework.test.context.junit4.statements.RunAfterTestClassCallbacks.evaluate(RunAfterTestClassCallbacks.java:70) [spring-test-4.3.6.RELEASE.jar:4.3.6.RELEASE]
	at org.junit.runners.ParentRunner.run(ParentRunner.java:363) [junit-4.12.jar:4.12]
	at org.springframework.test.context.junit4.SpringJUnit4ClassRunner.run(SpringJUnit4ClassRunner.java:191) [spring-test-4.3.6.RELEASE.jar:4.3.6.RELEASE]
	at org.apache.maven.surefire.junit4.JUnit4Provider.execute(JUnit4Provider.java:283) [surefire-junit4-2.18.1.jar:2.18.1]
	at org.apache.maven.surefire.junit4.JUnit4Provider.executeWithRerun(JUnit4Provider.java:173) [surefire-junit4-2.18.1.jar:2.18.1]
	at org.apache.maven.surefire.junit4.JUnit4Provider.executeTestSet(JUnit4Provider.java:153) [surefire-junit4-2.18.1.jar:2.18.1]
	at org.apache.maven.surefire.junit4.JUnit4Provider.invoke(JUnit4Provider.java:128) [surefire-junit4-2.18.1.jar:2.18.1]
	at org.apache.maven.surefire.booter.ForkedBooter.invokeProviderInSameClassLoader(ForkedBooter.java:203) [surefire-booter-2.18.1.jar:2.18.1]
	at org.apache.maven.surefire.booter.ForkedBooter.runSuitesInProcess(ForkedBooter.java:155) [surefire-booter-2.18.1.jar:2.18.1]
	at org.apache.maven.surefire.booter.ForkedBooter.main(ForkedBooter.java:103) [surefire-booter-2.18.1.jar:2.18.1]

]]></system-out>
  </testcase>
  <testcase name="testGetQrList" classname="com.chahoo.u4d.api.buildInfo.BuildInfoControllerTest" time="0">
    <error message="com.fasterxml.classmate.TypeBindings.withAdditionalBinding(Ljava/lang/String;Lcom/fasterxml/classmate/ResolvedType;)Lcom/fasterxml/classmate/TypeBindings;" type="java.lang.NoSuchMethodError">java.lang.NoSuchMethodError: com.fasterxml.classmate.TypeBindings.withAdditionalBinding(Ljava/lang/String;Lcom/fasterxml/classmate/ResolvedType;)Lcom/fasterxml/classmate/TypeBindings;
	at springfox.documentation.schema.WildcardType.adjustedTypeBindings(WildcardType.java:137)
	at springfox.documentation.schema.WildcardType.breadthFirstSearch(WildcardType.java:117)
	at springfox.documentation.schema.WildcardType.collectReplaceables(WildcardType.java:74)
	at springfox.documentation.schema.AlternateTypeRule.alternateFor(AlternateTypeRule.java:50)
	at springfox.documentation.spi.schema.AlternateTypeProvider.alternateFor(AlternateTypeProvider.java:44)
	at springfox.documentation.spi.service.contexts.RequestMappingContext.alternateFor(RequestMappingContext.java:118)
	at springfox.documentation.spring.web.readers.operation.OperationModelsProvider.collectFromReturnType(OperationModelsProvider.java:70)
	at springfox.documentation.spring.web.readers.operation.OperationModelsProvider.apply(OperationModelsProvider.java:59)
	at springfox.documentation.spring.web.plugins.DocumentationPluginsManager.modelContexts(DocumentationPluginsManager.java:129)
	at springfox.documentation.spring.web.scanners.ApiModelReader.read(ApiModelReader.java:62)
	at springfox.documentation.spring.web.scanners.ApiListingScanner.scan(ApiListingScanner.java:91)
	at springfox.documentation.spring.web.scanners.ApiDocumentationScanner.scan(ApiDocumentationScanner.java:62)
	at springfox.documentation.spring.web.plugins.DocumentationPluginsBootstrapper.scanDocumentation(DocumentationPluginsBootstrapper.java:101)
	at springfox.documentation.spring.web.plugins.DocumentationPluginsBootstrapper.onApplicationEvent(DocumentationPluginsBootstrapper.java:87)
	at springfox.documentation.spring.web.plugins.DocumentationPluginsBootstrapper.onApplicationEvent(DocumentationPluginsBootstrapper.java:50)
	at org.springframework.context.event.SimpleApplicationEventMulticaster.invokeListener(SimpleApplicationEventMulticaster.java:167)
	at org.springframework.context.event.SimpleApplicationEventMulticaster.multicastEvent(SimpleApplicationEventMulticaster.java:139)
	at org.springframework.context.support.AbstractApplicationContext.publishEvent(AbstractApplicationContext.java:383)
	at org.springframework.context.support.AbstractApplicationContext.publishEvent(AbstractApplicationContext.java:337)
	at org.springframework.context.support.AbstractApplicationContext.finishRefresh(AbstractApplicationContext.java:882)
	at org.springframework.context.support.AbstractApplicationContext.refresh(AbstractApplicationContext.java:545)
	at org.springframework.boot.SpringApplication.refresh(SpringApplication.java:737)
	at org.springframework.boot.SpringApplication.refreshContext(SpringApplication.java:370)
	at org.springframework.boot.SpringApplication.run(SpringApplication.java:314)
	at org.springframework.boot.test.context.SpringBootContextLoader.loadContext(SpringBootContextLoader.java:120)
	at org.springframework.test.context.cache.DefaultCacheAwareContextLoaderDelegate.loadContextInternal(DefaultCacheAwareContextLoaderDelegate.java:98)
	at org.springframework.test.context.cache.DefaultCacheAwareContextLoaderDelegate.loadContext(DefaultCacheAwareContextLoaderDelegate.java:116)
	at org.springframework.test.context.support.DefaultTestContext.getApplicationContext(DefaultTestContext.java:83)
	at org.springframework.test.context.web.ServletTestExecutionListener.setUpRequestContextIfNecessary(ServletTestExecutionListener.java:189)
	at org.springframework.test.context.web.ServletTestExecutionListener.prepareTestInstance(ServletTestExecutionListener.java:131)
	at org.springframework.test.context.TestContextManager.prepareTestInstance(TestContextManager.java:230)
	at org.springframework.test.context.junit4.SpringJUnit4ClassRunner.createTest(SpringJUnit4ClassRunner.java:228)
	at org.springframework.test.context.junit4.SpringJUnit4ClassRunner$1.runReflectiveCall(SpringJUnit4ClassRunner.java:287)
	at org.junit.internal.runners.model.ReflectiveCallable.run(ReflectiveCallable.java:12)
	at org.springframework.test.context.junit4.SpringJUnit4ClassRunner.methodBlock(SpringJUnit4ClassRunner.java:289)
	at org.springframework.test.context.junit4.SpringJUnit4ClassRunner.runChild(SpringJUnit4ClassRunner.java:247)
	at org.springframework.test.context.junit4.SpringJUnit4ClassRunner.runChild(SpringJUnit4ClassRunner.java:94)
	at org.junit.runners.ParentRunner$3.run(ParentRunner.java:290)
	at org.junit.runners.ParentRunner$1.schedule(ParentRunner.java:71)
	at org.junit.runners.ParentRunner.runChildren(ParentRunner.java:288)
	at org.junit.runners.ParentRunner.access$000(ParentRunner.java:58)
	at org.junit.runners.ParentRunner$2.evaluate(ParentRunner.java:268)
	at org.springframework.test.context.junit4.statements.RunBeforeTestClassCallbacks.evaluate(RunBeforeTestClassCallbacks.java:61)
	at org.springframework.test.context.junit4.statements.RunAfterTestClassCallbacks.evaluate(RunAfterTestClassCallbacks.java:70)
	at org.junit.runners.ParentRunner.run(ParentRunner.java:363)
	at org.springframework.test.context.junit4.SpringJUnit4ClassRunner.run(SpringJUnit4ClassRunner.java:191)
	at org.apache.maven.surefire.junit4.JUnit4Provider.execute(JUnit4Provider.java:283)
	at org.apache.maven.surefire.junit4.JUnit4Provider.executeWithRerun(JUnit4Provider.java:173)
	at org.apache.maven.surefire.junit4.JUnit4Provider.executeTestSet(JUnit4Provider.java:153)
	at org.apache.maven.surefire.junit4.JUnit4Provider.invoke(JUnit4Provider.java:128)
	at org.apache.maven.surefire.booter.ForkedBooter.invokeProviderInSameClassLoader(ForkedBooter.java:203)
	at org.apache.maven.surefire.booter.ForkedBooter.runSuitesInProcess(ForkedBooter.java:155)
	at org.apache.maven.surefire.booter.ForkedBooter.main(ForkedBooter.java:103)
</error>
    <system-out><![CDATA[__/\\\________/\\\______________________/\\\_______________/\\\\\\\\\\\\____
 _\/\\\_______\/\\\____________________/\\\\\______________\/\\\////////\\\__
  _\/\\\_______\/\\\__________________/\\\/\\\______________\/\\\______\//\\\_
   _\/\\\_______\/\\\________________/\\\/\/\\\______________\/\\\_______\/\\\_
    _\/\\\_______\/\\\______________/\\\/__\/\\\______________\/\\\_______\/\\\_
     _\/\\\_______\/\\\____________/\\\\\\\\\\\\\\\\___________\/\\\_______\/\\\_
      _\//\\\______/\\\____________\///////////\\\//____________\/\\\_______/\\\__
       __\///\\\\\\\\\/_______________________\/\\\______________\/\\\\\\\\\\\\/___
        ____\/////////_________________________\///_______________\////////////_____


????         ???????    ???  ???     ??????     ???  ???     ???????      ???????         ????
????        ????????    ???  ???    ????????    ???  ???    ?????????    ?????????        ????
???         ???         ????????    ????????    ????????    ???   ???    ???   ???         ???
???         ???         ????????    ????????    ????????    ???   ???    ???   ???         ???
????        ????????    ???  ???    ???  ???    ???  ???    ?????????    ?????????        ????
????         ???????    ???  ???    ???  ???    ???  ???     ???????      ???????         ????



2017-02-22 09:14:24.071  INFO 69668 --- [           main] c.c.u.a.b.BuildInfoControllerTest        : Starting BuildInfoControllerTest on LAPTOP-DP780HI6 with PID 69668 (started by jjryu in D:\workspace_sts\Line)
2017-02-22 09:14:24.072  INFO 69668 --- [           main] c.c.u.a.b.BuildInfoControllerTest        : No active profile set, falling back to default profiles: default
2017-02-22 09:14:24.074  INFO 69668 --- [           main] o.s.w.c.s.GenericWebApplicationContext   : Refreshing org.springframework.web.context.support.GenericWebApplicationContext@48c8a84d: startup date [Wed Feb 22 09:14:24 GMT+09:00 2017]; root of context hierarchy
2017-02-22 09:14:24.625  INFO 69668 --- [           main] trationDelegate$BeanPostProcessorChecker : Bean 'org.springframework.boot.autoconfigure.validation.ValidationAutoConfiguration' of type [class org.springframework.boot.autoconfigure.validation.ValidationAutoConfiguration] is not eligible for getting processed by all BeanPostProcessors (for example: not eligible for auto-proxying)
2017-02-22 09:14:24.632  INFO 69668 --- [           main] trationDelegate$BeanPostProcessorChecker : Bean 'validator' of type [class org.springframework.validation.beanvalidation.LocalValidatorFactoryBean] is not eligible for getting processed by all BeanPostProcessors (for example: not eligible for auto-proxying)
2017-02-22 09:14:24.646  INFO 69668 --- [           main] trationDelegate$BeanPostProcessorChecker : Bean 'org.springframework.transaction.annotation.ProxyTransactionManagementConfiguration' of type [class org.springframework.transaction.annotation.ProxyTransactionManagementConfiguration$$EnhancerBySpringCGLIB$$eb70431a] is not eligible for getting processed by all BeanPostProcessors (for example: not eligible for auto-proxying)
2017-02-22 09:14:25.903  INFO 69668 --- [           main] j.LocalContainerEntityManagerFactoryBean : Building JPA container EntityManagerFactory for persistence unit 'default'
2017-02-22 09:14:25.903  INFO 69668 --- [           main] o.hibernate.jpa.internal.util.LogHelper  : HHH000204: Processing PersistenceUnitInfo [
	name: default
	...]
2017-02-22 09:14:25.913  INFO 69668 --- [           main] org.hibernate.dialect.Dialect            : HHH000400: Using dialect: org.hibernate.dialect.PostgreSQL82Dialect
2017-02-22 09:14:26.026  INFO 69668 --- [           main] o.h.e.j.e.i.LobCreatorBuilderImpl        : HHH000424: Disabling contextual LOB creation as createClob() method threw error : java.lang.reflect.InvocationTargetException
2017-02-22 09:14:26.026  INFO 69668 --- [           main] org.hibernate.type.BasicTypeRegistry     : HHH000270: Type registration [java.util.UUID] overrides previous : org.hibernate.type.UUIDBinaryType@2d258eff
2017-02-22 09:14:26.037  WARN 69668 --- [           main] org.hibernate.orm.deprecation            : HHH90000014: Found use of deprecated [org.hibernate.id.SequenceGenerator] sequence-based id generator; use org.hibernate.id.enhanced.SequenceStyleGenerator instead.  See Hibernate Domain Model Mapping Guide for details.
2017-02-22 09:14:26.072  INFO 69668 --- [           main] org.hibernate.tool.hbm2ddl.SchemaExport  : HHH000227: Running hbm2ddl schema export
Hibernate: drop table if exists account cascade
Hibernate: drop table if exists cnst cascade
Hibernate: drop table if exists obst cascade
Hibernate: drop table if exists prod cascade
Hibernate: drop table if exists prod_type cascade
Hibernate: drop table if exists qr cascade
Hibernate: drop table if exists qr_link cascade
Hibernate: drop sequence hibernate_sequence
2017-02-22 09:14:26.076 ERROR 69668 --- [           main] org.hibernate.tool.hbm2ddl.SchemaExport  : HHH000389: Unsuccessful: drop sequence hibernate_sequence
2017-02-22 09:14:26.076 ERROR 69668 --- [           main] org.hibernate.tool.hbm2ddl.SchemaExport  : ERROR: sequence "hibernate_sequence" does not exist
Hibernate: create sequence hibernate_sequence start 1 increment 1
Hibernate: create table account (id int8 not null, create_date timestamp, create_login_id varchar(255), login_id varchar(255) not null, password varchar(255) not null, update_date timestamp, update_login_id varchar(255), user_name varchar(255) not null, primary key (id))
Hibernate: create table cnst (cnst_serno int8 not null, area_serno int8, cnst_goal varchar(255), cnst_nm varchar(255), cnst_pos varchar(255), descr varchar(255), fday date, plan_fday date, plan_tday date, pro_stts varchar(255), reg_date date, reg_user_serno int8, tday date, updt_date date, updt_user_serno int8, use_yn char(1), primary key (cnst_serno))
Hibernate: create table obst (obst_code varchar(255) not null, descr varchar(255), legend_color varchar(255), obst_nm varchar(255), oder int8, reg_date date, reg_user_serno int8, updt_date date, updt_user_serno int8, upper_obst_code varchar(255), use_yn char(1), primary key (obst_code))
Hibernate: create table prod (prod_serno int8 not null, descr varchar(255), man_com_nm varchar(255), mdl_code varchar(255), model_serno int8, mtrl varchar(255), obst_code varchar(255), pipe_dia numeric(19, 2), pipe_dia_descr varchar(255), prod_nm varchar(255), prod_type_code varchar(255), reg_date date, reg_user_serno int8, updt_date date, updt_user_serno int8, use_yn char(1), primary key (prod_serno))
Hibernate: create table prod_type (prod_type_code varchar(255) not null, descr varchar(255), oder int8, prod_type_nm varchar(255), reg_date date, reg_user_serno int8, updt_date date, updt_user_serno int8, upper_prod_type_code varchar(255), use_yn char(1), primary key (prod_type_code))
Hibernate: create table qr (qr_serno int8 not null, area_serno int8, as_tgt_yn char(1), builder_nm varchar(255), buld_date date, buld_yn char(1), cnst_serno int8, descr varchar(255), desg_qr_yn char(1), ins_depth numeric(19, 2), ins_height numeric(19, 2), ins_latu numeric(19, 2), ins_lgtu numeric(19, 2), ins_tm_x numeric(19, 2), ins_tm_y numeric(19, 2), model_info_yn char(1), ofs_x numeric(19, 2), ofs_y numeric(19, 2), ofs_z numeric(19, 2), prod_serno int8 not null, qr_code varchar(255), reg_date date, reg_user_serno int8, rot_x numeric(19, 2), rot_y numeric(19, 2), rot_z numeric(19, 2), scale numeric(19, 2), scale_x numeric(19, 2), scale_y numeric(19, 2), scale_z numeric(19, 2), skin numeric(19, 2), surpnt_mth_code varchar(255), surpnt_no varchar(255), survey_yn char(1), updt_date date, updt_user_serno int8, updt_yn char(1), use_yn char(1), primary key (qr_serno))
Hibernate: create table qr_link (link_serno int8 not null, cnst_serno int8 not null, descr varchar(255), desg_qr_yn char(1), from_qr_serno int8 not null, pipe_length numeric(19, 2), pipeline_serno int8, reg_date date, reg_user_serno int8, survey_yn char(1), to_qr_serno int8 not null, updt_date date, updt_user_serno int8, use_yn char(1), primary key (link_serno))
Hibernate: alter table account add constraint UK_tqpuaqxalcaeddpc0m6mcxobg unique (login_id)
2017-02-22 09:14:26.245  INFO 69668 --- [           main] org.hibernate.tool.hbm2ddl.SchemaExport  : HHH000230: Schema export complete
2017-02-22 09:14:26.249  INFO 69668 --- [           main] j.LocalContainerEntityManagerFactoryBean : Initialized JPA EntityManagerFactory for persistence unit 'default'
2017-02-22 09:14:26.643  INFO 69668 --- [           main] s.w.s.m.m.a.RequestMappingHandlerMapping : Mapped "{[/api/buildInfo/qrs/{qrSerno}],methods=[DELETE]}" onto public org.springframework.http.ResponseEntity com.chahoo.u4d.api.buildInfo.BuildInfoController.deleteQr(com.chahoo.u4d.entity.Qr) throws java.lang.Exception
2017-02-22 09:14:26.644  INFO 69668 --- [           main] s.w.s.m.m.a.RequestMappingHandlerMapping : Mapped "{[/api/buildInfo/qrs/{qrSerno}],methods=[GET]}" onto public org.springframework.http.ResponseEntity com.chahoo.u4d.api.buildInfo.BuildInfoController.getQr(java.lang.String)
2017-02-22 09:14:26.644  INFO 69668 --- [           main] s.w.s.m.m.a.RequestMappingHandlerMapping : Mapped "{[/api/buildInfo/qrs],methods=[GET]}" onto public org.springframework.http.ResponseEntity com.chahoo.u4d.api.buildInfo.BuildInfoController.getQrList(java.util.Map<java.lang.String, java.lang.String>,org.springframework.data.domain.Pageable)
2017-02-22 09:14:26.644  INFO 69668 --- [           main] s.w.s.m.m.a.RequestMappingHandlerMapping : Mapped "{[/api/buildInfo/qrs/{qrSerno}],methods=[PUT]}" onto public org.springframework.http.ResponseEntity com.chahoo.u4d.api.buildInfo.BuildInfoController.updateQr(com.chahoo.u4d.entity.Qr)
2017-02-22 09:14:26.644  INFO 69668 --- [           main] s.w.s.m.m.a.RequestMappingHandlerMapping : Mapped "{[/api/buildInfo/qrs],methods=[POST]}" onto public org.springframework.http.ResponseEntity com.chahoo.u4d.api.buildInfo.BuildInfoController.createQr(com.chahoo.u4d.entity.Qr)
2017-02-22 09:14:26.644  INFO 69668 --- [           main] s.w.s.m.m.a.RequestMappingHandlerMapping : Mapped "{[/v2/api-docs],methods=[GET]}" onto public org.springframework.http.ResponseEntity<springfox.documentation.spring.web.json.Json> springfox.documentation.swagger2.web.Swagger2Controller.getDocumentation(java.lang.String)
2017-02-22 09:14:26.645  INFO 69668 --- [           main] s.w.s.m.m.a.RequestMappingHandlerMapping : Mapped "{[/configuration/security]}" onto org.springframework.http.ResponseEntity<springfox.documentation.swagger.web.SecurityConfiguration> springfox.documentation.swagger.web.ApiResourceController.securityConfiguration()
2017-02-22 09:14:26.645  INFO 69668 --- [           main] s.w.s.m.m.a.RequestMappingHandlerMapping : Mapped "{[/configuration/ui]}" onto org.springframework.http.ResponseEntity<springfox.documentation.swagger.web.UiConfiguration> springfox.documentation.swagger.web.ApiResourceController.uiConfiguration()
2017-02-22 09:14:26.645  INFO 69668 --- [           main] s.w.s.m.m.a.RequestMappingHandlerMapping : Mapped "{[/swagger-resources]}" onto org.springframework.http.ResponseEntity<java.util.List<springfox.documentation.swagger.web.SwaggerResource>> springfox.documentation.swagger.web.ApiResourceController.swaggerResources()
2017-02-22 09:14:26.646  INFO 69668 --- [           main] s.w.s.m.m.a.RequestMappingHandlerMapping : Mapped "{[/error]}" onto public org.springframework.http.ResponseEntity<java.util.Map<java.lang.String, java.lang.Object>> org.springframework.boot.autoconfigure.web.BasicErrorController.error(javax.servlet.http.HttpServletRequest)
2017-02-22 09:14:26.646  INFO 69668 --- [           main] s.w.s.m.m.a.RequestMappingHandlerMapping : Mapped "{[/error],produces=[text/html]}" onto public org.springframework.web.servlet.ModelAndView org.springframework.boot.autoconfigure.web.BasicErrorController.errorHtml(javax.servlet.http.HttpServletRequest,javax.servlet.http.HttpServletResponse)
2017-02-22 09:14:26.803  INFO 69668 --- [           main] s.w.s.m.m.a.RequestMappingHandlerAdapter : Looking for @ControllerAdvice: org.springframework.web.context.support.GenericWebApplicationContext@48c8a84d: startup date [Wed Feb 22 09:14:24 GMT+09:00 2017]; root of context hierarchy
2017-02-22 09:14:26.826  INFO 69668 --- [           main] o.s.w.s.handler.SimpleUrlHandlerMapping  : Mapped URL path [/webjars/**] onto handler of type [class org.springframework.web.servlet.resource.ResourceHttpRequestHandler]
2017-02-22 09:14:26.826  INFO 69668 --- [           main] o.s.w.s.handler.SimpleUrlHandlerMapping  : Mapped URL path [/**] onto handler of type [class org.springframework.web.servlet.resource.ResourceHttpRequestHandler]
2017-02-22 09:14:26.853  INFO 69668 --- [           main] o.s.w.s.handler.SimpleUrlHandlerMapping  : Mapped URL path [/**/favicon.ico] onto handler of type [class org.springframework.web.servlet.resource.ResourceHttpRequestHandler]
2017-02-22 09:14:26.868  INFO 69668 --- [           main] oConfiguration$WelcomePageHandlerMapping : Adding welcome page: ServletContext resource [/index.html]
2017-02-22 09:14:27.176  INFO 69668 --- [           main] o.s.s.web.DefaultSecurityFilterChain     : Creating filter chain: OrRequestMatcher [requestMatchers=[Ant [pattern='/css/**'], Ant [pattern='/js/**'], Ant [pattern='/images/**'], Ant [pattern='/webjars/**'], Ant [pattern='/**/favicon.ico'], Ant [pattern='/error']]], []
2017-02-22 09:14:27.215  INFO 69668 --- [           main] o.s.s.web.DefaultSecurityFilterChain     : Creating filter chain: org.springframework.security.web.util.matcher.AnyRequestMatcher@1, [org.springframework.security.web.context.request.async.WebAsyncManagerIntegrationFilter@5b2a690f, org.springframework.security.web.context.SecurityContextPersistenceFilter@2542240d, org.springframework.security.web.header.HeaderWriterFilter@5dac5f72, org.springframework.security.web.authentication.logout.LogoutFilter@8a8e1f7, org.springframework.security.web.savedrequest.RequestCacheAwareFilter@3c3cdce6, org.springframework.security.web.servletapi.SecurityContextHolderAwareRequestFilter@35453dc, org.springframework.security.web.authentication.AnonymousAuthenticationFilter@380191d7, org.springframework.security.web.session.SessionManagementFilter@745ff514, org.springframework.security.web.access.ExceptionTranslationFilter@5739cbc8, org.springframework.security.web.access.intercept.FilterSecurityInterceptor@423d31b0]
2017-02-22 09:14:27.224  INFO 69668 --- [           main] o.s.s.web.DefaultSecurityFilterChain     : Creating filter chain: OrRequestMatcher [requestMatchers=[Ant [pattern='/**']]], [org.springframework.security.web.context.request.async.WebAsyncManagerIntegrationFilter@58f036de, org.springframework.security.web.context.SecurityContextPersistenceFilter@1e2e5c39, org.springframework.security.web.header.HeaderWriterFilter@5e14f405, org.springframework.security.web.authentication.logout.LogoutFilter@6870028, org.springframework.security.web.authentication.www.BasicAuthenticationFilter@6aa45b55, org.springframework.security.web.savedrequest.RequestCacheAwareFilter@37805004, org.springframework.security.web.servletapi.SecurityContextHolderAwareRequestFilter@4e4d2e2d, org.springframework.security.web.authentication.AnonymousAuthenticationFilter@72ef3f9b, org.springframework.security.web.session.SessionManagementFilter@27edfdf9, org.springframework.security.web.access.ExceptionTranslationFilter@d449860, org.springframework.security.web.access.intercept.FilterSecurityInterceptor@e840be5]
2017-02-22 09:14:27.331  INFO 69668 --- [           main] d.s.w.p.DocumentationPluginsBootstrapper : Context refreshed
2017-02-22 09:14:27.332  INFO 69668 --- [           main] d.s.w.p.DocumentationPluginsBootstrapper : Found {0} custom documentation plugin(s)
2017-02-22 09:14:27.334  INFO 69668 --- [           main] s.d.s.w.s.ApiListingReferenceScanner     : Scanning for api listing references
2017-02-22 09:14:27.334  INFO 69668 --- [           main] s.w.ClassOrApiAnnotationResourceGrouping : Group for method deleteQr was build-info-controller
2017-02-22 09:14:27.334  INFO 69668 --- [           main] s.d.s.w.s.ApiListingReferenceScanner     : Request mapping: deleteQr belongs to groups: [[ResourceGroup{groupName='build-info-controller', position=0, controller=com.chahoo.u4d.api.buildInfo.BuildInfoController}]] 
2017-02-22 09:14:27.334  INFO 69668 --- [           main] s.w.ClassOrApiAnnotationResourceGrouping : Group for method getQr was build-info-controller
2017-02-22 09:14:27.334  INFO 69668 --- [           main] s.d.s.w.s.ApiListingReferenceScanner     : Request mapping: getQr belongs to groups: [[ResourceGroup{groupName='build-info-controller', position=0, controller=com.chahoo.u4d.api.buildInfo.BuildInfoController}]] 
2017-02-22 09:14:27.335  INFO 69668 --- [           main] s.w.ClassOrApiAnnotationResourceGrouping : Group for method updateQr was build-info-controller
2017-02-22 09:14:27.335  INFO 69668 --- [           main] s.d.s.w.s.ApiListingReferenceScanner     : Request mapping: updateQr belongs to groups: [[ResourceGroup{groupName='build-info-controller', position=0, controller=com.chahoo.u4d.api.buildInfo.BuildInfoController}]] 
2017-02-22 09:14:27.335  INFO 69668 --- [           main] s.w.ClassOrApiAnnotationResourceGrouping : Group for method getQrList was build-info-controller
2017-02-22 09:14:27.335  INFO 69668 --- [           main] s.d.s.w.s.ApiListingReferenceScanner     : Request mapping: getQrList belongs to groups: [[ResourceGroup{groupName='build-info-controller', position=0, controller=com.chahoo.u4d.api.buildInfo.BuildInfoController}]] 
2017-02-22 09:14:27.335  INFO 69668 --- [           main] s.w.ClassOrApiAnnotationResourceGrouping : Group for method createQr was build-info-controller
2017-02-22 09:14:27.335  INFO 69668 --- [           main] s.d.s.w.s.ApiListingReferenceScanner     : Request mapping: createQr belongs to groups: [[ResourceGroup{groupName='build-info-controller', position=0, controller=com.chahoo.u4d.api.buildInfo.BuildInfoController}]] 
2017-02-22 09:14:27.335  INFO 69668 --- [           main] s.d.s.w.s.ApiListingReferenceScanner     : Created resource listing Path: /default/build-info-controller Description: build-info-controller Position: 0
2017-02-22 09:14:27.339  INFO 69668 --- [           main] utoConfigurationReportLoggingInitializer : 

Error starting ApplicationContext. To display the auto-configuration report re-run your application with 'debug' enabled.
2017-02-22 09:14:27.342 ERROR 69668 --- [           main] o.s.boot.SpringApplication               : Application startup failed

java.lang.NoSuchMethodError: com.fasterxml.classmate.TypeBindings.withAdditionalBinding(Ljava/lang/String;Lcom/fasterxml/classmate/ResolvedType;)Lcom/fasterxml/classmate/TypeBindings;
	at springfox.documentation.schema.WildcardType.adjustedTypeBindings(WildcardType.java:137) ~[springfox-core-2.2.2.jar:2.2.2]
	at springfox.documentation.schema.WildcardType.breadthFirstSearch(WildcardType.java:117) ~[springfox-core-2.2.2.jar:2.2.2]
	at springfox.documentation.schema.WildcardType.collectReplaceables(WildcardType.java:74) ~[springfox-core-2.2.2.jar:2.2.2]
	at springfox.documentation.schema.AlternateTypeRule.alternateFor(AlternateTypeRule.java:50) ~[springfox-core-2.2.2.jar:2.2.2]
	at springfox.documentation.spi.schema.AlternateTypeProvider.alternateFor(AlternateTypeProvider.java:44) ~[springfox-spi-2.2.2.jar:2.2.2]
	at springfox.documentation.spi.service.contexts.RequestMappingContext.alternateFor(RequestMappingContext.java:118) ~[springfox-spi-2.2.2.jar:2.2.2]
	at springfox.documentation.spring.web.readers.operation.OperationModelsProvider.collectFromReturnType(OperationModelsProvider.java:70) ~[springfox-spring-web-2.2.2.jar:2.2.2]
	at springfox.documentation.spring.web.readers.operation.OperationModelsProvider.apply(OperationModelsProvider.java:59) ~[springfox-spring-web-2.2.2.jar:2.2.2]
	at springfox.documentation.spring.web.plugins.DocumentationPluginsManager.modelContexts(DocumentationPluginsManager.java:129) ~[springfox-spring-web-2.2.2.jar:2.2.2]
	at springfox.documentation.spring.web.scanners.ApiModelReader.read(ApiModelReader.java:62) ~[springfox-spring-web-2.2.2.jar:2.2.2]
	at springfox.documentation.spring.web.scanners.ApiListingScanner.scan(ApiListingScanner.java:91) ~[springfox-spring-web-2.2.2.jar:2.2.2]
	at springfox.documentation.spring.web.scanners.ApiDocumentationScanner.scan(ApiDocumentationScanner.java:62) ~[springfox-spring-web-2.2.2.jar:2.2.2]
	at springfox.documentation.spring.web.plugins.DocumentationPluginsBootstrapper.scanDocumentation(DocumentationPluginsBootstrapper.java:101) ~[springfox-spring-web-2.2.2.jar:2.2.2]
	at springfox.documentation.spring.web.plugins.DocumentationPluginsBootstrapper.onApplicationEvent(DocumentationPluginsBootstrapper.java:87) ~[springfox-spring-web-2.2.2.jar:2.2.2]
	at springfox.documentation.spring.web.plugins.DocumentationPluginsBootstrapper.onApplicationEvent(DocumentationPluginsBootstrapper.java:50) ~[springfox-spring-web-2.2.2.jar:2.2.2]
	at org.springframework.context.event.SimpleApplicationEventMulticaster.invokeListener(SimpleApplicationEventMulticaster.java:167) ~[spring-context-4.3.6.RELEASE.jar:4.3.6.RELEASE]
	at org.springframework.context.event.SimpleApplicationEventMulticaster.multicastEvent(SimpleApplicationEventMulticaster.java:139) ~[spring-context-4.3.6.RELEASE.jar:4.3.6.RELEASE]
	at org.springframework.context.support.AbstractApplicationContext.publishEvent(AbstractApplicationContext.java:383) ~[spring-context-4.3.6.RELEASE.jar:4.3.6.RELEASE]
	at org.springframework.context.support.AbstractApplicationContext.publishEvent(AbstractApplicationContext.java:337) ~[spring-context-4.3.6.RELEASE.jar:4.3.6.RELEASE]
	at org.springframework.context.support.AbstractApplicationContext.finishRefresh(AbstractApplicationContext.java:882) ~[spring-context-4.3.6.RELEASE.jar:4.3.6.RELEASE]
	at org.springframework.context.support.AbstractApplicationContext.refresh(AbstractApplicationContext.java:545) ~[spring-context-4.3.6.RELEASE.jar:4.3.6.RELEASE]
	at org.springframework.boot.SpringApplication.refresh(SpringApplication.java:737) ~[spring-boot-1.5.1.RELEASE.jar:1.5.1.RELEASE]
	at org.springframework.boot.SpringApplication.refreshContext(SpringApplication.java:370) ~[spring-boot-1.5.1.RELEASE.jar:1.5.1.RELEASE]
	at org.springframework.boot.SpringApplication.run(SpringApplication.java:314) ~[spring-boot-1.5.1.RELEASE.jar:1.5.1.RELEASE]
	at org.springframework.boot.test.context.SpringBootContextLoader.loadContext(SpringBootContextLoader.java:120) [spring-boot-test-1.5.1.RELEASE.jar:1.5.1.RELEASE]
	at org.springframework.test.context.cache.DefaultCacheAwareContextLoaderDelegate.loadContextInternal(DefaultCacheAwareContextLoaderDelegate.java:98) [spring-test-4.3.6.RELEASE.jar:4.3.6.RELEASE]
	at org.springframework.test.context.cache.DefaultCacheAwareContextLoaderDelegate.loadContext(DefaultCacheAwareContextLoaderDelegate.java:116) [spring-test-4.3.6.RELEASE.jar:4.3.6.RELEASE]
	at org.springframework.test.context.support.DefaultTestContext.getApplicationContext(DefaultTestContext.java:83) [spring-test-4.3.6.RELEASE.jar:4.3.6.RELEASE]
	at org.springframework.test.context.web.ServletTestExecutionListener.setUpRequestContextIfNecessary(ServletTestExecutionListener.java:189) [spring-test-4.3.6.RELEASE.jar:4.3.6.RELEASE]
	at org.springframework.test.context.web.ServletTestExecutionListener.prepareTestInstance(ServletTestExecutionListener.java:131) [spring-test-4.3.6.RELEASE.jar:4.3.6.RELEASE]
	at org.springframework.test.context.TestContextManager.prepareTestInstance(TestContextManager.java:230) [spring-test-4.3.6.RELEASE.jar:4.3.6.RELEASE]
	at org.springframework.test.context.junit4.SpringJUnit4ClassRunner.createTest(SpringJUnit4ClassRunner.java:228) [spring-test-4.3.6.RELEASE.jar:4.3.6.RELEASE]
	at org.springframework.test.context.junit4.SpringJUnit4ClassRunner$1.runReflectiveCall(SpringJUnit4ClassRunner.java:287) [spring-test-4.3.6.RELEASE.jar:4.3.6.RELEASE]
	at org.junit.internal.runners.model.ReflectiveCallable.run(ReflectiveCallable.java:12) [junit-4.12.jar:4.12]
	at org.springframework.test.context.junit4.SpringJUnit4ClassRunner.methodBlock(SpringJUnit4ClassRunner.java:289) [spring-test-4.3.6.RELEASE.jar:4.3.6.RELEASE]
	at org.springframework.test.context.junit4.SpringJUnit4ClassRunner.runChild(SpringJUnit4ClassRunner.java:247) [spring-test-4.3.6.RELEASE.jar:4.3.6.RELEASE]
	at org.springframework.test.context.junit4.SpringJUnit4ClassRunner.runChild(SpringJUnit4ClassRunner.java:94) [spring-test-4.3.6.RELEASE.jar:4.3.6.RELEASE]
	at org.junit.runners.ParentRunner$3.run(ParentRunner.java:290) [junit-4.12.jar:4.12]
	at org.junit.runners.ParentRunner$1.schedule(ParentRunner.java:71) [junit-4.12.jar:4.12]
	at org.junit.runners.ParentRunner.runChildren(ParentRunner.java:288) [junit-4.12.jar:4.12]
	at org.junit.runners.ParentRunner.access$000(ParentRunner.java:58) [junit-4.12.jar:4.12]
	at org.junit.runners.ParentRunner$2.evaluate(ParentRunner.java:268) [junit-4.12.jar:4.12]
	at org.springframework.test.context.junit4.statements.RunBeforeTestClassCallbacks.evaluate(RunBeforeTestClassCallbacks.java:61) [spring-test-4.3.6.RELEASE.jar:4.3.6.RELEASE]
	at org.springframework.test.context.junit4.statements.RunAfterTestClassCallbacks.evaluate(RunAfterTestClassCallbacks.java:70) [spring-test-4.3.6.RELEASE.jar:4.3.6.RELEASE]
	at org.junit.runners.ParentRunner.run(ParentRunner.java:363) [junit-4.12.jar:4.12]
	at org.springframework.test.context.junit4.SpringJUnit4ClassRunner.run(SpringJUnit4ClassRunner.java:191) [spring-test-4.3.6.RELEASE.jar:4.3.6.RELEASE]
	at org.apache.maven.surefire.junit4.JUnit4Provider.execute(JUnit4Provider.java:283) [surefire-junit4-2.18.1.jar:2.18.1]
	at org.apache.maven.surefire.junit4.JUnit4Provider.executeWithRerun(JUnit4Provider.java:173) [surefire-junit4-2.18.1.jar:2.18.1]
	at org.apache.maven.surefire.junit4.JUnit4Provider.executeTestSet(JUnit4Provider.java:153) [surefire-junit4-2.18.1.jar:2.18.1]
	at org.apache.maven.surefire.junit4.JUnit4Provider.invoke(JUnit4Provider.java:128) [surefire-junit4-2.18.1.jar:2.18.1]
	at org.apache.maven.surefire.booter.ForkedBooter.invokeProviderInSameClassLoader(ForkedBooter.java:203) [surefire-booter-2.18.1.jar:2.18.1]
	at org.apache.maven.surefire.booter.ForkedBooter.runSuitesInProcess(ForkedBooter.java:155) [surefire-booter-2.18.1.jar:2.18.1]
	at org.apache.maven.surefire.booter.ForkedBooter.main(ForkedBooter.java:103) [surefire-booter-2.18.1.jar:2.18.1]

2017-02-22 09:14:27.342  INFO 69668 --- [           main] o.s.w.c.s.GenericWebApplicationContext   : Closing org.springframework.web.context.support.GenericWebApplicationContext@48c8a84d: startup date [Wed Feb 22 09:14:24 GMT+09:00 2017]; root of context hierarchy
2017-02-22 09:14:27.345  INFO 69668 --- [           main] j.LocalContainerEntityManagerFactoryBean : Closing JPA EntityManagerFactory for persistence unit 'default'
2017-02-22 09:14:27.346  INFO 69668 --- [           main] org.hibernate.tool.hbm2ddl.SchemaExport  : HHH000227: Running hbm2ddl schema export
Hibernate: drop table if exists account cascade
Hibernate: drop table if exists cnst cascade
Hibernate: drop table if exists obst cascade
Hibernate: drop table if exists prod cascade
Hibernate: drop table if exists prod_type cascade
Hibernate: drop table if exists qr cascade
Hibernate: drop table if exists qr_link cascade
Hibernate: drop sequence hibernate_sequence
2017-02-22 09:14:27.419  INFO 69668 --- [           main] org.hibernate.tool.hbm2ddl.SchemaExport  : HHH000230: Schema export complete
2017-02-22 09:14:27.421 ERROR 69668 --- [           main] o.s.test.context.TestContextManager      : Caught exception while allowing TestExecutionListener [org.springframework.test.context.web.ServletTestExecutionListener@62fa4a88] to prepare test instance [com.chahoo.u4d.api.buildInfo.BuildInfoControllerTest@65eb16f7]

java.lang.NoSuchMethodError: com.fasterxml.classmate.TypeBindings.withAdditionalBinding(Ljava/lang/String;Lcom/fasterxml/classmate/ResolvedType;)Lcom/fasterxml/classmate/TypeBindings;
	at springfox.documentation.schema.WildcardType.adjustedTypeBindings(WildcardType.java:137) ~[springfox-core-2.2.2.jar:2.2.2]
	at springfox.documentation.schema.WildcardType.breadthFirstSearch(WildcardType.java:117) ~[springfox-core-2.2.2.jar:2.2.2]
	at springfox.documentation.schema.WildcardType.collectReplaceables(WildcardType.java:74) ~[springfox-core-2.2.2.jar:2.2.2]
	at springfox.documentation.schema.AlternateTypeRule.alternateFor(AlternateTypeRule.java:50) ~[springfox-core-2.2.2.jar:2.2.2]
	at springfox.documentation.spi.schema.AlternateTypeProvider.alternateFor(AlternateTypeProvider.java:44) ~[springfox-spi-2.2.2.jar:2.2.2]
	at springfox.documentation.spi.service.contexts.RequestMappingContext.alternateFor(RequestMappingContext.java:118) ~[springfox-spi-2.2.2.jar:2.2.2]
	at springfox.documentation.spring.web.readers.operation.OperationModelsProvider.collectFromReturnType(OperationModelsProvider.java:70) ~[springfox-spring-web-2.2.2.jar:2.2.2]
	at springfox.documentation.spring.web.readers.operation.OperationModelsProvider.apply(OperationModelsProvider.java:59) ~[springfox-spring-web-2.2.2.jar:2.2.2]
	at springfox.documentation.spring.web.plugins.DocumentationPluginsManager.modelContexts(DocumentationPluginsManager.java:129) ~[springfox-spring-web-2.2.2.jar:2.2.2]
	at springfox.documentation.spring.web.scanners.ApiModelReader.read(ApiModelReader.java:62) ~[springfox-spring-web-2.2.2.jar:2.2.2]
	at springfox.documentation.spring.web.scanners.ApiListingScanner.scan(ApiListingScanner.java:91) ~[springfox-spring-web-2.2.2.jar:2.2.2]
	at springfox.documentation.spring.web.scanners.ApiDocumentationScanner.scan(ApiDocumentationScanner.java:62) ~[springfox-spring-web-2.2.2.jar:2.2.2]
	at springfox.documentation.spring.web.plugins.DocumentationPluginsBootstrapper.scanDocumentation(DocumentationPluginsBootstrapper.java:101) ~[springfox-spring-web-2.2.2.jar:2.2.2]
	at springfox.documentation.spring.web.plugins.DocumentationPluginsBootstrapper.onApplicationEvent(DocumentationPluginsBootstrapper.java:87) ~[springfox-spring-web-2.2.2.jar:2.2.2]
	at springfox.documentation.spring.web.plugins.DocumentationPluginsBootstrapper.onApplicationEvent(DocumentationPluginsBootstrapper.java:50) ~[springfox-spring-web-2.2.2.jar:2.2.2]
	at org.springframework.context.event.SimpleApplicationEventMulticaster.invokeListener(SimpleApplicationEventMulticaster.java:167) ~[spring-context-4.3.6.RELEASE.jar:4.3.6.RELEASE]
	at org.springframework.context.event.SimpleApplicationEventMulticaster.multicastEvent(SimpleApplicationEventMulticaster.java:139) ~[spring-context-4.3.6.RELEASE.jar:4.3.6.RELEASE]
	at org.springframework.context.support.AbstractApplicationContext.publishEvent(AbstractApplicationContext.java:383) ~[spring-context-4.3.6.RELEASE.jar:4.3.6.RELEASE]
	at org.springframework.context.support.AbstractApplicationContext.publishEvent(AbstractApplicationContext.java:337) ~[spring-context-4.3.6.RELEASE.jar:4.3.6.RELEASE]
	at org.springframework.context.support.AbstractApplicationContext.finishRefresh(AbstractApplicationContext.java:882) ~[spring-context-4.3.6.RELEASE.jar:4.3.6.RELEASE]
	at org.springframework.context.support.AbstractApplicationContext.refresh(AbstractApplicationContext.java:545) ~[spring-context-4.3.6.RELEASE.jar:4.3.6.RELEASE]
	at org.springframework.boot.SpringApplication.refresh(SpringApplication.java:737) ~[spring-boot-1.5.1.RELEASE.jar:1.5.1.RELEASE]
	at org.springframework.boot.SpringApplication.refreshContext(SpringApplication.java:370) ~[spring-boot-1.5.1.RELEASE.jar:1.5.1.RELEASE]
	at org.springframework.boot.SpringApplication.run(SpringApplication.java:314) ~[spring-boot-1.5.1.RELEASE.jar:1.5.1.RELEASE]
	at org.springframework.boot.test.context.SpringBootContextLoader.loadContext(SpringBootContextLoader.java:120) ~[spring-boot-test-1.5.1.RELEASE.jar:1.5.1.RELEASE]
	at org.springframework.test.context.cache.DefaultCacheAwareContextLoaderDelegate.loadContextInternal(DefaultCacheAwareContextLoaderDelegate.java:98) ~[spring-test-4.3.6.RELEASE.jar:4.3.6.RELEASE]
	at org.springframework.test.context.cache.DefaultCacheAwareContextLoaderDelegate.loadContext(DefaultCacheAwareContextLoaderDelegate.java:116) ~[spring-test-4.3.6.RELEASE.jar:4.3.6.RELEASE]
	at org.springframework.test.context.support.DefaultTestContext.getApplicationContext(DefaultTestContext.java:83) ~[spring-test-4.3.6.RELEASE.jar:4.3.6.RELEASE]
	at org.springframework.test.context.web.ServletTestExecutionListener.setUpRequestContextIfNecessary(ServletTestExecutionListener.java:189) ~[spring-test-4.3.6.RELEASE.jar:4.3.6.RELEASE]
	at org.springframework.test.context.web.ServletTestExecutionListener.prepareTestInstance(ServletTestExecutionListener.java:131) ~[spring-test-4.3.6.RELEASE.jar:4.3.6.RELEASE]
	at org.springframework.test.context.TestContextManager.prepareTestInstance(TestContextManager.java:230) ~[spring-test-4.3.6.RELEASE.jar:4.3.6.RELEASE]
	at org.springframework.test.context.junit4.SpringJUnit4ClassRunner.createTest(SpringJUnit4ClassRunner.java:228) [spring-test-4.3.6.RELEASE.jar:4.3.6.RELEASE]
	at org.springframework.test.context.junit4.SpringJUnit4ClassRunner$1.runReflectiveCall(SpringJUnit4ClassRunner.java:287) [spring-test-4.3.6.RELEASE.jar:4.3.6.RELEASE]
	at org.junit.internal.runners.model.ReflectiveCallable.run(ReflectiveCallable.java:12) [junit-4.12.jar:4.12]
	at org.springframework.test.context.junit4.SpringJUnit4ClassRunner.methodBlock(SpringJUnit4ClassRunner.java:289) [spring-test-4.3.6.RELEASE.jar:4.3.6.RELEASE]
	at org.springframework.test.context.junit4.SpringJUnit4ClassRunner.runChild(SpringJUnit4ClassRunner.java:247) [spring-test-4.3.6.RELEASE.jar:4.3.6.RELEASE]
	at org.springframework.test.context.junit4.SpringJUnit4ClassRunner.runChild(SpringJUnit4ClassRunner.java:94) [spring-test-4.3.6.RELEASE.jar:4.3.6.RELEASE]
	at org.junit.runners.ParentRunner$3.run(ParentRunner.java:290) [junit-4.12.jar:4.12]
	at org.junit.runners.ParentRunner$1.schedule(ParentRunner.java:71) [junit-4.12.jar:4.12]
	at org.junit.runners.ParentRunner.runChildren(ParentRunner.java:288) [junit-4.12.jar:4.12]
	at org.junit.runners.ParentRunner.access$000(ParentRunner.java:58) [junit-4.12.jar:4.12]
	at org.junit.runners.ParentRunner$2.evaluate(ParentRunner.java:268) [junit-4.12.jar:4.12]
	at org.springframework.test.context.junit4.statements.RunBeforeTestClassCallbacks.evaluate(RunBeforeTestClassCallbacks.java:61) [spring-test-4.3.6.RELEASE.jar:4.3.6.RELEASE]
	at org.springframework.test.context.junit4.statements.RunAfterTestClassCallbacks.evaluate(RunAfterTestClassCallbacks.java:70) [spring-test-4.3.6.RELEASE.jar:4.3.6.RELEASE]
	at org.junit.runners.ParentRunner.run(ParentRunner.java:363) [junit-4.12.jar:4.12]
	at org.springframework.test.context.junit4.SpringJUnit4ClassRunner.run(SpringJUnit4ClassRunner.java:191) [spring-test-4.3.6.RELEASE.jar:4.3.6.RELEASE]
	at org.apache.maven.surefire.junit4.JUnit4Provider.execute(JUnit4Provider.java:283) [surefire-junit4-2.18.1.jar:2.18.1]
	at org.apache.maven.surefire.junit4.JUnit4Provider.executeWithRerun(JUnit4Provider.java:173) [surefire-junit4-2.18.1.jar:2.18.1]
	at org.apache.maven.surefire.junit4.JUnit4Provider.executeTestSet(JUnit4Provider.java:153) [surefire-junit4-2.18.1.jar:2.18.1]
	at org.apache.maven.surefire.junit4.JUnit4Provider.invoke(JUnit4Provider.java:128) [surefire-junit4-2.18.1.jar:2.18.1]
	at org.apache.maven.surefire.booter.ForkedBooter.invokeProviderInSameClassLoader(ForkedBooter.java:203) [surefire-booter-2.18.1.jar:2.18.1]
	at org.apache.maven.surefire.booter.ForkedBooter.runSuitesInProcess(ForkedBooter.java:155) [surefire-booter-2.18.1.jar:2.18.1]
	at org.apache.maven.surefire.booter.ForkedBooter.main(ForkedBooter.java:103) [surefire-booter-2.18.1.jar:2.18.1]

]]></system-out>
  </testcase>
  <testcase name="testDeleteQr" classname="com.chahoo.u4d.api.buildInfo.BuildInfoControllerTest" time="0">
    <error message="com.fasterxml.classmate.TypeBindings.withAdditionalBinding(Ljava/lang/String;Lcom/fasterxml/classmate/ResolvedType;)Lcom/fasterxml/classmate/TypeBindings;" type="java.lang.NoSuchMethodError">java.lang.NoSuchMethodError: com.fasterxml.classmate.TypeBindings.withAdditionalBinding(Ljava/lang/String;Lcom/fasterxml/classmate/ResolvedType;)Lcom/fasterxml/classmate/TypeBindings;
	at springfox.documentation.schema.WildcardType.adjustedTypeBindings(WildcardType.java:137)
	at springfox.documentation.schema.WildcardType.breadthFirstSearch(WildcardType.java:117)
	at springfox.documentation.schema.WildcardType.collectReplaceables(WildcardType.java:74)
	at springfox.documentation.schema.AlternateTypeRule.alternateFor(AlternateTypeRule.java:50)
	at springfox.documentation.spi.schema.AlternateTypeProvider.alternateFor(AlternateTypeProvider.java:44)
	at springfox.documentation.spi.service.contexts.RequestMappingContext.alternateFor(RequestMappingContext.java:118)
	at springfox.documentation.spring.web.readers.operation.OperationModelsProvider.collectFromReturnType(OperationModelsProvider.java:70)
	at springfox.documentation.spring.web.readers.operation.OperationModelsProvider.apply(OperationModelsProvider.java:59)
	at springfox.documentation.spring.web.plugins.DocumentationPluginsManager.modelContexts(DocumentationPluginsManager.java:129)
	at springfox.documentation.spring.web.scanners.ApiModelReader.read(ApiModelReader.java:62)
	at springfox.documentation.spring.web.scanners.ApiListingScanner.scan(ApiListingScanner.java:91)
	at springfox.documentation.spring.web.scanners.ApiDocumentationScanner.scan(ApiDocumentationScanner.java:62)
	at springfox.documentation.spring.web.plugins.DocumentationPluginsBootstrapper.scanDocumentation(DocumentationPluginsBootstrapper.java:101)
	at springfox.documentation.spring.web.plugins.DocumentationPluginsBootstrapper.onApplicationEvent(DocumentationPluginsBootstrapper.java:87)
	at springfox.documentation.spring.web.plugins.DocumentationPluginsBootstrapper.onApplicationEvent(DocumentationPluginsBootstrapper.java:50)
	at org.springframework.context.event.SimpleApplicationEventMulticaster.invokeListener(SimpleApplicationEventMulticaster.java:167)
	at org.springframework.context.event.SimpleApplicationEventMulticaster.multicastEvent(SimpleApplicationEventMulticaster.java:139)
	at org.springframework.context.support.AbstractApplicationContext.publishEvent(AbstractApplicationContext.java:383)
	at org.springframework.context.support.AbstractApplicationContext.publishEvent(AbstractApplicationContext.java:337)
	at org.springframework.context.support.AbstractApplicationContext.finishRefresh(AbstractApplicationContext.java:882)
	at org.springframework.context.support.AbstractApplicationContext.refresh(AbstractApplicationContext.java:545)
	at org.springframework.boot.SpringApplication.refresh(SpringApplication.java:737)
	at org.springframework.boot.SpringApplication.refreshContext(SpringApplication.java:370)
	at org.springframework.boot.SpringApplication.run(SpringApplication.java:314)
	at org.springframework.boot.test.context.SpringBootContextLoader.loadContext(SpringBootContextLoader.java:120)
	at org.springframework.test.context.cache.DefaultCacheAwareContextLoaderDelegate.loadContextInternal(DefaultCacheAwareContextLoaderDelegate.java:98)
	at org.springframework.test.context.cache.DefaultCacheAwareContextLoaderDelegate.loadContext(DefaultCacheAwareContextLoaderDelegate.java:116)
	at org.springframework.test.context.support.DefaultTestContext.getApplicationContext(DefaultTestContext.java:83)
	at org.springframework.test.context.web.ServletTestExecutionListener.setUpRequestContextIfNecessary(ServletTestExecutionListener.java:189)
	at org.springframework.test.context.web.ServletTestExecutionListener.prepareTestInstance(ServletTestExecutionListener.java:131)
	at org.springframework.test.context.TestContextManager.prepareTestInstance(TestContextManager.java:230)
	at org.springframework.test.context.junit4.SpringJUnit4ClassRunner.createTest(SpringJUnit4ClassRunner.java:228)
	at org.springframework.test.context.junit4.SpringJUnit4ClassRunner$1.runReflectiveCall(SpringJUnit4ClassRunner.java:287)
	at org.junit.internal.runners.model.ReflectiveCallable.run(ReflectiveCallable.java:12)
	at org.springframework.test.context.junit4.SpringJUnit4ClassRunner.methodBlock(SpringJUnit4ClassRunner.java:289)
	at org.springframework.test.context.junit4.SpringJUnit4ClassRunner.runChild(SpringJUnit4ClassRunner.java:247)
	at org.springframework.test.context.junit4.SpringJUnit4ClassRunner.runChild(SpringJUnit4ClassRunner.java:94)
	at org.junit.runners.ParentRunner$3.run(ParentRunner.java:290)
	at org.junit.runners.ParentRunner$1.schedule(ParentRunner.java:71)
	at org.junit.runners.ParentRunner.runChildren(ParentRunner.java:288)
	at org.junit.runners.ParentRunner.access$000(ParentRunner.java:58)
	at org.junit.runners.ParentRunner$2.evaluate(ParentRunner.java:268)
	at org.springframework.test.context.junit4.statements.RunBeforeTestClassCallbacks.evaluate(RunBeforeTestClassCallbacks.java:61)
	at org.springframework.test.context.junit4.statements.RunAfterTestClassCallbacks.evaluate(RunAfterTestClassCallbacks.java:70)
	at org.junit.runners.ParentRunner.run(ParentRunner.java:363)
	at org.springframework.test.context.junit4.SpringJUnit4ClassRunner.run(SpringJUnit4ClassRunner.java:191)
	at org.apache.maven.surefire.junit4.JUnit4Provider.execute(JUnit4Provider.java:283)
	at org.apache.maven.surefire.junit4.JUnit4Provider.executeWithRerun(JUnit4Provider.java:173)
	at org.apache.maven.surefire.junit4.JUnit4Provider.executeTestSet(JUnit4Provider.java:153)
	at org.apache.maven.surefire.junit4.JUnit4Provider.invoke(JUnit4Provider.java:128)
	at org.apache.maven.surefire.booter.ForkedBooter.invokeProviderInSameClassLoader(ForkedBooter.java:203)
	at org.apache.maven.surefire.booter.ForkedBooter.runSuitesInProcess(ForkedBooter.java:155)
	at org.apache.maven.surefire.booter.ForkedBooter.main(ForkedBooter.java:103)
</error>
    <system-out><![CDATA[__/\\\________/\\\______________________/\\\_______________/\\\\\\\\\\\\____
 _\/\\\_______\/\\\____________________/\\\\\______________\/\\\////////\\\__
  _\/\\\_______\/\\\__________________/\\\/\\\______________\/\\\______\//\\\_
   _\/\\\_______\/\\\________________/\\\/\/\\\______________\/\\\_______\/\\\_
    _\/\\\_______\/\\\______________/\\\/__\/\\\______________\/\\\_______\/\\\_
     _\/\\\_______\/\\\____________/\\\\\\\\\\\\\\\\___________\/\\\_______\/\\\_
      _\//\\\______/\\\____________\///////////\\\//____________\/\\\_______/\\\__
       __\///\\\\\\\\\/_______________________\/\\\______________\/\\\\\\\\\\\\/___
        ____\/////////_________________________\///_______________\////////////_____


????         ???????    ???  ???     ??????     ???  ???     ???????      ???????         ????
????        ????????    ???  ???    ????????    ???  ???    ?????????    ?????????        ????
???         ???         ????????    ????????    ????????    ???   ???    ???   ???         ???
???         ???         ????????    ????????    ????????    ???   ???    ???   ???         ???
????        ????????    ???  ???    ???  ???    ???  ???    ?????????    ?????????        ????
????         ???????    ???  ???    ???  ???    ???  ???     ???????      ???????         ????



2017-02-22 09:14:27.475  INFO 69668 --- [           main] c.c.u.a.b.BuildInfoControllerTest        : Starting BuildInfoControllerTest on LAPTOP-DP780HI6 with PID 69668 (started by jjryu in D:\workspace_sts\Line)
2017-02-22 09:14:27.475  INFO 69668 --- [           main] c.c.u.a.b.BuildInfoControllerTest        : No active profile set, falling back to default profiles: default
2017-02-22 09:14:27.478  INFO 69668 --- [           main] o.s.w.c.s.GenericWebApplicationContext   : Refreshing org.springframework.web.context.support.GenericWebApplicationContext@78596d51: startup date [Wed Feb 22 09:14:27 GMT+09:00 2017]; root of context hierarchy
2017-02-22 09:14:28.038  INFO 69668 --- [           main] trationDelegate$BeanPostProcessorChecker : Bean 'org.springframework.boot.autoconfigure.validation.ValidationAutoConfiguration' of type [class org.springframework.boot.autoconfigure.validation.ValidationAutoConfiguration] is not eligible for getting processed by all BeanPostProcessors (for example: not eligible for auto-proxying)
2017-02-22 09:14:28.045  INFO 69668 --- [           main] trationDelegate$BeanPostProcessorChecker : Bean 'validator' of type [class org.springframework.validation.beanvalidation.LocalValidatorFactoryBean] is not eligible for getting processed by all BeanPostProcessors (for example: not eligible for auto-proxying)
2017-02-22 09:14:28.063  INFO 69668 --- [           main] trationDelegate$BeanPostProcessorChecker : Bean 'org.springframework.transaction.annotation.ProxyTransactionManagementConfiguration' of type [class org.springframework.transaction.annotation.ProxyTransactionManagementConfiguration$$EnhancerBySpringCGLIB$$eb70431a] is not eligible for getting processed by all BeanPostProcessors (for example: not eligible for auto-proxying)
2017-02-22 09:14:29.306  INFO 69668 --- [           main] j.LocalContainerEntityManagerFactoryBean : Building JPA container EntityManagerFactory for persistence unit 'default'
2017-02-22 09:14:29.306  INFO 69668 --- [           main] o.hibernate.jpa.internal.util.LogHelper  : HHH000204: Processing PersistenceUnitInfo [
	name: default
	...]
2017-02-22 09:14:29.313  INFO 69668 --- [           main] org.hibernate.dialect.Dialect            : HHH000400: Using dialect: org.hibernate.dialect.PostgreSQL82Dialect
2017-02-22 09:14:29.417  INFO 69668 --- [           main] o.h.e.j.e.i.LobCreatorBuilderImpl        : HHH000424: Disabling contextual LOB creation as createClob() method threw error : java.lang.reflect.InvocationTargetException
2017-02-22 09:14:29.417  INFO 69668 --- [           main] org.hibernate.type.BasicTypeRegistry     : HHH000270: Type registration [java.util.UUID] overrides previous : org.hibernate.type.UUIDBinaryType@2d258eff
2017-02-22 09:14:29.424  WARN 69668 --- [           main] org.hibernate.orm.deprecation            : HHH90000014: Found use of deprecated [org.hibernate.id.SequenceGenerator] sequence-based id generator; use org.hibernate.id.enhanced.SequenceStyleGenerator instead.  See Hibernate Domain Model Mapping Guide for details.
2017-02-22 09:14:29.458  INFO 69668 --- [           main] org.hibernate.tool.hbm2ddl.SchemaExport  : HHH000227: Running hbm2ddl schema export
Hibernate: drop table if exists account cascade
Hibernate: drop table if exists cnst cascade
Hibernate: drop table if exists obst cascade
Hibernate: drop table if exists prod cascade
Hibernate: drop table if exists prod_type cascade
Hibernate: drop table if exists qr cascade
Hibernate: drop table if exists qr_link cascade
Hibernate: drop sequence hibernate_sequence
2017-02-22 09:14:29.463 ERROR 69668 --- [           main] org.hibernate.tool.hbm2ddl.SchemaExport  : HHH000389: Unsuccessful: drop sequence hibernate_sequence
2017-02-22 09:14:29.463 ERROR 69668 --- [           main] org.hibernate.tool.hbm2ddl.SchemaExport  : ERROR: sequence "hibernate_sequence" does not exist
Hibernate: create sequence hibernate_sequence start 1 increment 1
Hibernate: create table account (id int8 not null, create_date timestamp, create_login_id varchar(255), login_id varchar(255) not null, password varchar(255) not null, update_date timestamp, update_login_id varchar(255), user_name varchar(255) not null, primary key (id))
Hibernate: create table cnst (cnst_serno int8 not null, area_serno int8, cnst_goal varchar(255), cnst_nm varchar(255), cnst_pos varchar(255), descr varchar(255), fday date, plan_fday date, plan_tday date, pro_stts varchar(255), reg_date date, reg_user_serno int8, tday date, updt_date date, updt_user_serno int8, use_yn char(1), primary key (cnst_serno))
Hibernate: create table obst (obst_code varchar(255) not null, descr varchar(255), legend_color varchar(255), obst_nm varchar(255), oder int8, reg_date date, reg_user_serno int8, updt_date date, updt_user_serno int8, upper_obst_code varchar(255), use_yn char(1), primary key (obst_code))
Hibernate: create table prod (prod_serno int8 not null, descr varchar(255), man_com_nm varchar(255), mdl_code varchar(255), model_serno int8, mtrl varchar(255), obst_code varchar(255), pipe_dia numeric(19, 2), pipe_dia_descr varchar(255), prod_nm varchar(255), prod_type_code varchar(255), reg_date date, reg_user_serno int8, updt_date date, updt_user_serno int8, use_yn char(1), primary key (prod_serno))
Hibernate: create table prod_type (prod_type_code varchar(255) not null, descr varchar(255), oder int8, prod_type_nm varchar(255), reg_date date, reg_user_serno int8, updt_date date, updt_user_serno int8, upper_prod_type_code varchar(255), use_yn char(1), primary key (prod_type_code))
Hibernate: create table qr (qr_serno int8 not null, area_serno int8, as_tgt_yn char(1), builder_nm varchar(255), buld_date date, buld_yn char(1), cnst_serno int8, descr varchar(255), desg_qr_yn char(1), ins_depth numeric(19, 2), ins_height numeric(19, 2), ins_latu numeric(19, 2), ins_lgtu numeric(19, 2), ins_tm_x numeric(19, 2), ins_tm_y numeric(19, 2), model_info_yn char(1), ofs_x numeric(19, 2), ofs_y numeric(19, 2), ofs_z numeric(19, 2), prod_serno int8 not null, qr_code varchar(255), reg_date date, reg_user_serno int8, rot_x numeric(19, 2), rot_y numeric(19, 2), rot_z numeric(19, 2), scale numeric(19, 2), scale_x numeric(19, 2), scale_y numeric(19, 2), scale_z numeric(19, 2), skin numeric(19, 2), surpnt_mth_code varchar(255), surpnt_no varchar(255), survey_yn char(1), updt_date date, updt_user_serno int8, updt_yn char(1), use_yn char(1), primary key (qr_serno))
Hibernate: create table qr_link (link_serno int8 not null, cnst_serno int8 not null, descr varchar(255), desg_qr_yn char(1), from_qr_serno int8 not null, pipe_length numeric(19, 2), pipeline_serno int8, reg_date date, reg_user_serno int8, survey_yn char(1), to_qr_serno int8 not null, updt_date date, updt_user_serno int8, use_yn char(1), primary key (link_serno))
Hibernate: alter table account add constraint UK_tqpuaqxalcaeddpc0m6mcxobg unique (login_id)
2017-02-22 09:14:29.613  INFO 69668 --- [           main] org.hibernate.tool.hbm2ddl.SchemaExport  : HHH000230: Schema export complete
2017-02-22 09:14:29.616  INFO 69668 --- [           main] j.LocalContainerEntityManagerFactoryBean : Initialized JPA EntityManagerFactory for persistence unit 'default'
2017-02-22 09:14:29.961  INFO 69668 --- [           main] s.w.s.m.m.a.RequestMappingHandlerMapping : Mapped "{[/api/buildInfo/qrs/{qrSerno}],methods=[DELETE]}" onto public org.springframework.http.ResponseEntity com.chahoo.u4d.api.buildInfo.BuildInfoController.deleteQr(com.chahoo.u4d.entity.Qr) throws java.lang.Exception
2017-02-22 09:14:29.961  INFO 69668 --- [           main] s.w.s.m.m.a.RequestMappingHandlerMapping : Mapped "{[/api/buildInfo/qrs/{qrSerno}],methods=[GET]}" onto public org.springframework.http.ResponseEntity com.chahoo.u4d.api.buildInfo.BuildInfoController.getQr(java.lang.String)
2017-02-22 09:14:29.961  INFO 69668 --- [           main] s.w.s.m.m.a.RequestMappingHandlerMapping : Mapped "{[/api/buildInfo/qrs],methods=[GET]}" onto public org.springframework.http.ResponseEntity com.chahoo.u4d.api.buildInfo.BuildInfoController.getQrList(java.util.Map<java.lang.String, java.lang.String>,org.springframework.data.domain.Pageable)
2017-02-22 09:14:29.961  INFO 69668 --- [           main] s.w.s.m.m.a.RequestMappingHandlerMapping : Mapped "{[/api/buildInfo/qrs/{qrSerno}],methods=[PUT]}" onto public org.springframework.http.ResponseEntity com.chahoo.u4d.api.buildInfo.BuildInfoController.updateQr(com.chahoo.u4d.entity.Qr)
2017-02-22 09:14:29.962  INFO 69668 --- [           main] s.w.s.m.m.a.RequestMappingHandlerMapping : Mapped "{[/api/buildInfo/qrs],methods=[POST]}" onto public org.springframework.http.ResponseEntity com.chahoo.u4d.api.buildInfo.BuildInfoController.createQr(com.chahoo.u4d.entity.Qr)
2017-02-22 09:14:29.962  INFO 69668 --- [           main] s.w.s.m.m.a.RequestMappingHandlerMapping : Mapped "{[/v2/api-docs],methods=[GET]}" onto public org.springframework.http.ResponseEntity<springfox.documentation.spring.web.json.Json> springfox.documentation.swagger2.web.Swagger2Controller.getDocumentation(java.lang.String)
2017-02-22 09:14:29.963  INFO 69668 --- [           main] s.w.s.m.m.a.RequestMappingHandlerMapping : Mapped "{[/configuration/security]}" onto org.springframework.http.ResponseEntity<springfox.documentation.swagger.web.SecurityConfiguration> springfox.documentation.swagger.web.ApiResourceController.securityConfiguration()
2017-02-22 09:14:29.963  INFO 69668 --- [           main] s.w.s.m.m.a.RequestMappingHandlerMapping : Mapped "{[/configuration/ui]}" onto org.springframework.http.ResponseEntity<springfox.documentation.swagger.web.UiConfiguration> springfox.documentation.swagger.web.ApiResourceController.uiConfiguration()
2017-02-22 09:14:29.963  INFO 69668 --- [           main] s.w.s.m.m.a.RequestMappingHandlerMapping : Mapped "{[/swagger-resources]}" onto org.springframework.http.ResponseEntity<java.util.List<springfox.documentation.swagger.web.SwaggerResource>> springfox.documentation.swagger.web.ApiResourceController.swaggerResources()
2017-02-22 09:14:29.964  INFO 69668 --- [           main] s.w.s.m.m.a.RequestMappingHandlerMapping : Mapped "{[/error]}" onto public org.springframework.http.ResponseEntity<java.util.Map<java.lang.String, java.lang.Object>> org.springframework.boot.autoconfigure.web.BasicErrorController.error(javax.servlet.http.HttpServletRequest)
2017-02-22 09:14:29.964  INFO 69668 --- [           main] s.w.s.m.m.a.RequestMappingHandlerMapping : Mapped "{[/error],produces=[text/html]}" onto public org.springframework.web.servlet.ModelAndView org.springframework.boot.autoconfigure.web.BasicErrorController.errorHtml(javax.servlet.http.HttpServletRequest,javax.servlet.http.HttpServletResponse)
2017-02-22 09:14:30.114  INFO 69668 --- [           main] s.w.s.m.m.a.RequestMappingHandlerAdapter : Looking for @ControllerAdvice: org.springframework.web.context.support.GenericWebApplicationContext@78596d51: startup date [Wed Feb 22 09:14:27 GMT+09:00 2017]; root of context hierarchy
2017-02-22 09:14:30.133  INFO 69668 --- [           main] o.s.w.s.handler.SimpleUrlHandlerMapping  : Mapped URL path [/webjars/**] onto handler of type [class org.springframework.web.servlet.resource.ResourceHttpRequestHandler]
2017-02-22 09:14:30.133  INFO 69668 --- [           main] o.s.w.s.handler.SimpleUrlHandlerMapping  : Mapped URL path [/**] onto handler of type [class org.springframework.web.servlet.resource.ResourceHttpRequestHandler]
2017-02-22 09:14:30.153  INFO 69668 --- [           main] o.s.w.s.handler.SimpleUrlHandlerMapping  : Mapped URL path [/**/favicon.ico] onto handler of type [class org.springframework.web.servlet.resource.ResourceHttpRequestHandler]
2017-02-22 09:14:30.165  INFO 69668 --- [           main] oConfiguration$WelcomePageHandlerMapping : Adding welcome page: ServletContext resource [/index.html]
2017-02-22 09:14:30.442  INFO 69668 --- [           main] o.s.s.web.DefaultSecurityFilterChain     : Creating filter chain: OrRequestMatcher [requestMatchers=[Ant [pattern='/css/**'], Ant [pattern='/js/**'], Ant [pattern='/images/**'], Ant [pattern='/webjars/**'], Ant [pattern='/**/favicon.ico'], Ant [pattern='/error']]], []
2017-02-22 09:14:30.483  INFO 69668 --- [           main] o.s.s.web.DefaultSecurityFilterChain     : Creating filter chain: org.springframework.security.web.util.matcher.AnyRequestMatcher@1, [org.springframework.security.web.context.request.async.WebAsyncManagerIntegrationFilter@344862e, org.springframework.security.web.context.SecurityContextPersistenceFilter@71d4528b, org.springframework.security.web.header.HeaderWriterFilter@14605d0d, org.springframework.security.web.authentication.logout.LogoutFilter@55947b77, org.springframework.security.web.savedrequest.RequestCacheAwareFilter@48c10d3, org.springframework.security.web.servletapi.SecurityContextHolderAwareRequestFilter@1212bd7a, org.springframework.security.web.authentication.AnonymousAuthenticationFilter@5f03144a, org.springframework.security.web.session.SessionManagementFilter@3d6f45da, org.springframework.security.web.access.ExceptionTranslationFilter@5a65e913, org.springframework.security.web.access.intercept.FilterSecurityInterceptor@2c4ce5a9]
2017-02-22 09:14:30.493  INFO 69668 --- [           main] o.s.s.web.DefaultSecurityFilterChain     : Creating filter chain: OrRequestMatcher [requestMatchers=[Ant [pattern='/**']]], [org.springframework.security.web.context.request.async.WebAsyncManagerIntegrationFilter@3452d160, org.springframework.security.web.context.SecurityContextPersistenceFilter@26428f0e, org.springframework.security.web.header.HeaderWriterFilter@7fdcccd5, org.springframework.security.web.authentication.logout.LogoutFilter@5e2b5b4e, org.springframework.security.web.authentication.www.BasicAuthenticationFilter@6ca3957a, org.springframework.security.web.savedrequest.RequestCacheAwareFilter@1461be0c, org.springframework.security.web.servletapi.SecurityContextHolderAwareRequestFilter@d426231, org.springframework.security.web.authentication.AnonymousAuthenticationFilter@6cee43d8, org.springframework.security.web.session.SessionManagementFilter@1668ba45, org.springframework.security.web.access.ExceptionTranslationFilter@20b2447e, org.springframework.security.web.access.intercept.FilterSecurityInterceptor@1febf786]
2017-02-22 09:14:30.600  INFO 69668 --- [           main] d.s.w.p.DocumentationPluginsBootstrapper : Context refreshed
2017-02-22 09:14:30.601  INFO 69668 --- [           main] d.s.w.p.DocumentationPluginsBootstrapper : Found {0} custom documentation plugin(s)
2017-02-22 09:14:30.603  INFO 69668 --- [           main] s.d.s.w.s.ApiListingReferenceScanner     : Scanning for api listing references
2017-02-22 09:14:30.604  INFO 69668 --- [           main] s.w.ClassOrApiAnnotationResourceGrouping : Group for method deleteQr was build-info-controller
2017-02-22 09:14:30.604  INFO 69668 --- [           main] s.d.s.w.s.ApiListingReferenceScanner     : Request mapping: deleteQr belongs to groups: [[ResourceGroup{groupName='build-info-controller', position=0, controller=com.chahoo.u4d.api.buildInfo.BuildInfoController}]] 
2017-02-22 09:14:30.604  INFO 69668 --- [           main] s.w.ClassOrApiAnnotationResourceGrouping : Group for method getQr was build-info-controller
2017-02-22 09:14:30.604  INFO 69668 --- [           main] s.d.s.w.s.ApiListingReferenceScanner     : Request mapping: getQr belongs to groups: [[ResourceGroup{groupName='build-info-controller', position=0, controller=com.chahoo.u4d.api.buildInfo.BuildInfoController}]] 
2017-02-22 09:14:30.604  INFO 69668 --- [           main] s.w.ClassOrApiAnnotationResourceGrouping : Group for method updateQr was build-info-controller
2017-02-22 09:14:30.604  INFO 69668 --- [           main] s.d.s.w.s.ApiListingReferenceScanner     : Request mapping: updateQr belongs to groups: [[ResourceGroup{groupName='build-info-controller', position=0, controller=com.chahoo.u4d.api.buildInfo.BuildInfoController}]] 
2017-02-22 09:14:30.604  INFO 69668 --- [           main] s.w.ClassOrApiAnnotationResourceGrouping : Group for method getQrList was build-info-controller
2017-02-22 09:14:30.604  INFO 69668 --- [           main] s.d.s.w.s.ApiListingReferenceScanner     : Request mapping: getQrList belongs to groups: [[ResourceGroup{groupName='build-info-controller', position=0, controller=com.chahoo.u4d.api.buildInfo.BuildInfoController}]] 
2017-02-22 09:14:30.605  INFO 69668 --- [           main] s.w.ClassOrApiAnnotationResourceGrouping : Group for method createQr was build-info-controller
2017-02-22 09:14:30.605  INFO 69668 --- [           main] s.d.s.w.s.ApiListingReferenceScanner     : Request mapping: createQr belongs to groups: [[ResourceGroup{groupName='build-info-controller', position=0, controller=com.chahoo.u4d.api.buildInfo.BuildInfoController}]] 
2017-02-22 09:14:30.605  INFO 69668 --- [           main] s.d.s.w.s.ApiListingReferenceScanner     : Created resource listing Path: /default/build-info-controller Description: build-info-controller Position: 0
2017-02-22 09:14:30.608  INFO 69668 --- [           main] utoConfigurationReportLoggingInitializer : 

Error starting ApplicationContext. To display the auto-configuration report re-run your application with 'debug' enabled.
2017-02-22 09:14:30.611 ERROR 69668 --- [           main] o.s.boot.SpringApplication               : Application startup failed

java.lang.NoSuchMethodError: com.fasterxml.classmate.TypeBindings.withAdditionalBinding(Ljava/lang/String;Lcom/fasterxml/classmate/ResolvedType;)Lcom/fasterxml/classmate/TypeBindings;
	at springfox.documentation.schema.WildcardType.adjustedTypeBindings(WildcardType.java:137) ~[springfox-core-2.2.2.jar:2.2.2]
	at springfox.documentation.schema.WildcardType.breadthFirstSearch(WildcardType.java:117) ~[springfox-core-2.2.2.jar:2.2.2]
	at springfox.documentation.schema.WildcardType.collectReplaceables(WildcardType.java:74) ~[springfox-core-2.2.2.jar:2.2.2]
	at springfox.documentation.schema.AlternateTypeRule.alternateFor(AlternateTypeRule.java:50) ~[springfox-core-2.2.2.jar:2.2.2]
	at springfox.documentation.spi.schema.AlternateTypeProvider.alternateFor(AlternateTypeProvider.java:44) ~[springfox-spi-2.2.2.jar:2.2.2]
	at springfox.documentation.spi.service.contexts.RequestMappingContext.alternateFor(RequestMappingContext.java:118) ~[springfox-spi-2.2.2.jar:2.2.2]
	at springfox.documentation.spring.web.readers.operation.OperationModelsProvider.collectFromReturnType(OperationModelsProvider.java:70) ~[springfox-spring-web-2.2.2.jar:2.2.2]
	at springfox.documentation.spring.web.readers.operation.OperationModelsProvider.apply(OperationModelsProvider.java:59) ~[springfox-spring-web-2.2.2.jar:2.2.2]
	at springfox.documentation.spring.web.plugins.DocumentationPluginsManager.modelContexts(DocumentationPluginsManager.java:129) ~[springfox-spring-web-2.2.2.jar:2.2.2]
	at springfox.documentation.spring.web.scanners.ApiModelReader.read(ApiModelReader.java:62) ~[springfox-spring-web-2.2.2.jar:2.2.2]
	at springfox.documentation.spring.web.scanners.ApiListingScanner.scan(ApiListingScanner.java:91) ~[springfox-spring-web-2.2.2.jar:2.2.2]
	at springfox.documentation.spring.web.scanners.ApiDocumentationScanner.scan(ApiDocumentationScanner.java:62) ~[springfox-spring-web-2.2.2.jar:2.2.2]
	at springfox.documentation.spring.web.plugins.DocumentationPluginsBootstrapper.scanDocumentation(DocumentationPluginsBootstrapper.java:101) ~[springfox-spring-web-2.2.2.jar:2.2.2]
	at springfox.documentation.spring.web.plugins.DocumentationPluginsBootstrapper.onApplicationEvent(DocumentationPluginsBootstrapper.java:87) ~[springfox-spring-web-2.2.2.jar:2.2.2]
	at springfox.documentation.spring.web.plugins.DocumentationPluginsBootstrapper.onApplicationEvent(DocumentationPluginsBootstrapper.java:50) ~[springfox-spring-web-2.2.2.jar:2.2.2]
	at org.springframework.context.event.SimpleApplicationEventMulticaster.invokeListener(SimpleApplicationEventMulticaster.java:167) ~[spring-context-4.3.6.RELEASE.jar:4.3.6.RELEASE]
	at org.springframework.context.event.SimpleApplicationEventMulticaster.multicastEvent(SimpleApplicationEventMulticaster.java:139) ~[spring-context-4.3.6.RELEASE.jar:4.3.6.RELEASE]
	at org.springframework.context.support.AbstractApplicationContext.publishEvent(AbstractApplicationContext.java:383) ~[spring-context-4.3.6.RELEASE.jar:4.3.6.RELEASE]
	at org.springframework.context.support.AbstractApplicationContext.publishEvent(AbstractApplicationContext.java:337) ~[spring-context-4.3.6.RELEASE.jar:4.3.6.RELEASE]
	at org.springframework.context.support.AbstractApplicationContext.finishRefresh(AbstractApplicationContext.java:882) ~[spring-context-4.3.6.RELEASE.jar:4.3.6.RELEASE]
	at org.springframework.context.support.AbstractApplicationContext.refresh(AbstractApplicationContext.java:545) ~[spring-context-4.3.6.RELEASE.jar:4.3.6.RELEASE]
	at org.springframework.boot.SpringApplication.refresh(SpringApplication.java:737) ~[spring-boot-1.5.1.RELEASE.jar:1.5.1.RELEASE]
	at org.springframework.boot.SpringApplication.refreshContext(SpringApplication.java:370) ~[spring-boot-1.5.1.RELEASE.jar:1.5.1.RELEASE]
	at org.springframework.boot.SpringApplication.run(SpringApplication.java:314) ~[spring-boot-1.5.1.RELEASE.jar:1.5.1.RELEASE]
	at org.springframework.boot.test.context.SpringBootContextLoader.loadContext(SpringBootContextLoader.java:120) [spring-boot-test-1.5.1.RELEASE.jar:1.5.1.RELEASE]
	at org.springframework.test.context.cache.DefaultCacheAwareContextLoaderDelegate.loadContextInternal(DefaultCacheAwareContextLoaderDelegate.java:98) [spring-test-4.3.6.RELEASE.jar:4.3.6.RELEASE]
	at org.springframework.test.context.cache.DefaultCacheAwareContextLoaderDelegate.loadContext(DefaultCacheAwareContextLoaderDelegate.java:116) [spring-test-4.3.6.RELEASE.jar:4.3.6.RELEASE]
	at org.springframework.test.context.support.DefaultTestContext.getApplicationContext(DefaultTestContext.java:83) [spring-test-4.3.6.RELEASE.jar:4.3.6.RELEASE]
	at org.springframework.test.context.web.ServletTestExecutionListener.setUpRequestContextIfNecessary(ServletTestExecutionListener.java:189) [spring-test-4.3.6.RELEASE.jar:4.3.6.RELEASE]
	at org.springframework.test.context.web.ServletTestExecutionListener.prepareTestInstance(ServletTestExecutionListener.java:131) [spring-test-4.3.6.RELEASE.jar:4.3.6.RELEASE]
	at org.springframework.test.context.TestContextManager.prepareTestInstance(TestContextManager.java:230) [spring-test-4.3.6.RELEASE.jar:4.3.6.RELEASE]
	at org.springframework.test.context.junit4.SpringJUnit4ClassRunner.createTest(SpringJUnit4ClassRunner.java:228) [spring-test-4.3.6.RELEASE.jar:4.3.6.RELEASE]
	at org.springframework.test.context.junit4.SpringJUnit4ClassRunner$1.runReflectiveCall(SpringJUnit4ClassRunner.java:287) [spring-test-4.3.6.RELEASE.jar:4.3.6.RELEASE]
	at org.junit.internal.runners.model.ReflectiveCallable.run(ReflectiveCallable.java:12) [junit-4.12.jar:4.12]
	at org.springframework.test.context.junit4.SpringJUnit4ClassRunner.methodBlock(SpringJUnit4ClassRunner.java:289) [spring-test-4.3.6.RELEASE.jar:4.3.6.RELEASE]
	at org.springframework.test.context.junit4.SpringJUnit4ClassRunner.runChild(SpringJUnit4ClassRunner.java:247) [spring-test-4.3.6.RELEASE.jar:4.3.6.RELEASE]
	at org.springframework.test.context.junit4.SpringJUnit4ClassRunner.runChild(SpringJUnit4ClassRunner.java:94) [spring-test-4.3.6.RELEASE.jar:4.3.6.RELEASE]
	at org.junit.runners.ParentRunner$3.run(ParentRunner.java:290) [junit-4.12.jar:4.12]
	at org.junit.runners.ParentRunner$1.schedule(ParentRunner.java:71) [junit-4.12.jar:4.12]
	at org.junit.runners.ParentRunner.runChildren(ParentRunner.java:288) [junit-4.12.jar:4.12]
	at org.junit.runners.ParentRunner.access$000(ParentRunner.java:58) [junit-4.12.jar:4.12]
	at org.junit.runners.ParentRunner$2.evaluate(ParentRunner.java:268) [junit-4.12.jar:4.12]
	at org.springframework.test.context.junit4.statements.RunBeforeTestClassCallbacks.evaluate(RunBeforeTestClassCallbacks.java:61) [spring-test-4.3.6.RELEASE.jar:4.3.6.RELEASE]
	at org.springframework.test.context.junit4.statements.RunAfterTestClassCallbacks.evaluate(RunAfterTestClassCallbacks.java:70) [spring-test-4.3.6.RELEASE.jar:4.3.6.RELEASE]
	at org.junit.runners.ParentRunner.run(ParentRunner.java:363) [junit-4.12.jar:4.12]
	at org.springframework.test.context.junit4.SpringJUnit4ClassRunner.run(SpringJUnit4ClassRunner.java:191) [spring-test-4.3.6.RELEASE.jar:4.3.6.RELEASE]
	at org.apache.maven.surefire.junit4.JUnit4Provider.execute(JUnit4Provider.java:283) [surefire-junit4-2.18.1.jar:2.18.1]
	at org.apache.maven.surefire.junit4.JUnit4Provider.executeWithRerun(JUnit4Provider.java:173) [surefire-junit4-2.18.1.jar:2.18.1]
	at org.apache.maven.surefire.junit4.JUnit4Provider.executeTestSet(JUnit4Provider.java:153) [surefire-junit4-2.18.1.jar:2.18.1]
	at org.apache.maven.surefire.junit4.JUnit4Provider.invoke(JUnit4Provider.java:128) [surefire-junit4-2.18.1.jar:2.18.1]
	at org.apache.maven.surefire.booter.ForkedBooter.invokeProviderInSameClassLoader(ForkedBooter.java:203) [surefire-booter-2.18.1.jar:2.18.1]
	at org.apache.maven.surefire.booter.ForkedBooter.runSuitesInProcess(ForkedBooter.java:155) [surefire-booter-2.18.1.jar:2.18.1]
	at org.apache.maven.surefire.booter.ForkedBooter.main(ForkedBooter.java:103) [surefire-booter-2.18.1.jar:2.18.1]

2017-02-22 09:14:30.612  INFO 69668 --- [           main] o.s.w.c.s.GenericWebApplicationContext   : Closing org.springframework.web.context.support.GenericWebApplicationContext@78596d51: startup date [Wed Feb 22 09:14:27 GMT+09:00 2017]; root of context hierarchy
2017-02-22 09:14:30.614  INFO 69668 --- [           main] j.LocalContainerEntityManagerFactoryBean : Closing JPA EntityManagerFactory for persistence unit 'default'
2017-02-22 09:14:30.614  INFO 69668 --- [           main] org.hibernate.tool.hbm2ddl.SchemaExport  : HHH000227: Running hbm2ddl schema export
Hibernate: drop table if exists account cascade
Hibernate: drop table if exists cnst cascade
Hibernate: drop table if exists obst cascade
Hibernate: drop table if exists prod cascade
Hibernate: drop table if exists prod_type cascade
Hibernate: drop table if exists qr cascade
Hibernate: drop table if exists qr_link cascade
Hibernate: drop sequence hibernate_sequence
2017-02-22 09:14:30.684  INFO 69668 --- [           main] org.hibernate.tool.hbm2ddl.SchemaExport  : HHH000230: Schema export complete
2017-02-22 09:14:30.686 ERROR 69668 --- [           main] o.s.test.context.TestContextManager      : Caught exception while allowing TestExecutionListener [org.springframework.test.context.web.ServletTestExecutionListener@62fa4a88] to prepare test instance [com.chahoo.u4d.api.buildInfo.BuildInfoControllerTest@501c3ef6]

java.lang.NoSuchMethodError: com.fasterxml.classmate.TypeBindings.withAdditionalBinding(Ljava/lang/String;Lcom/fasterxml/classmate/ResolvedType;)Lcom/fasterxml/classmate/TypeBindings;
	at springfox.documentation.schema.WildcardType.adjustedTypeBindings(WildcardType.java:137) ~[springfox-core-2.2.2.jar:2.2.2]
	at springfox.documentation.schema.WildcardType.breadthFirstSearch(WildcardType.java:117) ~[springfox-core-2.2.2.jar:2.2.2]
	at springfox.documentation.schema.WildcardType.collectReplaceables(WildcardType.java:74) ~[springfox-core-2.2.2.jar:2.2.2]
	at springfox.documentation.schema.AlternateTypeRule.alternateFor(AlternateTypeRule.java:50) ~[springfox-core-2.2.2.jar:2.2.2]
	at springfox.documentation.spi.schema.AlternateTypeProvider.alternateFor(AlternateTypeProvider.java:44) ~[springfox-spi-2.2.2.jar:2.2.2]
	at springfox.documentation.spi.service.contexts.RequestMappingContext.alternateFor(RequestMappingContext.java:118) ~[springfox-spi-2.2.2.jar:2.2.2]
	at springfox.documentation.spring.web.readers.operation.OperationModelsProvider.collectFromReturnType(OperationModelsProvider.java:70) ~[springfox-spring-web-2.2.2.jar:2.2.2]
	at springfox.documentation.spring.web.readers.operation.OperationModelsProvider.apply(OperationModelsProvider.java:59) ~[springfox-spring-web-2.2.2.jar:2.2.2]
	at springfox.documentation.spring.web.plugins.DocumentationPluginsManager.modelContexts(DocumentationPluginsManager.java:129) ~[springfox-spring-web-2.2.2.jar:2.2.2]
	at springfox.documentation.spring.web.scanners.ApiModelReader.read(ApiModelReader.java:62) ~[springfox-spring-web-2.2.2.jar:2.2.2]
	at springfox.documentation.spring.web.scanners.ApiListingScanner.scan(ApiListingScanner.java:91) ~[springfox-spring-web-2.2.2.jar:2.2.2]
	at springfox.documentation.spring.web.scanners.ApiDocumentationScanner.scan(ApiDocumentationScanner.java:62) ~[springfox-spring-web-2.2.2.jar:2.2.2]
	at springfox.documentation.spring.web.plugins.DocumentationPluginsBootstrapper.scanDocumentation(DocumentationPluginsBootstrapper.java:101) ~[springfox-spring-web-2.2.2.jar:2.2.2]
	at springfox.documentation.spring.web.plugins.DocumentationPluginsBootstrapper.onApplicationEvent(DocumentationPluginsBootstrapper.java:87) ~[springfox-spring-web-2.2.2.jar:2.2.2]
	at springfox.documentation.spring.web.plugins.DocumentationPluginsBootstrapper.onApplicationEvent(DocumentationPluginsBootstrapper.java:50) ~[springfox-spring-web-2.2.2.jar:2.2.2]
	at org.springframework.context.event.SimpleApplicationEventMulticaster.invokeListener(SimpleApplicationEventMulticaster.java:167) ~[spring-context-4.3.6.RELEASE.jar:4.3.6.RELEASE]
	at org.springframework.context.event.SimpleApplicationEventMulticaster.multicastEvent(SimpleApplicationEventMulticaster.java:139) ~[spring-context-4.3.6.RELEASE.jar:4.3.6.RELEASE]
	at org.springframework.context.support.AbstractApplicationContext.publishEvent(AbstractApplicationContext.java:383) ~[spring-context-4.3.6.RELEASE.jar:4.3.6.RELEASE]
	at org.springframework.context.support.AbstractApplicationContext.publishEvent(AbstractApplicationContext.java:337) ~[spring-context-4.3.6.RELEASE.jar:4.3.6.RELEASE]
	at org.springframework.context.support.AbstractApplicationContext.finishRefresh(AbstractApplicationContext.java:882) ~[spring-context-4.3.6.RELEASE.jar:4.3.6.RELEASE]
	at org.springframework.context.support.AbstractApplicationContext.refresh(AbstractApplicationContext.java:545) ~[spring-context-4.3.6.RELEASE.jar:4.3.6.RELEASE]
	at org.springframework.boot.SpringApplication.refresh(SpringApplication.java:737) ~[spring-boot-1.5.1.RELEASE.jar:1.5.1.RELEASE]
	at org.springframework.boot.SpringApplication.refreshContext(SpringApplication.java:370) ~[spring-boot-1.5.1.RELEASE.jar:1.5.1.RELEASE]
	at org.springframework.boot.SpringApplication.run(SpringApplication.java:314) ~[spring-boot-1.5.1.RELEASE.jar:1.5.1.RELEASE]
	at org.springframework.boot.test.context.SpringBootContextLoader.loadContext(SpringBootContextLoader.java:120) ~[spring-boot-test-1.5.1.RELEASE.jar:1.5.1.RELEASE]
	at org.springframework.test.context.cache.DefaultCacheAwareContextLoaderDelegate.loadContextInternal(DefaultCacheAwareContextLoaderDelegate.java:98) ~[spring-test-4.3.6.RELEASE.jar:4.3.6.RELEASE]
	at org.springframework.test.context.cache.DefaultCacheAwareContextLoaderDelegate.loadContext(DefaultCacheAwareContextLoaderDelegate.java:116) ~[spring-test-4.3.6.RELEASE.jar:4.3.6.RELEASE]
	at org.springframework.test.context.support.DefaultTestContext.getApplicationContext(DefaultTestContext.java:83) ~[spring-test-4.3.6.RELEASE.jar:4.3.6.RELEASE]
	at org.springframework.test.context.web.ServletTestExecutionListener.setUpRequestContextIfNecessary(ServletTestExecutionListener.java:189) ~[spring-test-4.3.6.RELEASE.jar:4.3.6.RELEASE]
	at org.springframework.test.context.web.ServletTestExecutionListener.prepareTestInstance(ServletTestExecutionListener.java:131) ~[spring-test-4.3.6.RELEASE.jar:4.3.6.RELEASE]
	at org.springframework.test.context.TestContextManager.prepareTestInstance(TestContextManager.java:230) ~[spring-test-4.3.6.RELEASE.jar:4.3.6.RELEASE]
	at org.springframework.test.context.junit4.SpringJUnit4ClassRunner.createTest(SpringJUnit4ClassRunner.java:228) [spring-test-4.3.6.RELEASE.jar:4.3.6.RELEASE]
	at org.springframework.test.context.junit4.SpringJUnit4ClassRunner$1.runReflectiveCall(SpringJUnit4ClassRunner.java:287) [spring-test-4.3.6.RELEASE.jar:4.3.6.RELEASE]
	at org.junit.internal.runners.model.ReflectiveCallable.run(ReflectiveCallable.java:12) [junit-4.12.jar:4.12]
	at org.springframework.test.context.junit4.SpringJUnit4ClassRunner.methodBlock(SpringJUnit4ClassRunner.java:289) [spring-test-4.3.6.RELEASE.jar:4.3.6.RELEASE]
	at org.springframework.test.context.junit4.SpringJUnit4ClassRunner.runChild(SpringJUnit4ClassRunner.java:247) [spring-test-4.3.6.RELEASE.jar:4.3.6.RELEASE]
	at org.springframework.test.context.junit4.SpringJUnit4ClassRunner.runChild(SpringJUnit4ClassRunner.java:94) [spring-test-4.3.6.RELEASE.jar:4.3.6.RELEASE]
	at org.junit.runners.ParentRunner$3.run(ParentRunner.java:290) [junit-4.12.jar:4.12]
	at org.junit.runners.ParentRunner$1.schedule(ParentRunner.java:71) [junit-4.12.jar:4.12]
	at org.junit.runners.ParentRunner.runChildren(ParentRunner.java:288) [junit-4.12.jar:4.12]
	at org.junit.runners.ParentRunner.access$000(ParentRunner.java:58) [junit-4.12.jar:4.12]
	at org.junit.runners.ParentRunner$2.evaluate(ParentRunner.java:268) [junit-4.12.jar:4.12]
	at org.springframework.test.context.junit4.statements.RunBeforeTestClassCallbacks.evaluate(RunBeforeTestClassCallbacks.java:61) [spring-test-4.3.6.RELEASE.jar:4.3.6.RELEASE]
	at org.springframework.test.context.junit4.statements.RunAfterTestClassCallbacks.evaluate(RunAfterTestClassCallbacks.java:70) [spring-test-4.3.6.RELEASE.jar:4.3.6.RELEASE]
	at org.junit.runners.ParentRunner.run(ParentRunner.java:363) [junit-4.12.jar:4.12]
	at org.springframework.test.context.junit4.SpringJUnit4ClassRunner.run(SpringJUnit4ClassRunner.java:191) [spring-test-4.3.6.RELEASE.jar:4.3.6.RELEASE]
	at org.apache.maven.surefire.junit4.JUnit4Provider.execute(JUnit4Provider.java:283) [surefire-junit4-2.18.1.jar:2.18.1]
	at org.apache.maven.surefire.junit4.JUnit4Provider.executeWithRerun(JUnit4Provider.java:173) [surefire-junit4-2.18.1.jar:2.18.1]
	at org.apache.maven.surefire.junit4.JUnit4Provider.executeTestSet(JUnit4Provider.java:153) [surefire-junit4-2.18.1.jar:2.18.1]
	at org.apache.maven.surefire.junit4.JUnit4Provider.invoke(JUnit4Provider.java:128) [surefire-junit4-2.18.1.jar:2.18.1]
	at org.apache.maven.surefire.booter.ForkedBooter.invokeProviderInSameClassLoader(ForkedBooter.java:203) [surefire-booter-2.18.1.jar:2.18.1]
	at org.apache.maven.surefire.booter.ForkedBooter.runSuitesInProcess(ForkedBooter.java:155) [surefire-booter-2.18.1.jar:2.18.1]
	at org.apache.maven.surefire.booter.ForkedBooter.main(ForkedBooter.java:103) [surefire-booter-2.18.1.jar:2.18.1]

]]></system-out>
  </testcase>
  <testcase name="testUpdateQr" classname="com.chahoo.u4d.api.buildInfo.BuildInfoControllerTest" time="0">
    <error message="com.fasterxml.classmate.TypeBindings.withAdditionalBinding(Ljava/lang/String;Lcom/fasterxml/classmate/ResolvedType;)Lcom/fasterxml/classmate/TypeBindings;" type="java.lang.NoSuchMethodError">java.lang.NoSuchMethodError: com.fasterxml.classmate.TypeBindings.withAdditionalBinding(Ljava/lang/String;Lcom/fasterxml/classmate/ResolvedType;)Lcom/fasterxml/classmate/TypeBindings;
	at springfox.documentation.schema.WildcardType.adjustedTypeBindings(WildcardType.java:137)
	at springfox.documentation.schema.WildcardType.breadthFirstSearch(WildcardType.java:117)
	at springfox.documentation.schema.WildcardType.collectReplaceables(WildcardType.java:74)
	at springfox.documentation.schema.AlternateTypeRule.alternateFor(AlternateTypeRule.java:50)
	at springfox.documentation.spi.schema.AlternateTypeProvider.alternateFor(AlternateTypeProvider.java:44)
	at springfox.documentation.spi.service.contexts.RequestMappingContext.alternateFor(RequestMappingContext.java:118)
	at springfox.documentation.spring.web.readers.operation.OperationModelsProvider.collectFromReturnType(OperationModelsProvider.java:70)
	at springfox.documentation.spring.web.readers.operation.OperationModelsProvider.apply(OperationModelsProvider.java:59)
	at springfox.documentation.spring.web.plugins.DocumentationPluginsManager.modelContexts(DocumentationPluginsManager.java:129)
	at springfox.documentation.spring.web.scanners.ApiModelReader.read(ApiModelReader.java:62)
	at springfox.documentation.spring.web.scanners.ApiListingScanner.scan(ApiListingScanner.java:91)
	at springfox.documentation.spring.web.scanners.ApiDocumentationScanner.scan(ApiDocumentationScanner.java:62)
	at springfox.documentation.spring.web.plugins.DocumentationPluginsBootstrapper.scanDocumentation(DocumentationPluginsBootstrapper.java:101)
	at springfox.documentation.spring.web.plugins.DocumentationPluginsBootstrapper.onApplicationEvent(DocumentationPluginsBootstrapper.java:87)
	at springfox.documentation.spring.web.plugins.DocumentationPluginsBootstrapper.onApplicationEvent(DocumentationPluginsBootstrapper.java:50)
	at org.springframework.context.event.SimpleApplicationEventMulticaster.invokeListener(SimpleApplicationEventMulticaster.java:167)
	at org.springframework.context.event.SimpleApplicationEventMulticaster.multicastEvent(SimpleApplicationEventMulticaster.java:139)
	at org.springframework.context.support.AbstractApplicationContext.publishEvent(AbstractApplicationContext.java:383)
	at org.springframework.context.support.AbstractApplicationContext.publishEvent(AbstractApplicationContext.java:337)
	at org.springframework.context.support.AbstractApplicationContext.finishRefresh(AbstractApplicationContext.java:882)
	at org.springframework.context.support.AbstractApplicationContext.refresh(AbstractApplicationContext.java:545)
	at org.springframework.boot.SpringApplication.refresh(SpringApplication.java:737)
	at org.springframework.boot.SpringApplication.refreshContext(SpringApplication.java:370)
	at org.springframework.boot.SpringApplication.run(SpringApplication.java:314)
	at org.springframework.boot.test.context.SpringBootContextLoader.loadContext(SpringBootContextLoader.java:120)
	at org.springframework.test.context.cache.DefaultCacheAwareContextLoaderDelegate.loadContextInternal(DefaultCacheAwareContextLoaderDelegate.java:98)
	at org.springframework.test.context.cache.DefaultCacheAwareContextLoaderDelegate.loadContext(DefaultCacheAwareContextLoaderDelegate.java:116)
	at org.springframework.test.context.support.DefaultTestContext.getApplicationContext(DefaultTestContext.java:83)
	at org.springframework.test.context.web.ServletTestExecutionListener.setUpRequestContextIfNecessary(ServletTestExecutionListener.java:189)
	at org.springframework.test.context.web.ServletTestExecutionListener.prepareTestInstance(ServletTestExecutionListener.java:131)
	at org.springframework.test.context.TestContextManager.prepareTestInstance(TestContextManager.java:230)
	at org.springframework.test.context.junit4.SpringJUnit4ClassRunner.createTest(SpringJUnit4ClassRunner.java:228)
	at org.springframework.test.context.junit4.SpringJUnit4ClassRunner$1.runReflectiveCall(SpringJUnit4ClassRunner.java:287)
	at org.junit.internal.runners.model.ReflectiveCallable.run(ReflectiveCallable.java:12)
	at org.springframework.test.context.junit4.SpringJUnit4ClassRunner.methodBlock(SpringJUnit4ClassRunner.java:289)
	at org.springframework.test.context.junit4.SpringJUnit4ClassRunner.runChild(SpringJUnit4ClassRunner.java:247)
	at org.springframework.test.context.junit4.SpringJUnit4ClassRunner.runChild(SpringJUnit4ClassRunner.java:94)
	at org.junit.runners.ParentRunner$3.run(ParentRunner.java:290)
	at org.junit.runners.ParentRunner$1.schedule(ParentRunner.java:71)
	at org.junit.runners.ParentRunner.runChildren(ParentRunner.java:288)
	at org.junit.runners.ParentRunner.access$000(ParentRunner.java:58)
	at org.junit.runners.ParentRunner$2.evaluate(ParentRunner.java:268)
	at org.springframework.test.context.junit4.statements.RunBeforeTestClassCallbacks.evaluate(RunBeforeTestClassCallbacks.java:61)
	at org.springframework.test.context.junit4.statements.RunAfterTestClassCallbacks.evaluate(RunAfterTestClassCallbacks.java:70)
	at org.junit.runners.ParentRunner.run(ParentRunner.java:363)
	at org.springframework.test.context.junit4.SpringJUnit4ClassRunner.run(SpringJUnit4ClassRunner.java:191)
	at org.apache.maven.surefire.junit4.JUnit4Provider.execute(JUnit4Provider.java:283)
	at org.apache.maven.surefire.junit4.JUnit4Provider.executeWithRerun(JUnit4Provider.java:173)
	at org.apache.maven.surefire.junit4.JUnit4Provider.executeTestSet(JUnit4Provider.java:153)
	at org.apache.maven.surefire.junit4.JUnit4Provider.invoke(JUnit4Provider.java:128)
	at org.apache.maven.surefire.booter.ForkedBooter.invokeProviderInSameClassLoader(ForkedBooter.java:203)
	at org.apache.maven.surefire.booter.ForkedBooter.runSuitesInProcess(ForkedBooter.java:155)
	at org.apache.maven.surefire.booter.ForkedBooter.main(ForkedBooter.java:103)
</error>
    <system-out><![CDATA[__/\\\________/\\\______________________/\\\_______________/\\\\\\\\\\\\____
 _\/\\\_______\/\\\____________________/\\\\\______________\/\\\////////\\\__
  _\/\\\_______\/\\\__________________/\\\/\\\______________\/\\\______\//\\\_
   _\/\\\_______\/\\\________________/\\\/\/\\\______________\/\\\_______\/\\\_
    _\/\\\_______\/\\\______________/\\\/__\/\\\______________\/\\\_______\/\\\_
     _\/\\\_______\/\\\____________/\\\\\\\\\\\\\\\\___________\/\\\_______\/\\\_
      _\//\\\______/\\\____________\///////////\\\//____________\/\\\_______/\\\__
       __\///\\\\\\\\\/_______________________\/\\\______________\/\\\\\\\\\\\\/___
        ____\/////////_________________________\///_______________\////////////_____


????         ???????    ???  ???     ??????     ???  ???     ???????      ???????         ????
????        ????????    ???  ???    ????????    ???  ???    ?????????    ?????????        ????
???         ???         ????????    ????????    ????????    ???   ???    ???   ???         ???
???         ???         ????????    ????????    ????????    ???   ???    ???   ???         ???
????        ????????    ???  ???    ???  ???    ???  ???    ?????????    ?????????        ????
????         ???????    ???  ???    ???  ???    ???  ???     ???????      ???????         ????



2017-02-22 09:14:30.741  INFO 69668 --- [           main] c.c.u.a.b.BuildInfoControllerTest        : Starting BuildInfoControllerTest on LAPTOP-DP780HI6 with PID 69668 (started by jjryu in D:\workspace_sts\Line)
2017-02-22 09:14:30.742  INFO 69668 --- [           main] c.c.u.a.b.BuildInfoControllerTest        : No active profile set, falling back to default profiles: default
2017-02-22 09:14:30.743  INFO 69668 --- [           main] o.s.w.c.s.GenericWebApplicationContext   : Refreshing org.springframework.web.context.support.GenericWebApplicationContext@247357e4: startup date [Wed Feb 22 09:14:30 GMT+09:00 2017]; root of context hierarchy
2017-02-22 09:14:31.304  INFO 69668 --- [           main] trationDelegate$BeanPostProcessorChecker : Bean 'org.springframework.boot.autoconfigure.validation.ValidationAutoConfiguration' of type [class org.springframework.boot.autoconfigure.validation.ValidationAutoConfiguration] is not eligible for getting processed by all BeanPostProcessors (for example: not eligible for auto-proxying)
2017-02-22 09:14:31.312  INFO 69668 --- [           main] trationDelegate$BeanPostProcessorChecker : Bean 'validator' of type [class org.springframework.validation.beanvalidation.LocalValidatorFactoryBean] is not eligible for getting processed by all BeanPostProcessors (for example: not eligible for auto-proxying)
2017-02-22 09:14:31.330  INFO 69668 --- [           main] trationDelegate$BeanPostProcessorChecker : Bean 'org.springframework.transaction.annotation.ProxyTransactionManagementConfiguration' of type [class org.springframework.transaction.annotation.ProxyTransactionManagementConfiguration$$EnhancerBySpringCGLIB$$eb70431a] is not eligible for getting processed by all BeanPostProcessors (for example: not eligible for auto-proxying)
2017-02-22 09:14:32.532  INFO 69668 --- [           main] j.LocalContainerEntityManagerFactoryBean : Building JPA container EntityManagerFactory for persistence unit 'default'
2017-02-22 09:14:32.532  INFO 69668 --- [           main] o.hibernate.jpa.internal.util.LogHelper  : HHH000204: Processing PersistenceUnitInfo [
	name: default
	...]
2017-02-22 09:14:32.539  INFO 69668 --- [           main] org.hibernate.dialect.Dialect            : HHH000400: Using dialect: org.hibernate.dialect.PostgreSQL82Dialect
2017-02-22 09:14:32.663  INFO 69668 --- [           main] o.h.e.j.e.i.LobCreatorBuilderImpl        : HHH000424: Disabling contextual LOB creation as createClob() method threw error : java.lang.reflect.InvocationTargetException
2017-02-22 09:14:32.663  INFO 69668 --- [           main] org.hibernate.type.BasicTypeRegistry     : HHH000270: Type registration [java.util.UUID] overrides previous : org.hibernate.type.UUIDBinaryType@2d258eff
2017-02-22 09:14:32.669  WARN 69668 --- [           main] org.hibernate.orm.deprecation            : HHH90000014: Found use of deprecated [org.hibernate.id.SequenceGenerator] sequence-based id generator; use org.hibernate.id.enhanced.SequenceStyleGenerator instead.  See Hibernate Domain Model Mapping Guide for details.
2017-02-22 09:14:32.701  INFO 69668 --- [           main] org.hibernate.tool.hbm2ddl.SchemaExport  : HHH000227: Running hbm2ddl schema export
Hibernate: drop table if exists account cascade
Hibernate: drop table if exists cnst cascade
Hibernate: drop table if exists obst cascade
Hibernate: drop table if exists prod cascade
Hibernate: drop table if exists prod_type cascade
Hibernate: drop table if exists qr cascade
Hibernate: drop table if exists qr_link cascade
Hibernate: drop sequence hibernate_sequence
2017-02-22 09:14:32.706 ERROR 69668 --- [           main] org.hibernate.tool.hbm2ddl.SchemaExport  : HHH000389: Unsuccessful: drop sequence hibernate_sequence
2017-02-22 09:14:32.706 ERROR 69668 --- [           main] org.hibernate.tool.hbm2ddl.SchemaExport  : ERROR: sequence "hibernate_sequence" does not exist
Hibernate: create sequence hibernate_sequence start 1 increment 1
Hibernate: create table account (id int8 not null, create_date timestamp, create_login_id varchar(255), login_id varchar(255) not null, password varchar(255) not null, update_date timestamp, update_login_id varchar(255), user_name varchar(255) not null, primary key (id))
Hibernate: create table cnst (cnst_serno int8 not null, area_serno int8, cnst_goal varchar(255), cnst_nm varchar(255), cnst_pos varchar(255), descr varchar(255), fday date, plan_fday date, plan_tday date, pro_stts varchar(255), reg_date date, reg_user_serno int8, tday date, updt_date date, updt_user_serno int8, use_yn char(1), primary key (cnst_serno))
Hibernate: create table obst (obst_code varchar(255) not null, descr varchar(255), legend_color varchar(255), obst_nm varchar(255), oder int8, reg_date date, reg_user_serno int8, updt_date date, updt_user_serno int8, upper_obst_code varchar(255), use_yn char(1), primary key (obst_code))
Hibernate: create table prod (prod_serno int8 not null, descr varchar(255), man_com_nm varchar(255), mdl_code varchar(255), model_serno int8, mtrl varchar(255), obst_code varchar(255), pipe_dia numeric(19, 2), pipe_dia_descr varchar(255), prod_nm varchar(255), prod_type_code varchar(255), reg_date date, reg_user_serno int8, updt_date date, updt_user_serno int8, use_yn char(1), primary key (prod_serno))
Hibernate: create table prod_type (prod_type_code varchar(255) not null, descr varchar(255), oder int8, prod_type_nm varchar(255), reg_date date, reg_user_serno int8, updt_date date, updt_user_serno int8, upper_prod_type_code varchar(255), use_yn char(1), primary key (prod_type_code))
Hibernate: create table qr (qr_serno int8 not null, area_serno int8, as_tgt_yn char(1), builder_nm varchar(255), buld_date date, buld_yn char(1), cnst_serno int8, descr varchar(255), desg_qr_yn char(1), ins_depth numeric(19, 2), ins_height numeric(19, 2), ins_latu numeric(19, 2), ins_lgtu numeric(19, 2), ins_tm_x numeric(19, 2), ins_tm_y numeric(19, 2), model_info_yn char(1), ofs_x numeric(19, 2), ofs_y numeric(19, 2), ofs_z numeric(19, 2), prod_serno int8 not null, qr_code varchar(255), reg_date date, reg_user_serno int8, rot_x numeric(19, 2), rot_y numeric(19, 2), rot_z numeric(19, 2), scale numeric(19, 2), scale_x numeric(19, 2), scale_y numeric(19, 2), scale_z numeric(19, 2), skin numeric(19, 2), surpnt_mth_code varchar(255), surpnt_no varchar(255), survey_yn char(1), updt_date date, updt_user_serno int8, updt_yn char(1), use_yn char(1), primary key (qr_serno))
Hibernate: create table qr_link (link_serno int8 not null, cnst_serno int8 not null, descr varchar(255), desg_qr_yn char(1), from_qr_serno int8 not null, pipe_length numeric(19, 2), pipeline_serno int8, reg_date date, reg_user_serno int8, survey_yn char(1), to_qr_serno int8 not null, updt_date date, updt_user_serno int8, use_yn char(1), primary key (link_serno))
Hibernate: alter table account add constraint UK_tqpuaqxalcaeddpc0m6mcxobg unique (login_id)
2017-02-22 09:14:32.873  INFO 69668 --- [           main] org.hibernate.tool.hbm2ddl.SchemaExport  : HHH000230: Schema export complete
2017-02-22 09:14:32.876  INFO 69668 --- [           main] j.LocalContainerEntityManagerFactoryBean : Initialized JPA EntityManagerFactory for persistence unit 'default'
2017-02-22 09:14:33.248  INFO 69668 --- [           main] s.w.s.m.m.a.RequestMappingHandlerMapping : Mapped "{[/api/buildInfo/qrs/{qrSerno}],methods=[DELETE]}" onto public org.springframework.http.ResponseEntity com.chahoo.u4d.api.buildInfo.BuildInfoController.deleteQr(com.chahoo.u4d.entity.Qr) throws java.lang.Exception
2017-02-22 09:14:33.249  INFO 69668 --- [           main] s.w.s.m.m.a.RequestMappingHandlerMapping : Mapped "{[/api/buildInfo/qrs/{qrSerno}],methods=[GET]}" onto public org.springframework.http.ResponseEntity com.chahoo.u4d.api.buildInfo.BuildInfoController.getQr(java.lang.String)
2017-02-22 09:14:33.249  INFO 69668 --- [           main] s.w.s.m.m.a.RequestMappingHandlerMapping : Mapped "{[/api/buildInfo/qrs],methods=[GET]}" onto public org.springframework.http.ResponseEntity com.chahoo.u4d.api.buildInfo.BuildInfoController.getQrList(java.util.Map<java.lang.String, java.lang.String>,org.springframework.data.domain.Pageable)
2017-02-22 09:14:33.249  INFO 69668 --- [           main] s.w.s.m.m.a.RequestMappingHandlerMapping : Mapped "{[/api/buildInfo/qrs/{qrSerno}],methods=[PUT]}" onto public org.springframework.http.ResponseEntity com.chahoo.u4d.api.buildInfo.BuildInfoController.updateQr(com.chahoo.u4d.entity.Qr)
2017-02-22 09:14:33.249  INFO 69668 --- [           main] s.w.s.m.m.a.RequestMappingHandlerMapping : Mapped "{[/api/buildInfo/qrs],methods=[POST]}" onto public org.springframework.http.ResponseEntity com.chahoo.u4d.api.buildInfo.BuildInfoController.createQr(com.chahoo.u4d.entity.Qr)
2017-02-22 09:14:33.249  INFO 69668 --- [           main] s.w.s.m.m.a.RequestMappingHandlerMapping : Mapped "{[/v2/api-docs],methods=[GET]}" onto public org.springframework.http.ResponseEntity<springfox.documentation.spring.web.json.Json> springfox.documentation.swagger2.web.Swagger2Controller.getDocumentation(java.lang.String)
2017-02-22 09:14:33.250  INFO 69668 --- [           main] s.w.s.m.m.a.RequestMappingHandlerMapping : Mapped "{[/configuration/security]}" onto org.springframework.http.ResponseEntity<springfox.documentation.swagger.web.SecurityConfiguration> springfox.documentation.swagger.web.ApiResourceController.securityConfiguration()
2017-02-22 09:14:33.250  INFO 69668 --- [           main] s.w.s.m.m.a.RequestMappingHandlerMapping : Mapped "{[/configuration/ui]}" onto org.springframework.http.ResponseEntity<springfox.documentation.swagger.web.UiConfiguration> springfox.documentation.swagger.web.ApiResourceController.uiConfiguration()
2017-02-22 09:14:33.250  INFO 69668 --- [           main] s.w.s.m.m.a.RequestMappingHandlerMapping : Mapped "{[/swagger-resources]}" onto org.springframework.http.ResponseEntity<java.util.List<springfox.documentation.swagger.web.SwaggerResource>> springfox.documentation.swagger.web.ApiResourceController.swaggerResources()
2017-02-22 09:14:33.251  INFO 69668 --- [           main] s.w.s.m.m.a.RequestMappingHandlerMapping : Mapped "{[/error]}" onto public org.springframework.http.ResponseEntity<java.util.Map<java.lang.String, java.lang.Object>> org.springframework.boot.autoconfigure.web.BasicErrorController.error(javax.servlet.http.HttpServletRequest)
2017-02-22 09:14:33.251  INFO 69668 --- [           main] s.w.s.m.m.a.RequestMappingHandlerMapping : Mapped "{[/error],produces=[text/html]}" onto public org.springframework.web.servlet.ModelAndView org.springframework.boot.autoconfigure.web.BasicErrorController.errorHtml(javax.servlet.http.HttpServletRequest,javax.servlet.http.HttpServletResponse)
2017-02-22 09:14:33.411  INFO 69668 --- [           main] s.w.s.m.m.a.RequestMappingHandlerAdapter : Looking for @ControllerAdvice: org.springframework.web.context.support.GenericWebApplicationContext@247357e4: startup date [Wed Feb 22 09:14:30 GMT+09:00 2017]; root of context hierarchy
2017-02-22 09:14:33.431  INFO 69668 --- [           main] o.s.w.s.handler.SimpleUrlHandlerMapping  : Mapped URL path [/webjars/**] onto handler of type [class org.springframework.web.servlet.resource.ResourceHttpRequestHandler]
2017-02-22 09:14:33.431  INFO 69668 --- [           main] o.s.w.s.handler.SimpleUrlHandlerMapping  : Mapped URL path [/**] onto handler of type [class org.springframework.web.servlet.resource.ResourceHttpRequestHandler]
2017-02-22 09:14:33.455  INFO 69668 --- [           main] o.s.w.s.handler.SimpleUrlHandlerMapping  : Mapped URL path [/**/favicon.ico] onto handler of type [class org.springframework.web.servlet.resource.ResourceHttpRequestHandler]
2017-02-22 09:14:33.468  INFO 69668 --- [           main] oConfiguration$WelcomePageHandlerMapping : Adding welcome page: ServletContext resource [/index.html]
2017-02-22 09:14:33.751  INFO 69668 --- [           main] o.s.s.web.DefaultSecurityFilterChain     : Creating filter chain: OrRequestMatcher [requestMatchers=[Ant [pattern='/css/**'], Ant [pattern='/js/**'], Ant [pattern='/images/**'], Ant [pattern='/webjars/**'], Ant [pattern='/**/favicon.ico'], Ant [pattern='/error']]], []
2017-02-22 09:14:33.785  INFO 69668 --- [           main] o.s.s.web.DefaultSecurityFilterChain     : Creating filter chain: org.springframework.security.web.util.matcher.AnyRequestMatcher@1, [org.springframework.security.web.context.request.async.WebAsyncManagerIntegrationFilter@7b811f09, org.springframework.security.web.context.SecurityContextPersistenceFilter@302d88d8, org.springframework.security.web.header.HeaderWriterFilter@2f951b24, org.springframework.security.web.authentication.logout.LogoutFilter@3e009dca, org.springframework.security.web.savedrequest.RequestCacheAwareFilter@66277dde, org.springframework.security.web.servletapi.SecurityContextHolderAwareRequestFilter@616c1605, org.springframework.security.web.authentication.AnonymousAuthenticationFilter@3513c8bd, org.springframework.security.web.session.SessionManagementFilter@53919446, org.springframework.security.web.access.ExceptionTranslationFilter@5ca15fbc, org.springframework.security.web.access.intercept.FilterSecurityInterceptor@5b8ea2fe]
2017-02-22 09:14:33.794  INFO 69668 --- [           main] o.s.s.web.DefaultSecurityFilterChain     : Creating filter chain: OrRequestMatcher [requestMatchers=[Ant [pattern='/**']]], [org.springframework.security.web.context.request.async.WebAsyncManagerIntegrationFilter@5774c2dd, org.springframework.security.web.context.SecurityContextPersistenceFilter@7ec8e029, org.springframework.security.web.header.HeaderWriterFilter@46866f25, org.springframework.security.web.authentication.logout.LogoutFilter@1e0c6282, org.springframework.security.web.authentication.www.BasicAuthenticationFilter@277c10c2, org.springframework.security.web.savedrequest.RequestCacheAwareFilter@554b5c15, org.springframework.security.web.servletapi.SecurityContextHolderAwareRequestFilter@20c1fede, org.springframework.security.web.authentication.AnonymousAuthenticationFilter@5388effb, org.springframework.security.web.session.SessionManagementFilter@6aea833f, org.springframework.security.web.access.ExceptionTranslationFilter@10777bee, org.springframework.security.web.access.intercept.FilterSecurityInterceptor@3d18e899]
2017-02-22 09:14:33.891  INFO 69668 --- [           main] d.s.w.p.DocumentationPluginsBootstrapper : Context refreshed
2017-02-22 09:14:33.892  INFO 69668 --- [           main] d.s.w.p.DocumentationPluginsBootstrapper : Found {0} custom documentation plugin(s)
2017-02-22 09:14:33.894  INFO 69668 --- [           main] s.d.s.w.s.ApiListingReferenceScanner     : Scanning for api listing references
2017-02-22 09:14:33.894  INFO 69668 --- [           main] s.w.ClassOrApiAnnotationResourceGrouping : Group for method deleteQr was build-info-controller
2017-02-22 09:14:33.894  INFO 69668 --- [           main] s.d.s.w.s.ApiListingReferenceScanner     : Request mapping: deleteQr belongs to groups: [[ResourceGroup{groupName='build-info-controller', position=0, controller=com.chahoo.u4d.api.buildInfo.BuildInfoController}]] 
2017-02-22 09:14:33.894  INFO 69668 --- [           main] s.w.ClassOrApiAnnotationResourceGrouping : Group for method getQr was build-info-controller
2017-02-22 09:14:33.894  INFO 69668 --- [           main] s.d.s.w.s.ApiListingReferenceScanner     : Request mapping: getQr belongs to groups: [[ResourceGroup{groupName='build-info-controller', position=0, controller=com.chahoo.u4d.api.buildInfo.BuildInfoController}]] 
2017-02-22 09:14:33.894  INFO 69668 --- [           main] s.w.ClassOrApiAnnotationResourceGrouping : Group for method updateQr was build-info-controller
2017-02-22 09:14:33.894  INFO 69668 --- [           main] s.d.s.w.s.ApiListingReferenceScanner     : Request mapping: updateQr belongs to groups: [[ResourceGroup{groupName='build-info-controller', position=0, controller=com.chahoo.u4d.api.buildInfo.BuildInfoController}]] 
2017-02-22 09:14:33.895  INFO 69668 --- [           main] s.w.ClassOrApiAnnotationResourceGrouping : Group for method getQrList was build-info-controller
2017-02-22 09:14:33.895  INFO 69668 --- [           main] s.d.s.w.s.ApiListingReferenceScanner     : Request mapping: getQrList belongs to groups: [[ResourceGroup{groupName='build-info-controller', position=0, controller=com.chahoo.u4d.api.buildInfo.BuildInfoController}]] 
2017-02-22 09:14:33.895  INFO 69668 --- [           main] s.w.ClassOrApiAnnotationResourceGrouping : Group for method createQr was build-info-controller
2017-02-22 09:14:33.895  INFO 69668 --- [           main] s.d.s.w.s.ApiListingReferenceScanner     : Request mapping: createQr belongs to groups: [[ResourceGroup{groupName='build-info-controller', position=0, controller=com.chahoo.u4d.api.buildInfo.BuildInfoController}]] 
2017-02-22 09:14:33.895  INFO 69668 --- [           main] s.d.s.w.s.ApiListingReferenceScanner     : Created resource listing Path: /default/build-info-controller Description: build-info-controller Position: 0
2017-02-22 09:14:33.897  INFO 69668 --- [           main] utoConfigurationReportLoggingInitializer : 

Error starting ApplicationContext. To display the auto-configuration report re-run your application with 'debug' enabled.
2017-02-22 09:14:33.900 ERROR 69668 --- [           main] o.s.boot.SpringApplication               : Application startup failed

java.lang.NoSuchMethodError: com.fasterxml.classmate.TypeBindings.withAdditionalBinding(Ljava/lang/String;Lcom/fasterxml/classmate/ResolvedType;)Lcom/fasterxml/classmate/TypeBindings;
	at springfox.documentation.schema.WildcardType.adjustedTypeBindings(WildcardType.java:137) ~[springfox-core-2.2.2.jar:2.2.2]
	at springfox.documentation.schema.WildcardType.breadthFirstSearch(WildcardType.java:117) ~[springfox-core-2.2.2.jar:2.2.2]
	at springfox.documentation.schema.WildcardType.collectReplaceables(WildcardType.java:74) ~[springfox-core-2.2.2.jar:2.2.2]
	at springfox.documentation.schema.AlternateTypeRule.alternateFor(AlternateTypeRule.java:50) ~[springfox-core-2.2.2.jar:2.2.2]
	at springfox.documentation.spi.schema.AlternateTypeProvider.alternateFor(AlternateTypeProvider.java:44) ~[springfox-spi-2.2.2.jar:2.2.2]
	at springfox.documentation.spi.service.contexts.RequestMappingContext.alternateFor(RequestMappingContext.java:118) ~[springfox-spi-2.2.2.jar:2.2.2]
	at springfox.documentation.spring.web.readers.operation.OperationModelsProvider.collectFromReturnType(OperationModelsProvider.java:70) ~[springfox-spring-web-2.2.2.jar:2.2.2]
	at springfox.documentation.spring.web.readers.operation.OperationModelsProvider.apply(OperationModelsProvider.java:59) ~[springfox-spring-web-2.2.2.jar:2.2.2]
	at springfox.documentation.spring.web.plugins.DocumentationPluginsManager.modelContexts(DocumentationPluginsManager.java:129) ~[springfox-spring-web-2.2.2.jar:2.2.2]
	at springfox.documentation.spring.web.scanners.ApiModelReader.read(ApiModelReader.java:62) ~[springfox-spring-web-2.2.2.jar:2.2.2]
	at springfox.documentation.spring.web.scanners.ApiListingScanner.scan(ApiListingScanner.java:91) ~[springfox-spring-web-2.2.2.jar:2.2.2]
	at springfox.documentation.spring.web.scanners.ApiDocumentationScanner.scan(ApiDocumentationScanner.java:62) ~[springfox-spring-web-2.2.2.jar:2.2.2]
	at springfox.documentation.spring.web.plugins.DocumentationPluginsBootstrapper.scanDocumentation(DocumentationPluginsBootstrapper.java:101) ~[springfox-spring-web-2.2.2.jar:2.2.2]
	at springfox.documentation.spring.web.plugins.DocumentationPluginsBootstrapper.onApplicationEvent(DocumentationPluginsBootstrapper.java:87) ~[springfox-spring-web-2.2.2.jar:2.2.2]
	at springfox.documentation.spring.web.plugins.DocumentationPluginsBootstrapper.onApplicationEvent(DocumentationPluginsBootstrapper.java:50) ~[springfox-spring-web-2.2.2.jar:2.2.2]
	at org.springframework.context.event.SimpleApplicationEventMulticaster.invokeListener(SimpleApplicationEventMulticaster.java:167) ~[spring-context-4.3.6.RELEASE.jar:4.3.6.RELEASE]
	at org.springframework.context.event.SimpleApplicationEventMulticaster.multicastEvent(SimpleApplicationEventMulticaster.java:139) ~[spring-context-4.3.6.RELEASE.jar:4.3.6.RELEASE]
	at org.springframework.context.support.AbstractApplicationContext.publishEvent(AbstractApplicationContext.java:383) ~[spring-context-4.3.6.RELEASE.jar:4.3.6.RELEASE]
	at org.springframework.context.support.AbstractApplicationContext.publishEvent(AbstractApplicationContext.java:337) ~[spring-context-4.3.6.RELEASE.jar:4.3.6.RELEASE]
	at org.springframework.context.support.AbstractApplicationContext.finishRefresh(AbstractApplicationContext.java:882) ~[spring-context-4.3.6.RELEASE.jar:4.3.6.RELEASE]
	at org.springframework.context.support.AbstractApplicationContext.refresh(AbstractApplicationContext.java:545) ~[spring-context-4.3.6.RELEASE.jar:4.3.6.RELEASE]
	at org.springframework.boot.SpringApplication.refresh(SpringApplication.java:737) ~[spring-boot-1.5.1.RELEASE.jar:1.5.1.RELEASE]
	at org.springframework.boot.SpringApplication.refreshContext(SpringApplication.java:370) ~[spring-boot-1.5.1.RELEASE.jar:1.5.1.RELEASE]
	at org.springframework.boot.SpringApplication.run(SpringApplication.java:314) ~[spring-boot-1.5.1.RELEASE.jar:1.5.1.RELEASE]
	at org.springframework.boot.test.context.SpringBootContextLoader.loadContext(SpringBootContextLoader.java:120) [spring-boot-test-1.5.1.RELEASE.jar:1.5.1.RELEASE]
	at org.springframework.test.context.cache.DefaultCacheAwareContextLoaderDelegate.loadContextInternal(DefaultCacheAwareContextLoaderDelegate.java:98) [spring-test-4.3.6.RELEASE.jar:4.3.6.RELEASE]
	at org.springframework.test.context.cache.DefaultCacheAwareContextLoaderDelegate.loadContext(DefaultCacheAwareContextLoaderDelegate.java:116) [spring-test-4.3.6.RELEASE.jar:4.3.6.RELEASE]
	at org.springframework.test.context.support.DefaultTestContext.getApplicationContext(DefaultTestContext.java:83) [spring-test-4.3.6.RELEASE.jar:4.3.6.RELEASE]
	at org.springframework.test.context.web.ServletTestExecutionListener.setUpRequestContextIfNecessary(ServletTestExecutionListener.java:189) [spring-test-4.3.6.RELEASE.jar:4.3.6.RELEASE]
	at org.springframework.test.context.web.ServletTestExecutionListener.prepareTestInstance(ServletTestExecutionListener.java:131) [spring-test-4.3.6.RELEASE.jar:4.3.6.RELEASE]
	at org.springframework.test.context.TestContextManager.prepareTestInstance(TestContextManager.java:230) [spring-test-4.3.6.RELEASE.jar:4.3.6.RELEASE]
	at org.springframework.test.context.junit4.SpringJUnit4ClassRunner.createTest(SpringJUnit4ClassRunner.java:228) [spring-test-4.3.6.RELEASE.jar:4.3.6.RELEASE]
	at org.springframework.test.context.junit4.SpringJUnit4ClassRunner$1.runReflectiveCall(SpringJUnit4ClassRunner.java:287) [spring-test-4.3.6.RELEASE.jar:4.3.6.RELEASE]
	at org.junit.internal.runners.model.ReflectiveCallable.run(ReflectiveCallable.java:12) [junit-4.12.jar:4.12]
	at org.springframework.test.context.junit4.SpringJUnit4ClassRunner.methodBlock(SpringJUnit4ClassRunner.java:289) [spring-test-4.3.6.RELEASE.jar:4.3.6.RELEASE]
	at org.springframework.test.context.junit4.SpringJUnit4ClassRunner.runChild(SpringJUnit4ClassRunner.java:247) [spring-test-4.3.6.RELEASE.jar:4.3.6.RELEASE]
	at org.springframework.test.context.junit4.SpringJUnit4ClassRunner.runChild(SpringJUnit4ClassRunner.java:94) [spring-test-4.3.6.RELEASE.jar:4.3.6.RELEASE]
	at org.junit.runners.ParentRunner$3.run(ParentRunner.java:290) [junit-4.12.jar:4.12]
	at org.junit.runners.ParentRunner$1.schedule(ParentRunner.java:71) [junit-4.12.jar:4.12]
	at org.junit.runners.ParentRunner.runChildren(ParentRunner.java:288) [junit-4.12.jar:4.12]
	at org.junit.runners.ParentRunner.access$000(ParentRunner.java:58) [junit-4.12.jar:4.12]
	at org.junit.runners.ParentRunner$2.evaluate(ParentRunner.java:268) [junit-4.12.jar:4.12]
	at org.springframework.test.context.junit4.statements.RunBeforeTestClassCallbacks.evaluate(RunBeforeTestClassCallbacks.java:61) [spring-test-4.3.6.RELEASE.jar:4.3.6.RELEASE]
	at org.springframework.test.context.junit4.statements.RunAfterTestClassCallbacks.evaluate(RunAfterTestClassCallbacks.java:70) [spring-test-4.3.6.RELEASE.jar:4.3.6.RELEASE]
	at org.junit.runners.ParentRunner.run(ParentRunner.java:363) [junit-4.12.jar:4.12]
	at org.springframework.test.context.junit4.SpringJUnit4ClassRunner.run(SpringJUnit4ClassRunner.java:191) [spring-test-4.3.6.RELEASE.jar:4.3.6.RELEASE]
	at org.apache.maven.surefire.junit4.JUnit4Provider.execute(JUnit4Provider.java:283) [surefire-junit4-2.18.1.jar:2.18.1]
	at org.apache.maven.surefire.junit4.JUnit4Provider.executeWithRerun(JUnit4Provider.java:173) [surefire-junit4-2.18.1.jar:2.18.1]
	at org.apache.maven.surefire.junit4.JUnit4Provider.executeTestSet(JUnit4Provider.java:153) [surefire-junit4-2.18.1.jar:2.18.1]
	at org.apache.maven.surefire.junit4.JUnit4Provider.invoke(JUnit4Provider.java:128) [surefire-junit4-2.18.1.jar:2.18.1]
	at org.apache.maven.surefire.booter.ForkedBooter.invokeProviderInSameClassLoader(ForkedBooter.java:203) [surefire-booter-2.18.1.jar:2.18.1]
	at org.apache.maven.surefire.booter.ForkedBooter.runSuitesInProcess(ForkedBooter.java:155) [surefire-booter-2.18.1.jar:2.18.1]
	at org.apache.maven.surefire.booter.ForkedBooter.main(ForkedBooter.java:103) [surefire-booter-2.18.1.jar:2.18.1]

2017-02-22 09:14:33.900  INFO 69668 --- [           main] o.s.w.c.s.GenericWebApplicationContext   : Closing org.springframework.web.context.support.GenericWebApplicationContext@247357e4: startup date [Wed Feb 22 09:14:30 GMT+09:00 2017]; root of context hierarchy
2017-02-22 09:14:33.902  INFO 69668 --- [           main] j.LocalContainerEntityManagerFactoryBean : Closing JPA EntityManagerFactory for persistence unit 'default'
2017-02-22 09:14:33.902  INFO 69668 --- [           main] org.hibernate.tool.hbm2ddl.SchemaExport  : HHH000227: Running hbm2ddl schema export
Hibernate: drop table if exists account cascade
Hibernate: drop table if exists cnst cascade
Hibernate: drop table if exists obst cascade
Hibernate: drop table if exists prod cascade
Hibernate: drop table if exists prod_type cascade
Hibernate: drop table if exists qr cascade
Hibernate: drop table if exists qr_link cascade
Hibernate: drop sequence hibernate_sequence
2017-02-22 09:14:33.958  INFO 69668 --- [           main] org.hibernate.tool.hbm2ddl.SchemaExport  : HHH000230: Schema export complete
2017-02-22 09:14:33.960 ERROR 69668 --- [           main] o.s.test.context.TestContextManager      : Caught exception while allowing TestExecutionListener [org.springframework.test.context.web.ServletTestExecutionListener@62fa4a88] to prepare test instance [com.chahoo.u4d.api.buildInfo.BuildInfoControllerTest@4facdca2]

java.lang.NoSuchMethodError: com.fasterxml.classmate.TypeBindings.withAdditionalBinding(Ljava/lang/String;Lcom/fasterxml/classmate/ResolvedType;)Lcom/fasterxml/classmate/TypeBindings;
	at springfox.documentation.schema.WildcardType.adjustedTypeBindings(WildcardType.java:137) ~[springfox-core-2.2.2.jar:2.2.2]
	at springfox.documentation.schema.WildcardType.breadthFirstSearch(WildcardType.java:117) ~[springfox-core-2.2.2.jar:2.2.2]
	at springfox.documentation.schema.WildcardType.collectReplaceables(WildcardType.java:74) ~[springfox-core-2.2.2.jar:2.2.2]
	at springfox.documentation.schema.AlternateTypeRule.alternateFor(AlternateTypeRule.java:50) ~[springfox-core-2.2.2.jar:2.2.2]
	at springfox.documentation.spi.schema.AlternateTypeProvider.alternateFor(AlternateTypeProvider.java:44) ~[springfox-spi-2.2.2.jar:2.2.2]
	at springfox.documentation.spi.service.contexts.RequestMappingContext.alternateFor(RequestMappingContext.java:118) ~[springfox-spi-2.2.2.jar:2.2.2]
	at springfox.documentation.spring.web.readers.operation.OperationModelsProvider.collectFromReturnType(OperationModelsProvider.java:70) ~[springfox-spring-web-2.2.2.jar:2.2.2]
	at springfox.documentation.spring.web.readers.operation.OperationModelsProvider.apply(OperationModelsProvider.java:59) ~[springfox-spring-web-2.2.2.jar:2.2.2]
	at springfox.documentation.spring.web.plugins.DocumentationPluginsManager.modelContexts(DocumentationPluginsManager.java:129) ~[springfox-spring-web-2.2.2.jar:2.2.2]
	at springfox.documentation.spring.web.scanners.ApiModelReader.read(ApiModelReader.java:62) ~[springfox-spring-web-2.2.2.jar:2.2.2]
	at springfox.documentation.spring.web.scanners.ApiListingScanner.scan(ApiListingScanner.java:91) ~[springfox-spring-web-2.2.2.jar:2.2.2]
	at springfox.documentation.spring.web.scanners.ApiDocumentationScanner.scan(ApiDocumentationScanner.java:62) ~[springfox-spring-web-2.2.2.jar:2.2.2]
	at springfox.documentation.spring.web.plugins.DocumentationPluginsBootstrapper.scanDocumentation(DocumentationPluginsBootstrapper.java:101) ~[springfox-spring-web-2.2.2.jar:2.2.2]
	at springfox.documentation.spring.web.plugins.DocumentationPluginsBootstrapper.onApplicationEvent(DocumentationPluginsBootstrapper.java:87) ~[springfox-spring-web-2.2.2.jar:2.2.2]
	at springfox.documentation.spring.web.plugins.DocumentationPluginsBootstrapper.onApplicationEvent(DocumentationPluginsBootstrapper.java:50) ~[springfox-spring-web-2.2.2.jar:2.2.2]
	at org.springframework.context.event.SimpleApplicationEventMulticaster.invokeListener(SimpleApplicationEventMulticaster.java:167) ~[spring-context-4.3.6.RELEASE.jar:4.3.6.RELEASE]
	at org.springframework.context.event.SimpleApplicationEventMulticaster.multicastEvent(SimpleApplicationEventMulticaster.java:139) ~[spring-context-4.3.6.RELEASE.jar:4.3.6.RELEASE]
	at org.springframework.context.support.AbstractApplicationContext.publishEvent(AbstractApplicationContext.java:383) ~[spring-context-4.3.6.RELEASE.jar:4.3.6.RELEASE]
	at org.springframework.context.support.AbstractApplicationContext.publishEvent(AbstractApplicationContext.java:337) ~[spring-context-4.3.6.RELEASE.jar:4.3.6.RELEASE]
	at org.springframework.context.support.AbstractApplicationContext.finishRefresh(AbstractApplicationContext.java:882) ~[spring-context-4.3.6.RELEASE.jar:4.3.6.RELEASE]
	at org.springframework.context.support.AbstractApplicationContext.refresh(AbstractApplicationContext.java:545) ~[spring-context-4.3.6.RELEASE.jar:4.3.6.RELEASE]
	at org.springframework.boot.SpringApplication.refresh(SpringApplication.java:737) ~[spring-boot-1.5.1.RELEASE.jar:1.5.1.RELEASE]
	at org.springframework.boot.SpringApplication.refreshContext(SpringApplication.java:370) ~[spring-boot-1.5.1.RELEASE.jar:1.5.1.RELEASE]
	at org.springframework.boot.SpringApplication.run(SpringApplication.java:314) ~[spring-boot-1.5.1.RELEASE.jar:1.5.1.RELEASE]
	at org.springframework.boot.test.context.SpringBootContextLoader.loadContext(SpringBootContextLoader.java:120) ~[spring-boot-test-1.5.1.RELEASE.jar:1.5.1.RELEASE]
	at org.springframework.test.context.cache.DefaultCacheAwareContextLoaderDelegate.loadContextInternal(DefaultCacheAwareContextLoaderDelegate.java:98) ~[spring-test-4.3.6.RELEASE.jar:4.3.6.RELEASE]
	at org.springframework.test.context.cache.DefaultCacheAwareContextLoaderDelegate.loadContext(DefaultCacheAwareContextLoaderDelegate.java:116) ~[spring-test-4.3.6.RELEASE.jar:4.3.6.RELEASE]
	at org.springframework.test.context.support.DefaultTestContext.getApplicationContext(DefaultTestContext.java:83) ~[spring-test-4.3.6.RELEASE.jar:4.3.6.RELEASE]
	at org.springframework.test.context.web.ServletTestExecutionListener.setUpRequestContextIfNecessary(ServletTestExecutionListener.java:189) ~[spring-test-4.3.6.RELEASE.jar:4.3.6.RELEASE]
	at org.springframework.test.context.web.ServletTestExecutionListener.prepareTestInstance(ServletTestExecutionListener.java:131) ~[spring-test-4.3.6.RELEASE.jar:4.3.6.RELEASE]
	at org.springframework.test.context.TestContextManager.prepareTestInstance(TestContextManager.java:230) ~[spring-test-4.3.6.RELEASE.jar:4.3.6.RELEASE]
	at org.springframework.test.context.junit4.SpringJUnit4ClassRunner.createTest(SpringJUnit4ClassRunner.java:228) [spring-test-4.3.6.RELEASE.jar:4.3.6.RELEASE]
	at org.springframework.test.context.junit4.SpringJUnit4ClassRunner$1.runReflectiveCall(SpringJUnit4ClassRunner.java:287) [spring-test-4.3.6.RELEASE.jar:4.3.6.RELEASE]
	at org.junit.internal.runners.model.ReflectiveCallable.run(ReflectiveCallable.java:12) [junit-4.12.jar:4.12]
	at org.springframework.test.context.junit4.SpringJUnit4ClassRunner.methodBlock(SpringJUnit4ClassRunner.java:289) [spring-test-4.3.6.RELEASE.jar:4.3.6.RELEASE]
	at org.springframework.test.context.junit4.SpringJUnit4ClassRunner.runChild(SpringJUnit4ClassRunner.java:247) [spring-test-4.3.6.RELEASE.jar:4.3.6.RELEASE]
	at org.springframework.test.context.junit4.SpringJUnit4ClassRunner.runChild(SpringJUnit4ClassRunner.java:94) [spring-test-4.3.6.RELEASE.jar:4.3.6.RELEASE]
	at org.junit.runners.ParentRunner$3.run(ParentRunner.java:290) [junit-4.12.jar:4.12]
	at org.junit.runners.ParentRunner$1.schedule(ParentRunner.java:71) [junit-4.12.jar:4.12]
	at org.junit.runners.ParentRunner.runChildren(ParentRunner.java:288) [junit-4.12.jar:4.12]
	at org.junit.runners.ParentRunner.access$000(ParentRunner.java:58) [junit-4.12.jar:4.12]
	at org.junit.runners.ParentRunner$2.evaluate(ParentRunner.java:268) [junit-4.12.jar:4.12]
	at org.springframework.test.context.junit4.statements.RunBeforeTestClassCallbacks.evaluate(RunBeforeTestClassCallbacks.java:61) [spring-test-4.3.6.RELEASE.jar:4.3.6.RELEASE]
	at org.springframework.test.context.junit4.statements.RunAfterTestClassCallbacks.evaluate(RunAfterTestClassCallbacks.java:70) [spring-test-4.3.6.RELEASE.jar:4.3.6.RELEASE]
	at org.junit.runners.ParentRunner.run(ParentRunner.java:363) [junit-4.12.jar:4.12]
	at org.springframework.test.context.junit4.SpringJUnit4ClassRunner.run(SpringJUnit4ClassRunner.java:191) [spring-test-4.3.6.RELEASE.jar:4.3.6.RELEASE]
	at org.apache.maven.surefire.junit4.JUnit4Provider.execute(JUnit4Provider.java:283) [surefire-junit4-2.18.1.jar:2.18.1]
	at org.apache.maven.surefire.junit4.JUnit4Provider.executeWithRerun(JUnit4Provider.java:173) [surefire-junit4-2.18.1.jar:2.18.1]
	at org.apache.maven.surefire.junit4.JUnit4Provider.executeTestSet(JUnit4Provider.java:153) [surefire-junit4-2.18.1.jar:2.18.1]
	at org.apache.maven.surefire.junit4.JUnit4Provider.invoke(JUnit4Provider.java:128) [surefire-junit4-2.18.1.jar:2.18.1]
	at org.apache.maven.surefire.booter.ForkedBooter.invokeProviderInSameClassLoader(ForkedBooter.java:203) [surefire-booter-2.18.1.jar:2.18.1]
	at org.apache.maven.surefire.booter.ForkedBooter.runSuitesInProcess(ForkedBooter.java:155) [surefire-booter-2.18.1.jar:2.18.1]
	at org.apache.maven.surefire.booter.ForkedBooter.main(ForkedBooter.java:103) [surefire-booter-2.18.1.jar:2.18.1]

]]></system-out>
  </testcase>
</testsuite>